{"meta": {"format": 3, "version": "7.13.4", "timestamp": "2026-03-08T22:03:29.224085", "branch_coverage": false, "show_contexts": false}, "files": {"src\\cryptotechnolog\\__init__.py": {"executed_lines": [5, 7, 8, 9, 12, 14], "summary": {"covered_lines": 6, "num_statements": 6, "percent_covered": 100.0, "percent_covered_display": "100", "missing_lines": 0, "excluded_lines": 0, "percent_statements_covered": 100.0, "percent_statements_covered_display": "100"}, "missing_lines": [], "excluded_lines": [], "functions": {"": {"executed_lines": [5, 7, 8, 9, 12, 14], "summary": {"covered_lines": 6, "num_statements": 6, "percent_covered": 100.0, "percent_covered_display": "100", "missing_lines": 0, "excluded_lines": 0, "percent_statements_covered": 100.0, "percent_statements_covered_display": "100"}, "missing_lines": [], "excluded_lines": [], "start_line": 1}}, "classes": {"": {"executed_lines": [5, 7, 8, 9, 12, 14], "summary": {"covered_lines": 6, "num_statements": 6, "percent_covered": 100.0, "percent_covered_display": "100", "missing_lines": 0, "excluded_lines": 0, "percent_statements_covered": 100.0, "percent_statements_covered_display": "100"}, "missing_lines": [], "excluded_lines": [], "start_line": 1}}}, "src\\cryptotechnolog\\analysis\\__init__.py": {"executed_lines": [], "summary": {"covered_lines": 0, "num_statements": 0, "percent_covered": 100.0, "percent_covered_display": "100", "missing_lines": 0, "excluded_lines": 0, "percent_statements_covered": 100.0, "percent_statements_covered_display": "100"}, "missing_lines": [], "excluded_lines": [], "functions": {"": {"executed_lines": [], "summary": {"covered_lines": 0, "num_statements": 0, "percent_covered": 100.0, "percent_covered_display": "100", "missing_lines": 0, "excluded_lines": 0, "percent_statements_covered": 100.0, "percent_statements_covered_display": "100"}, "missing_lines": [], "excluded_lines": [], "start_line": 1}}, "classes": {"": {"executed_lines": [], "summary": {"covered_lines": 0, "num_statements": 0, "percent_covered": 100.0, "percent_covered_display": "100", "missing_lines": 0, "excluded_lines": 0, "percent_statements_covered": 100.0, "percent_statements_covered_display": "100"}, "missing_lines": [], "excluded_lines": [], "start_line": 1}}}, "src\\cryptotechnolog\\backtest\\__init__.py": {"executed_lines": [4, 6, 13, 14, 16], "summary": {"covered_lines": 5, "num_statements": 5, "percent_covered": 100.0, "percent_covered_display": "100", "missing_lines": 0, "excluded_lines": 0, "percent_statements_covered": 100.0, "percent_statements_covered_display": "100"}, "missing_lines": [], "excluded_lines": [], "functions": {"": {"executed_lines": [4, 6, 13, 14, 16], "summary": {"covered_lines": 5, "num_statements": 5, "percent_covered": 100.0, "percent_covered_display": "100", "missing_lines": 0, "excluded_lines": 0, "percent_statements_covered": 100.0, "percent_statements_covered_display": "100"}, "missing_lines": [], "excluded_lines": [], "start_line": 1}}, "classes": {"": {"executed_lines": [4, 6, 13, 14, 16], "summary": {"covered_lines": 5, "num_statements": 5, "percent_covered": 100.0, "percent_covered_display": "100", "missing_lines": 0, "excluded_lines": 0, "percent_statements_covered": 100.0, "percent_statements_covered_display": "100"}, "missing_lines": [], "excluded_lines": [], "start_line": 1}}}, "src\\cryptotechnolog\\backtest\\events.py": {"executed_lines": [4, 5, 6, 7, 10, 13, 14, 15, 16, 17, 18, 21, 22, 30, 31, 32, 33, 34, 35, 36, 37, 38, 39, 41, 42, 44, 46, 47, 49, 51, 52, 53, 56, 57, 62, 63, 64, 65, 66, 67, 68, 69, 70, 71, 72, 74, 75, 76, 79, 80, 85, 86, 87, 88, 89, 90, 91, 92, 93, 94, 96, 97, 99, 101, 102, 103, 106, 107, 112, 113, 114, 115, 116, 117, 118, 119, 121, 122, 123, 126, 127, 132, 133, 134, 135, 136, 137, 139, 140, 141, 143, 144, 145], "summary": {"covered_lines": 93, "num_statements": 93, "percent_covered": 100.0, "percent_covered_display": "100", "missing_lines": 0, "excluded_lines": 0, "percent_statements_covered": 100.0, "percent_statements_covered_display": "100"}, "missing_lines": [], "excluded_lines": [], "functions": {"TickEvent.spread": {"executed_lines": [44], "summary": {"covered_lines": 1, "num_statements": 1, "percent_covered": 100.0, "percent_covered_display": "100", "missing_lines": 0, "excluded_lines": 0, "percent_statements_covered": 100.0, "percent_statements_covered_display": "100"}, "missing_lines": [], "excluded_lines": [], "start_line": 42}, "TickEvent.mid": {"executed_lines": [49], "summary": {"covered_lines": 1, "num_statements": 1, "percent_covered": 100.0, "percent_covered_display": "100", "missing_lines": 0, "excluded_lines": 0, "percent_statements_covered": 100.0, "percent_statements_covered_display": "100"}, "missing_lines": [], "excluded_lines": [], "start_line": 47}, "TickEvent.event_type": {"executed_lines": [53], "summary": {"covered_lines": 1, "num_statements": 1, "percent_covered": 100.0, "percent_covered_display": "100", "missing_lines": 0, "excluded_lines": 0, "percent_statements_covered": 100.0, "percent_statements_covered_display": "100"}, "missing_lines": [], "excluded_lines": [], "start_line": 52}, "OrderEvent.event_type": {"executed_lines": [76], "summary": {"covered_lines": 1, "num_statements": 1, "percent_covered": 100.0, "percent_covered_display": "100", "missing_lines": 0, "excluded_lines": 0, "percent_statements_covered": 100.0, "percent_statements_covered_display": "100"}, "missing_lines": [], "excluded_lines": [], "start_line": 75}, "TradeEvent.total_value": {"executed_lines": [99], "summary": {"covered_lines": 1, "num_statements": 1, "percent_covered": 100.0, "percent_covered_display": "100", "missing_lines": 0, "excluded_lines": 0, "percent_statements_covered": 100.0, "percent_statements_covered_display": "100"}, "missing_lines": [], "excluded_lines": [], "start_line": 97}, "TradeEvent.event_type": {"executed_lines": [103], "summary": {"covered_lines": 1, "num_statements": 1, "percent_covered": 100.0, "percent_covered_display": "100", "missing_lines": 0, "excluded_lines": 0, "percent_statements_covered": 100.0, "percent_statements_covered_display": "100"}, "missing_lines": [], "excluded_lines": [], "start_line": 102}, "PositionUpdateEvent.event_type": {"executed_lines": [123], "summary": {"covered_lines": 1, "num_statements": 1, "percent_covered": 100.0, "percent_covered_display": "100", "missing_lines": 0, "excluded_lines": 0, "percent_statements_covered": 100.0, "percent_statements_covered_display": "100"}, "missing_lines": [], "excluded_lines": [], "start_line": 122}, "BalanceUpdateEvent.delta": {"executed_lines": [141], "summary": {"covered_lines": 1, "num_statements": 1, "percent_covered": 100.0, "percent_covered_display": "100", "missing_lines": 0, "excluded_lines": 0, "percent_statements_covered": 100.0, "percent_statements_covered_display": "100"}, "missing_lines": [], "excluded_lines": [], "start_line": 140}, "BalanceUpdateEvent.event_type": {"executed_lines": [145], "summary": {"covered_lines": 1, "num_statements": 1, "percent_covered": 100.0, "percent_covered_display": "100", "missing_lines": 0, "excluded_lines": 0, "percent_statements_covered": 100.0, "percent_statements_covered_display": "100"}, "missing_lines": [], "excluded_lines": [], "start_line": 144}, "": {"executed_lines": [4, 5, 6, 7, 10, 13, 14, 15, 16, 17, 18, 21, 22, 30, 31, 32, 33, 34, 35, 36, 37, 38, 39, 41, 42, 46, 47, 51, 52, 56, 57, 62, 63, 64, 65, 66, 67, 68, 69, 70, 71, 72, 74, 75, 79, 80, 85, 86, 87, 88, 89, 90, 91, 92, 93, 94, 96, 97, 101, 102, 106, 107, 112, 113, 114, 115, 116, 117, 118, 119, 121, 122, 126, 127, 132, 133, 134, 135, 136, 137, 139, 140, 143, 144], "summary": {"covered_lines": 84, "num_statements": 84, "percent_covered": 100.0, "percent_covered_display": "100", "missing_lines": 0, "excluded_lines": 0, "percent_statements_covered": 100.0, "percent_statements_covered_display": "100"}, "missing_lines": [], "excluded_lines": [], "start_line": 1}}, "classes": {"EventType": {"executed_lines": [], "summary": {"covered_lines": 0, "num_statements": 0, "percent_covered": 100.0, "percent_covered_display": "100", "missing_lines": 0, "excluded_lines": 0, "percent_statements_covered": 100.0, "percent_statements_covered_display": "100"}, "missing_lines": [], "excluded_lines": [], "start_line": 10}, "TickEvent": {"executed_lines": [44, 49, 53], "summary": {"covered_lines": 3, "num_statements": 3, "percent_covered": 100.0, "percent_covered_display": "100", "missing_lines": 0, "excluded_lines": 0, "percent_statements_covered": 100.0, "percent_statements_covered_display": "100"}, "missing_lines": [], "excluded_lines": [], "start_line": 22}, "OrderEvent": {"executed_lines": [76], "summary": {"covered_lines": 1, "num_statements": 1, "percent_covered": 100.0, "percent_covered_display": "100", "missing_lines": 0, "excluded_lines": 0, "percent_statements_covered": 100.0, "percent_statements_covered_display": "100"}, "missing_lines": [], "excluded_lines": [], "start_line": 57}, "TradeEvent": {"executed_lines": [99, 103], "summary": {"covered_lines": 2, "num_statements": 2, "percent_covered": 100.0, "percent_covered_display": "100", "missing_lines": 0, "excluded_lines": 0, "percent_statements_covered": 100.0, "percent_statements_covered_display": "100"}, "missing_lines": [], "excluded_lines": [], "start_line": 80}, "PositionUpdateEvent": {"executed_lines": [123], "summary": {"covered_lines": 1, "num_statements": 1, "percent_covered": 100.0, "percent_covered_display": "100", "missing_lines": 0, "excluded_lines": 0, "percent_statements_covered": 100.0, "percent_statements_covered_display": "100"}, "missing_lines": [], "excluded_lines": [], "start_line": 107}, "BalanceUpdateEvent": {"executed_lines": [141, 145], "summary": {"covered_lines": 2, "num_statements": 2, "percent_covered": 100.0, "percent_covered_display": "100", "missing_lines": 0, "excluded_lines": 0, "percent_statements_covered": 100.0, "percent_statements_covered_display": "100"}, "missing_lines": [], "excluded_lines": [], "start_line": 127}, "": {"executed_lines": [4, 5, 6, 7, 10, 13, 14, 15, 16, 17, 18, 21, 22, 30, 31, 32, 33, 34, 35, 36, 37, 38, 39, 41, 42, 46, 47, 51, 52, 56, 57, 62, 63, 64, 65, 66, 67, 68, 69, 70, 71, 72, 74, 75, 79, 80, 85, 86, 87, 88, 89, 90, 91, 92, 93, 94, 96, 97, 101, 102, 106, 107, 112, 113, 114, 115, 116, 117, 118, 119, 121, 122, 126, 127, 132, 133, 134, 135, 136, 137, 139, 140, 143, 144], "summary": {"covered_lines": 84, "num_statements": 84, "percent_covered": 100.0, "percent_covered_display": "100", "missing_lines": 0, "excluded_lines": 0, "percent_statements_covered": 100.0, "percent_statements_covered_display": "100"}, "missing_lines": [], "excluded_lines": [], "start_line": 1}}}, "src\\cryptotechnolog\\backtest\\examples.py": {"executed_lines": [3, 5, 7, 8, 12, 15, 27, 34, 35, 37, 38, 40, 44, 46, 48, 50, 51, 53, 59, 65, 71, 82, 83, 85, 86, 90, 116, 118, 120, 122, 123, 124, 126, 137, 138, 140, 141, 143], "summary": {"covered_lines": 38, "num_statements": 55, "percent_covered": 69.0909090909091, "percent_covered_display": "69", "missing_lines": 17, "excluded_lines": 7, "percent_statements_covered": 69.0909090909091, "percent_statements_covered_display": "69"}, "missing_lines": [54, 56, 57, 58, 61, 62, 63, 92, 98, 99, 102, 103, 104, 106, 107, 110, 112], "excluded_lines": [146, 147, 148, 150, 151, 153, 154], "functions": {"example_simple": {"executed_lines": [15, 27, 34, 35, 37, 38, 40], "summary": {"covered_lines": 7, "num_statements": 7, "percent_covered": 100.0, "percent_covered_display": "100", "missing_lines": 0, "excluded_lines": 0, "percent_statements_covered": 100.0, "percent_statements_covered_display": "100"}, "missing_lines": [], "excluded_lines": [], "start_line": 12}, "example_with_callbacks": {"executed_lines": [46, 48, 65, 71, 82, 83, 85, 86], "summary": {"covered_lines": 8, "num_statements": 8, "percent_covered": 100.0, "percent_covered_display": "100", "missing_lines": 0, "excluded_lines": 0, "percent_statements_covered": 100.0, "percent_statements_covered_display": "100"}, "missing_lines": [], "excluded_lines": [], "start_line": 44}, "example_with_callbacks.on_tick": {"executed_lines": [50, 51, 53, 59], "summary": {"covered_lines": 4, "num_statements": 11, "percent_covered": 36.36363636363637, "percent_covered_display": "36", "missing_lines": 7, "excluded_lines": 0, "percent_statements_covered": 36.36363636363637, "percent_statements_covered_display": "36"}, "missing_lines": [54, 56, 57, 58, 61, 62, 63], "excluded_lines": [], "start_line": 48}, "example_from_csv": {"executed_lines": [], "summary": {"covered_lines": 0, "num_statements": 10, "percent_covered": 0.0, "percent_covered_display": "0", "missing_lines": 10, "excluded_lines": 0, "percent_statements_covered": 0.0, "percent_statements_covered_display": "0"}, "missing_lines": [92, 98, 99, 102, 103, 104, 106, 107, 110, 112], "excluded_lines": [], "start_line": 90}, "example_conditional": {"executed_lines": [118, 120, 126, 137, 138, 140, 141, 143], "summary": {"covered_lines": 8, "num_statements": 8, "percent_covered": 100.0, "percent_covered_display": "100", "missing_lines": 0, "excluded_lines": 0, "percent_statements_covered": 100.0, "percent_statements_covered_display": "100"}, "missing_lines": [], "excluded_lines": [], "start_line": 116}, "example_conditional.stop_condition": {"executed_lines": [122, 123, 124], "summary": {"covered_lines": 3, "num_statements": 3, "percent_covered": 100.0, "percent_covered_display": "100", "missing_lines": 0, "excluded_lines": 0, "percent_statements_covered": 100.0, "percent_statements_covered_display": "100"}, "missing_lines": [], "excluded_lines": [], "start_line": 120}, "": {"executed_lines": [3, 5, 7, 8, 12, 44, 90, 116], "summary": {"covered_lines": 8, "num_statements": 8, "percent_covered": 100.0, "percent_covered_display": "100", "missing_lines": 0, "excluded_lines": 7, "percent_statements_covered": 100.0, "percent_statements_covered_display": "100"}, "missing_lines": [], "excluded_lines": [146, 147, 148, 150, 151, 153, 154], "start_line": 1}}, "classes": {"": {"executed_lines": [3, 5, 7, 8, 12, 15, 27, 34, 35, 37, 38, 40, 44, 46, 48, 50, 51, 53, 59, 65, 71, 82, 83, 85, 86, 90, 116, 118, 120, 122, 123, 124, 126, 137, 138, 140, 141, 143], "summary": {"covered_lines": 38, "num_statements": 55, "percent_covered": 69.0909090909091, "percent_covered_display": "69", "missing_lines": 17, "excluded_lines": 7, "percent_statements_covered": 69.0909090909091, "percent_statements_covered_display": "69"}, "missing_lines": [54, 56, 57, 58, 61, 62, 63, 92, 98, 99, 102, 103, 104, 106, 107, 110, 112], "excluded_lines": [146, 147, 148, 150, 151, 153, 154], "start_line": 1}}}, "src\\cryptotechnolog\\backtest\\recorder.py": {"executed_lines": [4, 6, 7, 8, 9, 11, 24, 25, 28, 38, 46, 47, 48, 49, 50, 51, 52, 54, 55, 57, 59, 70, 71, 73, 75, 87, 88, 90, 92, 103, 104, 106, 108, 117, 118, 120, 122, 130, 131, 133, 135, 136, 138, 139, 140, 141, 143, 145, 148, 149, 150, 152, 154, 157, 158, 159, 161, 171, 172, 174, 175, 176, 178, 180, 181, 183, 185, 195, 196, 198, 199, 200, 202, 203, 204, 206, 208, 210, 221, 223, 224, 225, 226, 227, 228], "summary": {"covered_lines": 85, "num_statements": 87, "percent_covered": 97.70114942528735, "percent_covered_display": "98", "missing_lines": 2, "excluded_lines": 2, "percent_statements_covered": 97.70114942528735, "percent_statements_covered_display": "98"}, "missing_lines": [146, 155], "excluded_lines": [13, 14], "functions": {"EventRecorder.__init__": {"executed_lines": [46, 47, 48, 49, 50, 51, 52, 54, 55], "summary": {"covered_lines": 9, "num_statements": 9, "percent_covered": 100.0, "percent_covered_display": "100", "missing_lines": 0, "excluded_lines": 0, "percent_statements_covered": 100.0, "percent_statements_covered_display": "100"}, "missing_lines": [], "excluded_lines": [], "start_line": 38}, "EventRecorder.record_tick": {"executed_lines": [59, 70, 71], "summary": {"covered_lines": 3, "num_statements": 3, "percent_covered": 100.0, "percent_covered_display": "100", "missing_lines": 0, "excluded_lines": 0, "percent_statements_covered": 100.0, "percent_statements_covered_display": "100"}, "missing_lines": [], "excluded_lines": [], "start_line": 57}, "EventRecorder.record_order": {"executed_lines": [75, 87, 88], "summary": {"covered_lines": 3, "num_statements": 3, "percent_covered": 100.0, "percent_covered_display": "100", "missing_lines": 0, "excluded_lines": 0, "percent_statements_covered": 100.0, "percent_statements_covered_display": "100"}, "missing_lines": [], "excluded_lines": [], "start_line": 73}, "EventRecorder.record_trade": {"executed_lines": [92, 103, 104], "summary": {"covered_lines": 3, "num_statements": 3, "percent_covered": 100.0, "percent_covered_display": "100", "missing_lines": 0, "excluded_lines": 0, "percent_statements_covered": 100.0, "percent_statements_covered_display": "100"}, "missing_lines": [], "excluded_lines": [], "start_line": 90}, "EventRecorder.record_position_update": {"executed_lines": [108, 117, 118], "summary": {"covered_lines": 3, "num_statements": 3, "percent_covered": 100.0, "percent_covered_display": "100", "missing_lines": 0, "excluded_lines": 0, "percent_statements_covered": 100.0, "percent_statements_covered_display": "100"}, "missing_lines": [], "excluded_lines": [], "start_line": 106}, "EventRecorder.record_balance_update": {"executed_lines": [122, 130, 131], "summary": {"covered_lines": 3, "num_statements": 3, "percent_covered": 100.0, "percent_covered_display": "100", "missing_lines": 0, "excluded_lines": 0, "percent_statements_covered": 100.0, "percent_statements_covered_display": "100"}, "missing_lines": [], "excluded_lines": [], "start_line": 120}, "EventRecorder.to_dataframe": {"executed_lines": [135, 136, 138, 139, 140, 141], "summary": {"covered_lines": 6, "num_statements": 6, "percent_covered": 100.0, "percent_covered_display": "100", "missing_lines": 0, "excluded_lines": 0, "percent_statements_covered": 100.0, "percent_statements_covered_display": "100"}, "missing_lines": [], "excluded_lines": [], "start_line": 133}, "EventRecorder.ticks_to_dataframe": {"executed_lines": [145, 148, 149, 150], "summary": {"covered_lines": 4, "num_statements": 5, "percent_covered": 80.0, "percent_covered_display": "80", "missing_lines": 1, "excluded_lines": 0, "percent_statements_covered": 80.0, "percent_statements_covered_display": "80"}, "missing_lines": [146], "excluded_lines": [], "start_line": 143}, "EventRecorder.trades_to_dataframe": {"executed_lines": [154, 157, 158, 159], "summary": {"covered_lines": 4, "num_statements": 5, "percent_covered": 80.0, "percent_covered_display": "80", "missing_lines": 1, "excluded_lines": 0, "percent_statements_covered": 80.0, "percent_statements_covered_display": "80"}, "missing_lines": [155], "excluded_lines": [], "start_line": 152}, "EventRecorder.save": {"executed_lines": [171, 172, 174, 175, 176, 178, 180, 181, 183], "summary": {"covered_lines": 9, "num_statements": 9, "percent_covered": 100.0, "percent_covered_display": "100", "missing_lines": 0, "excluded_lines": 0, "percent_statements_covered": 100.0, "percent_statements_covered_display": "100"}, "missing_lines": [], "excluded_lines": [], "start_line": 161}, "EventRecorder.save_csv": {"executed_lines": [195, 196, 198, 199, 200, 202, 203, 204, 206], "summary": {"covered_lines": 9, "num_statements": 9, "percent_covered": 100.0, "percent_covered_display": "100", "missing_lines": 0, "excluded_lines": 0, "percent_statements_covered": 100.0, "percent_statements_covered_display": "100"}, "missing_lines": [], "excluded_lines": [], "start_line": 185}, "EventRecorder.get_summary": {"executed_lines": [210], "summary": {"covered_lines": 1, "num_statements": 1, "percent_covered": 100.0, "percent_covered_display": "100", "missing_lines": 0, "excluded_lines": 0, "percent_statements_covered": 100.0, "percent_statements_covered_display": "100"}, "missing_lines": [], "excluded_lines": [], "start_line": 208}, "EventRecorder.clear": {"executed_lines": [223, 224, 225, 226, 227, 228], "summary": {"covered_lines": 6, "num_statements": 6, "percent_covered": 100.0, "percent_covered_display": "100", "missing_lines": 0, "excluded_lines": 0, "percent_statements_covered": 100.0, "percent_statements_covered_display": "100"}, "missing_lines": [], "excluded_lines": [], "start_line": 221}, "": {"executed_lines": [4, 6, 7, 8, 9, 11, 24, 25, 28, 38, 57, 73, 90, 106, 120, 133, 143, 152, 161, 185, 208, 221], "summary": {"covered_lines": 22, "num_statements": 22, "percent_covered": 100.0, "percent_covered_display": "100", "missing_lines": 0, "excluded_lines": 2, "percent_statements_covered": 100.0, "percent_statements_covered_display": "100"}, "missing_lines": [], "excluded_lines": [13, 14], "start_line": 1}}, "classes": {"EventRecorder": {"executed_lines": [46, 47, 48, 49, 50, 51, 52, 54, 55, 59, 70, 71, 75, 87, 88, 92, 103, 104, 108, 117, 118, 122, 130, 131, 135, 136, 138, 139, 140, 141, 145, 148, 149, 150, 154, 157, 158, 159, 171, 172, 174, 175, 176, 178, 180, 181, 183, 195, 196, 198, 199, 200, 202, 203, 204, 206, 210, 223, 224, 225, 226, 227, 228], "summary": {"covered_lines": 63, "num_statements": 65, "percent_covered": 96.92307692307692, "percent_covered_display": "97", "missing_lines": 2, "excluded_lines": 0, "percent_statements_covered": 96.92307692307692, "percent_statements_covered_display": "97"}, "missing_lines": [146, 155], "excluded_lines": [], "start_line": 28}, "": {"executed_lines": [4, 6, 7, 8, 9, 11, 24, 25, 28, 38, 57, 73, 90, 106, 120, 133, 143, 152, 161, 185, 208, 221], "summary": {"covered_lines": 22, "num_statements": 22, "percent_covered": 100.0, "percent_covered_display": "100", "missing_lines": 0, "excluded_lines": 2, "percent_statements_covered": 100.0, "percent_statements_covered_display": "100"}, "missing_lines": [], "excluded_lines": [13, 14], "start_line": 1}}}, "src\\cryptotechnolog\\backtest\\replay_engine.py": {"executed_lines": [4, 5, 6, 7, 8, 9, 11, 13, 23, 24, 28, 29, 32, 33, 34, 37, 38, 41, 42, 45, 46, 47, 48, 49, 52, 69, 76, 77, 80, 81, 82, 85, 86, 87, 90, 91, 93, 121, 145, 148, 149, 150, 155, 157, 160, 162, 163, 165, 167, 169, 170, 171, 184, 191, 195, 196, 197, 198, 199, 201, 203, 210, 215, 216, 217, 218, 220, 223, 225, 226, 229, 230, 232, 235, 247, 250, 252, 267, 272, 273, 274, 275, 277, 283, 285, 286, 289, 293, 294, 297, 301, 302, 304, 311, 334, 344, 387, 391], "summary": {"covered_lines": 98, "num_statements": 170, "percent_covered": 57.64705882352941, "percent_covered_display": "58", "missing_lines": 72, "excluded_lines": 0, "percent_statements_covered": 57.64705882352941, "percent_statements_covered_display": "58"}, "missing_lines": [95, 98, 100, 103, 104, 105, 106, 109, 110, 111, 112, 114, 116, 117, 119, 123, 125, 128, 129, 130, 133, 134, 135, 136, 138, 140, 141, 143, 151, 152, 156, 158, 192, 193, 211, 212, 248, 268, 269, 290, 298, 318, 336, 337, 339, 340, 351, 364, 367, 368, 369, 371, 372, 373, 375, 376, 379, 380, 382, 383, 385, 389, 393, 394, 395, 397, 398, 399, 400, 402, 403, 405], "excluded_lines": [], "functions": {"ReplayEngine.__init__": {"executed_lines": [76, 77, 80, 81, 82, 85, 86, 87, 90, 91], "summary": {"covered_lines": 10, "num_statements": 10, "percent_covered": 100.0, "percent_covered_display": "100", "missing_lines": 0, "excluded_lines": 0, "percent_statements_covered": 100.0, "percent_statements_covered_display": "100"}, "missing_lines": [], "excluded_lines": [], "start_line": 69}, "ReplayEngine.load_csv": {"executed_lines": [], "summary": {"covered_lines": 0, "num_statements": 15, "percent_covered": 0.0, "percent_covered_display": "0", "missing_lines": 15, "excluded_lines": 0, "percent_statements_covered": 0.0, "percent_statements_covered_display": "0"}, "missing_lines": [95, 98, 100, 103, 104, 105, 106, 109, 110, 111, 112, 114, 116, 117, 119], "excluded_lines": [], "start_line": 93}, "ReplayEngine.load_parquet": {"executed_lines": [], "summary": {"covered_lines": 0, "num_statements": 13, "percent_covered": 0.0, "percent_covered_display": "0", "missing_lines": 13, "excluded_lines": 0, "percent_statements_covered": 0.0, "percent_statements_covered_display": "0"}, "missing_lines": [123, 125, 128, 129, 130, 133, 134, 135, 136, 138, 140, 141, 143], "excluded_lines": [], "start_line": 121}, "ReplayEngine.load_dataframe": {"executed_lines": [148, 149, 150, 155, 157, 160, 162, 163, 165], "summary": {"covered_lines": 9, "num_statements": 13, "percent_covered": 69.23076923076923, "percent_covered_display": "69", "missing_lines": 4, "excluded_lines": 0, "percent_statements_covered": 69.23076923076923, "percent_statements_covered_display": "69"}, "missing_lines": [151, 152, 156, 158], "excluded_lines": [], "start_line": 145}, "ReplayEngine._create_tick_event": {"executed_lines": [169, 170, 171], "summary": {"covered_lines": 3, "num_statements": 3, "percent_covered": 100.0, "percent_covered_display": "100", "missing_lines": 0, "excluded_lines": 0, "percent_statements_covered": 100.0, "percent_statements_covered_display": "100"}, "missing_lines": [], "excluded_lines": [], "start_line": 167}, "ReplayEngine.tick_iterator": {"executed_lines": [191, 195, 196, 197, 198, 199, 201], "summary": {"covered_lines": 7, "num_statements": 9, "percent_covered": 77.77777777777777, "percent_covered_display": "78", "missing_lines": 2, "excluded_lines": 0, "percent_statements_covered": 77.77777777777777, "percent_statements_covered_display": "78"}, "missing_lines": [192, 193], "excluded_lines": [], "start_line": 184}, "ReplayEngine.run": {"executed_lines": [210, 215, 216, 217, 218, 220, 223, 225, 226, 229, 230, 232, 235, 247, 250], "summary": {"covered_lines": 15, "num_statements": 18, "percent_covered": 83.33333333333333, "percent_covered_display": "83", "missing_lines": 3, "excluded_lines": 0, "percent_statements_covered": 83.33333333333333, "percent_statements_covered_display": "83"}, "missing_lines": [211, 212, 248], "excluded_lines": [], "start_line": 203}, "ReplayEngine.run_until": {"executed_lines": [267, 272, 273, 274, 275, 277, 283, 285, 286, 289, 293, 294, 297, 301, 302, 304], "summary": {"covered_lines": 16, "num_statements": 20, "percent_covered": 80.0, "percent_covered_display": "80", "missing_lines": 4, "excluded_lines": 0, "percent_statements_covered": 80.0, "percent_statements_covered_display": "80"}, "missing_lines": [268, 269, 290, 298], "excluded_lines": [], "start_line": 252}, "ReplayEngine.get_state_snapshot": {"executed_lines": [], "summary": {"covered_lines": 0, "num_statements": 1, "percent_covered": 0.0, "percent_covered_display": "0", "missing_lines": 1, "excluded_lines": 0, "percent_statements_covered": 0.0, "percent_statements_covered_display": "0"}, "missing_lines": [318], "excluded_lines": [], "start_line": 311}, "ReplayEngine.save_state_snapshot": {"executed_lines": [], "summary": {"covered_lines": 0, "num_statements": 4, "percent_covered": 0.0, "percent_covered_display": "0", "missing_lines": 4, "excluded_lines": 0, "percent_statements_covered": 0.0, "percent_statements_covered_display": "0"}, "missing_lines": [336, 337, 339, 340], "excluded_lines": [], "start_line": 334}, "ReplayEngine.submit_market_order": {"executed_lines": [], "summary": {"covered_lines": 0, "num_statements": 15, "percent_covered": 0.0, "percent_covered_display": "0", "missing_lines": 15, "excluded_lines": 0, "percent_statements_covered": 0.0, "percent_statements_covered_display": "0"}, "missing_lines": [351, 364, 367, 368, 369, 371, 372, 373, 375, 376, 379, 380, 382, 383, 385], "excluded_lines": [], "start_line": 344}, "ReplayEngine.get_position": {"executed_lines": [], "summary": {"covered_lines": 0, "num_statements": 1, "percent_covered": 0.0, "percent_covered_display": "0", "missing_lines": 1, "excluded_lines": 0, "percent_statements_covered": 0.0, "percent_statements_covered_display": "0"}, "missing_lines": [389], "excluded_lines": [], "start_line": 387}, "ReplayEngine.get_unrealized_pnl": {"executed_lines": [], "summary": {"covered_lines": 0, "num_statements": 10, "percent_covered": 0.0, "percent_covered_display": "0", "missing_lines": 10, "excluded_lines": 0, "percent_statements_covered": 0.0, "percent_statements_covered_display": "0"}, "missing_lines": [393, 394, 395, 397, 398, 399, 400, 402, 403, 405], "excluded_lines": [], "start_line": 391}, "": {"executed_lines": [4, 5, 6, 7, 8, 9, 11, 13, 23, 24, 28, 29, 32, 33, 34, 37, 38, 41, 42, 45, 46, 47, 48, 49, 52, 69, 93, 121, 145, 167, 184, 203, 252, 311, 334, 344, 387, 391], "summary": {"covered_lines": 38, "num_statements": 38, "percent_covered": 100.0, "percent_covered_display": "100", "missing_lines": 0, "excluded_lines": 0, "percent_statements_covered": 100.0, "percent_statements_covered_display": "100"}, "missing_lines": [], "excluded_lines": [], "start_line": 1}}, "classes": {"ReplayConfig": {"executed_lines": [], "summary": {"covered_lines": 0, "num_statements": 0, "percent_covered": 100.0, "percent_covered_display": "100", "missing_lines": 0, "excluded_lines": 0, "percent_statements_covered": 100.0, "percent_statements_covered_display": "100"}, "missing_lines": [], "excluded_lines": [], "start_line": 24}, "ReplayEngine": {"executed_lines": [76, 77, 80, 81, 82, 85, 86, 87, 90, 91, 148, 149, 150, 155, 157, 160, 162, 163, 165, 169, 170, 171, 191, 195, 196, 197, 198, 199, 201, 210, 215, 216, 217, 218, 220, 223, 225, 226, 229, 230, 232, 235, 247, 250, 267, 272, 273, 274, 275, 277, 283, 285, 286, 289, 293, 294, 297, 301, 302, 304], "summary": {"covered_lines": 60, "num_statements": 132, "percent_covered": 45.45454545454545, "percent_covered_display": "45", "missing_lines": 72, "excluded_lines": 0, "percent_statements_covered": 45.45454545454545, "percent_statements_covered_display": "45"}, "missing_lines": [95, 98, 100, 103, 104, 105, 106, 109, 110, 111, 112, 114, 116, 117, 119, 123, 125, 128, 129, 130, 133, 134, 135, 136, 138, 140, 141, 143, 151, 152, 156, 158, 192, 193, 211, 212, 248, 268, 269, 290, 298, 318, 336, 337, 339, 340, 351, 364, 367, 368, 369, 371, 372, 373, 375, 376, 379, 380, 382, 383, 385, 389, 393, 394, 395, 397, 398, 399, 400, 402, 403, 405], "excluded_lines": [], "start_line": 52}, "": {"executed_lines": [4, 5, 6, 7, 8, 9, 11, 13, 23, 24, 28, 29, 32, 33, 34, 37, 38, 41, 42, 45, 46, 47, 48, 49, 52, 69, 93, 121, 145, 167, 184, 203, 252, 311, 334, 344, 387, 391], "summary": {"covered_lines": 38, "num_statements": 38, "percent_covered": 100.0, "percent_covered_display": "100", "missing_lines": 0, "excluded_lines": 0, "percent_statements_covered": 100.0, "percent_statements_covered_display": "100"}, "missing_lines": [], "excluded_lines": [], "start_line": 1}}}, "src\\cryptotechnolog\\config\\__init__.py": {"executed_lines": [4, 15, 17], "summary": {"covered_lines": 3, "num_statements": 3, "percent_covered": 100.0, "percent_covered_display": "100", "missing_lines": 0, "excluded_lines": 0, "percent_statements_covered": 100.0, "percent_statements_covered_display": "100"}, "missing_lines": [], "excluded_lines": [], "functions": {"": {"executed_lines": [4, 15, 17], "summary": {"covered_lines": 3, "num_statements": 3, "percent_covered": 100.0, "percent_covered_display": "100", "missing_lines": 0, "excluded_lines": 0, "percent_statements_covered": 100.0, "percent_statements_covered_display": "100"}, "missing_lines": [], "excluded_lines": [], "start_line": 1}}, "classes": {"": {"executed_lines": [4, 15, 17], "summary": {"covered_lines": 3, "num_statements": 3, "percent_covered": 100.0, "percent_covered_display": "100", "missing_lines": 0, "excluded_lines": 0, "percent_statements_covered": 100.0, "percent_statements_covered_display": "100"}, "missing_lines": [], "excluded_lines": [], "start_line": 1}}}, "src\\cryptotechnolog\\config\\logging.py": {"executed_lines": [4, 5, 6, 7, 8, 9, 10, 12, 14, 21, 24, 29, 32, 33, 34, 36, 38, 39, 40, 41, 42, 44, 46, 47, 50, 57, 58, 61, 68, 69, 71, 72, 74, 78, 81, 85, 86, 89, 91, 92, 93, 96, 97, 100, 101, 102, 103, 104, 116, 119, 120, 121, 122, 125, 126, 127, 128, 140, 145, 148, 161, 164, 167, 168, 169, 170, 171, 172, 175, 186, 189, 197, 206, 216, 218, 220, 223, 235, 242, 243, 244, 246, 253, 254, 256, 265, 266, 272, 283, 284, 286, 287, 290, 292, 295, 302, 303, 305, 308, 318, 319, 325, 326, 327, 331, 340, 348, 363], "summary": {"covered_lines": 108, "num_statements": 114, "percent_covered": 94.73684210526316, "percent_covered_display": "95", "missing_lines": 6, "excluded_lines": 14, "percent_statements_covered": 94.73684210526316, "percent_statements_covered_display": "95"}, "missing_lines": [26, 87, 141, 143, 285, 304], "excluded_lines": [16, 17, 372, 374, 377, 380, 381, 382, 385, 386, 389, 390, 391, 392], "functions": {"_init_context": {"executed_lines": [], "summary": {"covered_lines": 0, "num_statements": 1, "percent_covered": 0.0, "percent_covered_display": "0", "missing_lines": 1, "excluded_lines": 0, "percent_statements_covered": 0.0, "percent_statements_covered_display": "0"}, "missing_lines": [26], "excluded_lines": [], "start_line": 24}, "FileLoggingManager.__init__": {"executed_lines": [33, 34], "summary": {"covered_lines": 2, "num_statements": 2, "percent_covered": 100.0, "percent_covered_display": "100", "missing_lines": 0, "excluded_lines": 0, "percent_statements_covered": 100.0, "percent_statements_covered_display": "100"}, "missing_lines": [], "excluded_lines": [], "start_line": 32}, "FileLoggingManager.get_logs_dir": {"executed_lines": [38, 39, 40, 41, 42], "summary": {"covered_lines": 5, "num_statements": 5, "percent_covered": 100.0, "percent_covered_display": "100", "missing_lines": 0, "excluded_lines": 0, "percent_statements_covered": 100.0, "percent_statements_covered_display": "100"}, "missing_lines": [], "excluded_lines": [], "start_line": 36}, "FileLoggingManager.setup": {"executed_lines": [46, 47, 50, 57, 58, 61, 68, 69], "summary": {"covered_lines": 8, "num_statements": 8, "percent_covered": 100.0, "percent_covered_display": "100", "missing_lines": 0, "excluded_lines": 0, "percent_statements_covered": 100.0, "percent_statements_covered_display": "100"}, "missing_lines": [], "excluded_lines": [], "start_line": 44}, "FileLoggingManager.handlers": {"executed_lines": [74], "summary": {"covered_lines": 1, "num_statements": 1, "percent_covered": 100.0, "percent_covered_display": "100", "missing_lines": 0, "excluded_lines": 0, "percent_statements_covered": 100.0, "percent_statements_covered_display": "100"}, "missing_lines": [], "excluded_lines": [], "start_line": 72}, "_write_to_file_processor": {"executed_lines": [85, 86, 89, 91, 92, 93, 96, 97, 100, 101, 102, 103, 104, 116, 119, 120, 121, 122, 125, 126, 127, 128, 140, 145], "summary": {"covered_lines": 24, "num_statements": 27, "percent_covered": 88.88888888888889, "percent_covered_display": "89", "missing_lines": 3, "excluded_lines": 0, "percent_statements_covered": 88.88888888888889, "percent_statements_covered_display": "89"}, "missing_lines": [87, 141, 143], "excluded_lines": [], "start_line": 81}, "configure_logging": {"executed_lines": [161, 164, 167, 168, 169, 170, 171, 172, 175, 186, 189, 197], "summary": {"covered_lines": 12, "num_statements": 12, "percent_covered": 100.0, "percent_covered_display": "100", "missing_lines": 0, "excluded_lines": 0, "percent_statements_covered": 100.0, "percent_statements_covered_display": "100"}, "missing_lines": [], "excluded_lines": [], "start_line": 148}, "get_logger": {"executed_lines": [216, 218, 220], "summary": {"covered_lines": 3, "num_statements": 3, "percent_covered": 100.0, "percent_covered_display": "100", "missing_lines": 0, "excluded_lines": 0, "percent_statements_covered": 100.0, "percent_statements_covered_display": "100"}, "missing_lines": [], "excluded_lines": [], "start_line": 206}, "LogContext.__init__": {"executed_lines": [242, 243, 244], "summary": {"covered_lines": 3, "num_statements": 3, "percent_covered": 100.0, "percent_covered_display": "100", "missing_lines": 0, "excluded_lines": 0, "percent_statements_covered": 100.0, "percent_statements_covered_display": "100"}, "missing_lines": [], "excluded_lines": [], "start_line": 235}, "LogContext.__enter__": {"executed_lines": [253, 254], "summary": {"covered_lines": 2, "num_statements": 2, "percent_covered": 100.0, "percent_covered_display": "100", "missing_lines": 0, "excluded_lines": 0, "percent_statements_covered": 100.0, "percent_statements_covered_display": "100"}, "missing_lines": [], "excluded_lines": [], "start_line": 246}, "LogContext.__exit__": {"executed_lines": [265, 266], "summary": {"covered_lines": 2, "num_statements": 2, "percent_covered": 100.0, "percent_covered_display": "100", "missing_lines": 0, "excluded_lines": 0, "percent_statements_covered": 100.0, "percent_statements_covered_display": "100"}, "missing_lines": [], "excluded_lines": [], "start_line": 256}, "bind_context": {"executed_lines": [283, 284, 286, 287], "summary": {"covered_lines": 4, "num_statements": 5, "percent_covered": 80.0, "percent_covered_display": "80", "missing_lines": 1, "excluded_lines": 0, "percent_statements_covered": 80.0, "percent_statements_covered_display": "80"}, "missing_lines": [285], "excluded_lines": [], "start_line": 272}, "clear_context": {"executed_lines": [292], "summary": {"covered_lines": 1, "num_statements": 1, "percent_covered": 100.0, "percent_covered_display": "100", "missing_lines": 0, "excluded_lines": 0, "percent_statements_covered": 100.0, "percent_statements_covered_display": "100"}, "missing_lines": [], "excluded_lines": [], "start_line": 290}, "get_context": {"executed_lines": [302, 303, 305], "summary": {"covered_lines": 3, "num_statements": 4, "percent_covered": 75.0, "percent_covered_display": "75", "missing_lines": 1, "excluded_lines": 0, "percent_statements_covered": 75.0, "percent_statements_covered_display": "75"}, "missing_lines": [304], "excluded_lines": [], "start_line": 295}, "LoggerMixin.logger": {"executed_lines": [325, 326, 327], "summary": {"covered_lines": 3, "num_statements": 3, "percent_covered": 100.0, "percent_covered_display": "100", "missing_lines": 0, "excluded_lines": 0, "percent_statements_covered": 100.0, "percent_statements_covered_display": "100"}, "missing_lines": [], "excluded_lines": [], "start_line": 319}, "log_exception": {"executed_lines": [340], "summary": {"covered_lines": 1, "num_statements": 1, "percent_covered": 100.0, "percent_covered_display": "100", "missing_lines": 0, "excluded_lines": 0, "percent_statements_covered": 100.0, "percent_statements_covered_display": "100"}, "missing_lines": [], "excluded_lines": [], "start_line": 331}, "log_performance": {"executed_lines": [363], "summary": {"covered_lines": 1, "num_statements": 1, "percent_covered": 100.0, "percent_covered_display": "100", "missing_lines": 0, "excluded_lines": 0, "percent_statements_covered": 100.0, "percent_statements_covered_display": "100"}, "missing_lines": [], "excluded_lines": [], "start_line": 348}, "": {"executed_lines": [4, 5, 6, 7, 8, 9, 10, 12, 14, 21, 24, 29, 32, 36, 44, 71, 72, 78, 81, 148, 206, 223, 235, 246, 256, 272, 290, 295, 308, 318, 319, 331, 348], "summary": {"covered_lines": 33, "num_statements": 33, "percent_covered": 100.0, "percent_covered_display": "100", "missing_lines": 0, "excluded_lines": 14, "percent_statements_covered": 100.0, "percent_statements_covered_display": "100"}, "missing_lines": [], "excluded_lines": [16, 17, 372, 374, 377, 380, 381, 382, 385, 386, 389, 390, 391, 392], "start_line": 1}}, "classes": {"FileLoggingManager": {"executed_lines": [33, 34, 38, 39, 40, 41, 42, 46, 47, 50, 57, 58, 61, 68, 69, 74], "summary": {"covered_lines": 16, "num_statements": 16, "percent_covered": 100.0, "percent_covered_display": "100", "missing_lines": 0, "excluded_lines": 0, "percent_statements_covered": 100.0, "percent_statements_covered_display": "100"}, "missing_lines": [], "excluded_lines": [], "start_line": 29}, "LogContext": {"executed_lines": [242, 243, 244, 253, 254, 265, 266], "summary": {"covered_lines": 7, "num_statements": 7, "percent_covered": 100.0, "percent_covered_display": "100", "missing_lines": 0, "excluded_lines": 0, "percent_statements_covered": 100.0, "percent_statements_covered_display": "100"}, "missing_lines": [], "excluded_lines": [], "start_line": 223}, "LoggerMixin": {"executed_lines": [325, 326, 327], "summary": {"covered_lines": 3, "num_statements": 3, "percent_covered": 100.0, "percent_covered_display": "100", "missing_lines": 0, "excluded_lines": 0, "percent_statements_covered": 100.0, "percent_statements_covered_display": "100"}, "missing_lines": [], "excluded_lines": [], "start_line": 308}, "": {"executed_lines": [4, 5, 6, 7, 8, 9, 10, 12, 14, 21, 24, 29, 32, 36, 44, 71, 72, 78, 81, 85, 86, 89, 91, 92, 93, 96, 97, 100, 101, 102, 103, 104, 116, 119, 120, 121, 122, 125, 126, 127, 128, 140, 145, 148, 161, 164, 167, 168, 169, 170, 171, 172, 175, 186, 189, 197, 206, 216, 218, 220, 223, 235, 246, 256, 272, 283, 284, 286, 287, 290, 292, 295, 302, 303, 305, 308, 318, 319, 331, 340, 348, 363], "summary": {"covered_lines": 82, "num_statements": 88, "percent_covered": 93.18181818181819, "percent_covered_display": "93", "missing_lines": 6, "excluded_lines": 14, "percent_statements_covered": 93.18181818181819, "percent_statements_covered_display": "93"}, "missing_lines": [26, 87, 141, 143, 285, 304], "excluded_lines": [16, 17, 372, 374, 377, 380, 381, 382, 385, 386, 389, 390, 391, 392], "start_line": 1}}}, "src\\cryptotechnolog\\config\\settings.py": {"executed_lines": [4, 6, 7, 10, 19, 20, 21, 22, 26, 29, 34, 39, 45, 46, 47, 48, 49, 52, 54, 55, 57, 62, 63, 66, 71, 72, 79, 80, 82, 89, 90, 91, 92, 95, 96, 97, 98, 99, 102, 103, 104, 105, 107, 108, 110, 111, 115, 116, 120, 121, 122, 125, 126, 127, 128, 131, 132, 133, 137, 140, 143, 146, 150, 153, 156, 159, 163, 165, 166, 167, 169, 170, 171, 172, 175, 177, 178, 179, 181, 182, 183, 184, 187, 190, 194, 198, 201, 205, 207, 208, 209, 211, 212, 213, 214, 217, 218, 222, 225, 226, 227, 228, 231, 234, 236, 237, 238, 240, 241, 243, 247, 250, 254, 257, 260, 264, 267, 271, 272, 273, 274, 278, 281, 284, 287, 290, 309, 313, 327, 330, 333, 350, 351, 353, 354, 356, 360, 361, 365, 366, 369, 370, 371, 372, 373, 375, 376, 380, 387, 390, 398, 401], "summary": {"covered_lines": 152, "num_statements": 161, "percent_covered": 94.40993788819875, "percent_covered_display": "94", "missing_lines": 9, "excluded_lines": 25, "percent_statements_covered": 94.40993788819875, "percent_statements_covered_display": "94"}, "missing_lines": [74, 242, 334, 340, 341, 342, 343, 344, 357], "excluded_lines": [297, 298, 299, 300, 301, 302, 303, 304, 305, 405, 407, 408, 409, 410, 411, 412, 413, 414, 415, 416, 417, 418, 419, 420, 423], "functions": {"Settings.postgres_url": {"executed_lines": [57], "summary": {"covered_lines": 1, "num_statements": 1, "percent_covered": 100.0, "percent_covered_display": "100", "missing_lines": 0, "excluded_lines": 0, "percent_statements_covered": 100.0, "percent_statements_covered_display": "100"}, "missing_lines": [], "excluded_lines": [], "start_line": 55}, "Settings.postgres_async_url": {"executed_lines": [66], "summary": {"covered_lines": 1, "num_statements": 1, "percent_covered": 100.0, "percent_covered_display": "100", "missing_lines": 0, "excluded_lines": 0, "percent_statements_covered": 100.0, "percent_statements_covered_display": "100"}, "missing_lines": [], "excluded_lines": [], "start_line": 63}, "Settings.postgres_test_url": {"executed_lines": [], "summary": {"covered_lines": 0, "num_statements": 1, "percent_covered": 0.0, "percent_covered_display": "0", "missing_lines": 1, "excluded_lines": 0, "percent_statements_covered": 0.0, "percent_statements_covered_display": "0"}, "missing_lines": [74], "excluded_lines": [], "start_line": 72}, "Settings.postgres_test_async_url": {"executed_lines": [82], "summary": {"covered_lines": 1, "num_statements": 1, "percent_covered": 100.0, "percent_covered_display": "100", "missing_lines": 0, "excluded_lines": 0, "percent_statements_covered": 100.0, "percent_statements_covered_display": "100"}, "missing_lines": [], "excluded_lines": [], "start_line": 80}, "Settings.redis_url": {"executed_lines": [110, 111], "summary": {"covered_lines": 2, "num_statements": 2, "percent_covered": 100.0, "percent_covered_display": "100", "missing_lines": 0, "excluded_lines": 0, "percent_statements_covered": 100.0, "percent_statements_covered_display": "100"}, "missing_lines": [], "excluded_lines": [], "start_line": 108}, "Settings.validate_log_level": {"executed_lines": [169, 170, 171, 172], "summary": {"covered_lines": 4, "num_statements": 4, "percent_covered": 100.0, "percent_covered_display": "100", "missing_lines": 0, "excluded_lines": 0, "percent_statements_covered": 100.0, "percent_statements_covered_display": "100"}, "missing_lines": [], "excluded_lines": [], "start_line": 167}, "Settings.validate_log_format": {"executed_lines": [181, 182, 183, 184], "summary": {"covered_lines": 4, "num_statements": 4, "percent_covered": 100.0, "percent_covered_display": "100", "missing_lines": 0, "excluded_lines": 0, "percent_statements_covered": 100.0, "percent_statements_covered_display": "100"}, "missing_lines": [], "excluded_lines": [], "start_line": 179}, "Settings.validate_event_bus_type": {"executed_lines": [211, 212, 213, 214], "summary": {"covered_lines": 4, "num_statements": 4, "percent_covered": 100.0, "percent_covered_display": "100", "missing_lines": 0, "excluded_lines": 0, "percent_statements_covered": 100.0, "percent_statements_covered_display": "100"}, "missing_lines": [], "excluded_lines": [], "start_line": 209}, "Settings.validate_backpressure_strategy": {"executed_lines": [240, 241, 243], "summary": {"covered_lines": 3, "num_statements": 4, "percent_covered": 75.0, "percent_covered_display": "75", "missing_lines": 1, "excluded_lines": 0, "percent_statements_covered": 75.0, "percent_statements_covered_display": "75"}, "missing_lines": [242], "excluded_lines": [], "start_line": 238}, "Settings.__repr__": {"executed_lines": [], "summary": {"covered_lines": 0, "num_statements": 0, "percent_covered": 100.0, "percent_covered_display": "100", "missing_lines": 0, "excluded_lines": 8, "percent_statements_covered": 100.0, "percent_statements_covered_display": "100"}, "missing_lines": [], "excluded_lines": [298, 299, 300, 301, 302, 303, 304, 305], "start_line": 297}, "validate_settings": {"executed_lines": [327, 330, 333, 350, 351, 353, 354, 356, 360, 361, 365, 366, 369, 370, 371, 372, 373, 375, 376], "summary": {"covered_lines": 19, "num_statements": 26, "percent_covered": 73.07692307692308, "percent_covered_display": "73", "missing_lines": 7, "excluded_lines": 0, "percent_statements_covered": 73.07692307692308, "percent_statements_covered_display": "73"}, "missing_lines": [334, 340, 341, 342, 343, 344, 357], "excluded_lines": [], "start_line": 313}, "get_settings": {"executed_lines": [387], "summary": {"covered_lines": 1, "num_statements": 1, "percent_covered": 100.0, "percent_covered_display": "100", "missing_lines": 0, "excluded_lines": 0, "percent_statements_covered": 100.0, "percent_statements_covered_display": "100"}, "missing_lines": [], "excluded_lines": [], "start_line": 380}, "reload_settings": {"executed_lines": [398, 401], "summary": {"covered_lines": 2, "num_statements": 2, "percent_covered": 100.0, "percent_covered_display": "100", "missing_lines": 0, "excluded_lines": 0, "percent_statements_covered": 100.0, "percent_statements_covered_display": "100"}, "missing_lines": [], "excluded_lines": [], "start_line": 390}, "": {"executed_lines": [4, 6, 7, 10, 19, 20, 21, 22, 26, 29, 34, 39, 45, 46, 47, 48, 49, 52, 54, 55, 62, 63, 71, 72, 79, 80, 89, 90, 91, 92, 95, 96, 97, 98, 99, 102, 103, 104, 105, 107, 108, 115, 116, 120, 121, 122, 125, 126, 127, 128, 131, 132, 133, 137, 140, 143, 146, 150, 153, 156, 159, 163, 165, 166, 167, 175, 177, 178, 179, 187, 190, 194, 198, 201, 205, 207, 208, 209, 217, 218, 222, 225, 226, 227, 228, 231, 234, 236, 237, 238, 247, 250, 254, 257, 260, 264, 267, 271, 272, 273, 274, 278, 281, 284, 287, 290, 309, 313, 380, 390], "summary": {"covered_lines": 110, "num_statements": 110, "percent_covered": 100.0, "percent_covered_display": "100", "missing_lines": 0, "excluded_lines": 17, "percent_statements_covered": 100.0, "percent_statements_covered_display": "100"}, "missing_lines": [], "excluded_lines": [297, 405, 407, 408, 409, 410, 411, 412, 413, 414, 415, 416, 417, 418, 419, 420, 423], "start_line": 1}}, "classes": {"Settings": {"executed_lines": [57, 66, 82, 110, 111, 169, 170, 171, 172, 181, 182, 183, 184, 211, 212, 213, 214, 240, 241, 243], "summary": {"covered_lines": 20, "num_statements": 22, "percent_covered": 90.9090909090909, "percent_covered_display": "91", "missing_lines": 2, "excluded_lines": 8, "percent_statements_covered": 90.9090909090909, "percent_statements_covered_display": "91"}, "missing_lines": [74, 242], "excluded_lines": [298, 299, 300, 301, 302, 303, 304, 305], "start_line": 10}, "": {"executed_lines": [4, 6, 7, 10, 19, 20, 21, 22, 26, 29, 34, 39, 45, 46, 47, 48, 49, 52, 54, 55, 62, 63, 71, 72, 79, 80, 89, 90, 91, 92, 95, 96, 97, 98, 99, 102, 103, 104, 105, 107, 108, 115, 116, 120, 121, 122, 125, 126, 127, 128, 131, 132, 133, 137, 140, 143, 146, 150, 153, 156, 159, 163, 165, 166, 167, 175, 177, 178, 179, 187, 190, 194, 198, 201, 205, 207, 208, 209, 217, 218, 222, 225, 226, 227, 228, 231, 234, 236, 237, 238, 247, 250, 254, 257, 260, 264, 267, 271, 272, 273, 274, 278, 281, 284, 287, 290, 309, 313, 327, 330, 333, 350, 351, 353, 354, 356, 360, 361, 365, 366, 369, 370, 371, 372, 373, 375, 376, 380, 387, 390, 398, 401], "summary": {"covered_lines": 132, "num_statements": 139, "percent_covered": 94.96402877697842, "percent_covered_display": "95", "missing_lines": 7, "excluded_lines": 17, "percent_statements_covered": 94.96402877697842, "percent_statements_covered_display": "95"}, "missing_lines": [334, 340, 341, 342, 343, 344, 357], "excluded_lines": [297, 405, 407, 408, 409, 410, 411, 412, 413, 414, 415, 416, 417, 418, 419, 420, 423], "start_line": 1}}}, "src\\cryptotechnolog\\core\\__init__.py": {"executed_lines": [13, 15, 18, 19, 20, 23, 35, 36, 37, 45, 53, 61, 62, 63, 64, 65, 66, 67, 72, 78, 79, 90], "summary": {"covered_lines": 22, "num_statements": 22, "percent_covered": 100.0, "percent_covered_display": "100", "missing_lines": 0, "excluded_lines": 2, "percent_statements_covered": 100.0, "percent_statements_covered_display": "100"}, "missing_lines": [], "excluded_lines": [83, 84], "functions": {"": {"executed_lines": [13, 15, 18, 19, 20, 23, 35, 36, 37, 45, 53, 61, 62, 63, 64, 65, 66, 67, 72, 78, 79, 90], "summary": {"covered_lines": 22, "num_statements": 22, "percent_covered": 100.0, "percent_covered_display": "100", "missing_lines": 0, "excluded_lines": 2, "percent_statements_covered": 100.0, "percent_statements_covered_display": "100"}, "missing_lines": [], "excluded_lines": [83, 84], "start_line": 1}}, "classes": {"": {"executed_lines": [13, 15, 18, 19, 20, 23, 35, 36, 37, 45, 53, 61, 62, 63, 64, 65, 66, 67, 72, 78, 79, 90], "summary": {"covered_lines": 22, "num_statements": 22, "percent_covered": 100.0, "percent_covered_display": "100", "missing_lines": 0, "excluded_lines": 2, "percent_statements_covered": 100.0, "percent_statements_covered_display": "100"}, "missing_lines": [], "excluded_lines": [83, 84], "start_line": 1}}}, "src\\cryptotechnolog\\core\\circuit_breaker.py": {"executed_lines": [14, 16, 17, 18, 19, 20, 22, 27, 29, 32, 35, 36, 37, 40, 43, 46, 64, 73, 74, 75, 76, 77, 78, 80, 81, 82, 83, 85, 87, 94, 95, 97, 99, 100, 102, 104, 105, 107, 109, 110, 112, 114, 115, 117, 119, 120, 122, 124, 126, 127, 129, 130, 131, 132, 134, 136, 137, 139, 146, 156, 158, 159, 160, 161, 162, 163, 165, 167, 169, 170, 172, 175, 176, 178, 180, 181, 183, 184, 189, 191, 198, 199, 200, 201, 203, 205, 207, 231, 233, 234, 235, 236, 238, 240, 242, 256, 276, 279, 286, 287, 288, 289, 292, 293, 295], "summary": {"covered_lines": 105, "num_statements": 115, "percent_covered": 91.30434782608695, "percent_covered_display": "91", "missing_lines": 10, "excluded_lines": 2, "percent_statements_covered": 91.30434782608695, "percent_statements_covered_display": "91"}, "missing_lines": [147, 148, 149, 150, 174, 224, 225, 226, 227, 229], "excluded_lines": [24, 25], "functions": {"CircuitBreaker.__init__": {"executed_lines": [73, 74, 75, 76, 77, 78, 80, 81, 82, 83, 85, 87], "summary": {"covered_lines": 12, "num_statements": 12, "percent_covered": 100.0, "percent_covered_display": "100", "missing_lines": 0, "excluded_lines": 0, "percent_statements_covered": 100.0, "percent_statements_covered_display": "100"}, "missing_lines": [], "excluded_lines": [], "start_line": 64}, "CircuitBreaker.name": {"executed_lines": [97], "summary": {"covered_lines": 1, "num_statements": 1, "percent_covered": 100.0, "percent_covered_display": "100", "missing_lines": 0, "excluded_lines": 0, "percent_statements_covered": 100.0, "percent_statements_covered_display": "100"}, "missing_lines": [], "excluded_lines": [], "start_line": 95}, "CircuitBreaker.state": {"executed_lines": [102], "summary": {"covered_lines": 1, "num_statements": 1, "percent_covered": 100.0, "percent_covered_display": "100", "missing_lines": 0, "excluded_lines": 0, "percent_statements_covered": 100.0, "percent_statements_covered_display": "100"}, "missing_lines": [], "excluded_lines": [], "start_line": 100}, "CircuitBreaker.is_closed": {"executed_lines": [107], "summary": {"covered_lines": 1, "num_statements": 1, "percent_covered": 100.0, "percent_covered_display": "100", "missing_lines": 0, "excluded_lines": 0, "percent_statements_covered": 100.0, "percent_statements_covered_display": "100"}, "missing_lines": [], "excluded_lines": [], "start_line": 105}, "CircuitBreaker.is_open": {"executed_lines": [112], "summary": {"covered_lines": 1, "num_statements": 1, "percent_covered": 100.0, "percent_covered_display": "100", "missing_lines": 0, "excluded_lines": 0, "percent_statements_covered": 100.0, "percent_statements_covered_display": "100"}, "missing_lines": [], "excluded_lines": [], "start_line": 110}, "CircuitBreaker.is_half_open": {"executed_lines": [117], "summary": {"covered_lines": 1, "num_statements": 1, "percent_covered": 100.0, "percent_covered_display": "100", "missing_lines": 0, "excluded_lines": 0, "percent_statements_covered": 100.0, "percent_statements_covered_display": "100"}, "missing_lines": [], "excluded_lines": [], "start_line": 115}, "CircuitBreaker.failure_count": {"executed_lines": [122], "summary": {"covered_lines": 1, "num_statements": 1, "percent_covered": 100.0, "percent_covered_display": "100", "missing_lines": 0, "excluded_lines": 0, "percent_statements_covered": 100.0, "percent_statements_covered_display": "100"}, "missing_lines": [], "excluded_lines": [], "start_line": 120}, "CircuitBreaker._check_recovery": {"executed_lines": [126, 127, 129, 130, 131, 132], "summary": {"covered_lines": 6, "num_statements": 6, "percent_covered": 100.0, "percent_covered_display": "100", "missing_lines": 0, "excluded_lines": 0, "percent_statements_covered": 100.0, "percent_statements_covered_display": "100"}, "missing_lines": [], "excluded_lines": [], "start_line": 124}, "CircuitBreaker._transition_to": {"executed_lines": [136, 137, 139, 146], "summary": {"covered_lines": 4, "num_statements": 8, "percent_covered": 50.0, "percent_covered_display": "50", "missing_lines": 4, "excluded_lines": 0, "percent_statements_covered": 50.0, "percent_statements_covered_display": "50"}, "missing_lines": [147, 148, 149, 150], "excluded_lines": [], "start_line": 134}, "CircuitBreaker._record_success": {"executed_lines": [158, 159, 160, 161, 162, 163, 165], "summary": {"covered_lines": 7, "num_statements": 7, "percent_covered": 100.0, "percent_covered_display": "100", "missing_lines": 0, "excluded_lines": 0, "percent_statements_covered": 100.0, "percent_statements_covered_display": "100"}, "missing_lines": [], "excluded_lines": [], "start_line": 156}, "CircuitBreaker._record_failure": {"executed_lines": [169, 170, 172, 175, 176], "summary": {"covered_lines": 5, "num_statements": 6, "percent_covered": 83.33333333333333, "percent_covered_display": "83", "missing_lines": 1, "excluded_lines": 0, "percent_statements_covered": 83.33333333333333, "percent_statements_covered_display": "83"}, "missing_lines": [174], "excluded_lines": [], "start_line": 167}, "CircuitBreaker.__aenter__": {"executed_lines": [180, 181, 183, 184, 189], "summary": {"covered_lines": 5, "num_statements": 5, "percent_covered": 100.0, "percent_covered_display": "100", "missing_lines": 0, "excluded_lines": 0, "percent_statements_covered": 100.0, "percent_statements_covered_display": "100"}, "missing_lines": [], "excluded_lines": [], "start_line": 178}, "CircuitBreaker.__aexit__": {"executed_lines": [198, 199, 200, 201, 203, 205], "summary": {"covered_lines": 6, "num_statements": 6, "percent_covered": 100.0, "percent_covered_display": "100", "missing_lines": 0, "excluded_lines": 0, "percent_statements_covered": 100.0, "percent_statements_covered_display": "100"}, "missing_lines": [], "excluded_lines": [], "start_line": 191}, "CircuitBreaker.execute": {"executed_lines": [], "summary": {"covered_lines": 0, "num_statements": 3, "percent_covered": 0.0, "percent_covered_display": "0", "missing_lines": 3, "excluded_lines": 0, "percent_statements_covered": 0.0, "percent_statements_covered_display": "0"}, "missing_lines": [224, 225, 229], "excluded_lines": [], "start_line": 207}, "CircuitBreaker.execute.wrapped": {"executed_lines": [], "summary": {"covered_lines": 0, "num_statements": 2, "percent_covered": 0.0, "percent_covered_display": "0", "missing_lines": 2, "excluded_lines": 0, "percent_statements_covered": 0.0, "percent_statements_covered_display": "0"}, "missing_lines": [226, 227], "excluded_lines": [], "start_line": 225}, "CircuitBreaker.reset": {"executed_lines": [233, 234, 235, 236, 238], "summary": {"covered_lines": 5, "num_statements": 5, "percent_covered": 100.0, "percent_covered_display": "100", "missing_lines": 0, "excluded_lines": 0, "percent_statements_covered": 100.0, "percent_statements_covered_display": "100"}, "missing_lines": [], "excluded_lines": [], "start_line": 231}, "CircuitBreaker.get_stats": {"executed_lines": [242], "summary": {"covered_lines": 1, "num_statements": 1, "percent_covered": 100.0, "percent_covered_display": "100", "missing_lines": 0, "excluded_lines": 0, "percent_statements_covered": 100.0, "percent_statements_covered_display": "100"}, "missing_lines": [], "excluded_lines": [], "start_line": 240}, "circuit_breaker": {"executed_lines": [276, 295], "summary": {"covered_lines": 2, "num_statements": 2, "percent_covered": 100.0, "percent_covered_display": "100", "missing_lines": 0, "excluded_lines": 0, "percent_statements_covered": 100.0, "percent_statements_covered_display": "100"}, "missing_lines": [], "excluded_lines": [], "start_line": 256}, "circuit_breaker.decorator": {"executed_lines": [279, 286, 287, 292, 293], "summary": {"covered_lines": 5, "num_statements": 5, "percent_covered": 100.0, "percent_covered_display": "100", "missing_lines": 0, "excluded_lines": 0, "percent_statements_covered": 100.0, "percent_statements_covered_display": "100"}, "missing_lines": [], "excluded_lines": [], "start_line": 276}, "circuit_breaker.decorator.wrapper": {"executed_lines": [288, 289], "summary": {"covered_lines": 2, "num_statements": 2, "percent_covered": 100.0, "percent_covered_display": "100", "missing_lines": 0, "excluded_lines": 0, "percent_statements_covered": 100.0, "percent_statements_covered_display": "100"}, "missing_lines": [], "excluded_lines": [], "start_line": 287}, "": {"executed_lines": [14, 16, 17, 18, 19, 20, 22, 27, 29, 32, 35, 36, 37, 40, 43, 46, 64, 94, 95, 99, 100, 104, 105, 109, 110, 114, 115, 119, 120, 124, 134, 156, 167, 178, 191, 207, 231, 240, 256], "summary": {"covered_lines": 39, "num_statements": 39, "percent_covered": 100.0, "percent_covered_display": "100", "missing_lines": 0, "excluded_lines": 2, "percent_statements_covered": 100.0, "percent_statements_covered_display": "100"}, "missing_lines": [], "excluded_lines": [24, 25], "start_line": 1}}, "classes": {"CircuitState": {"executed_lines": [], "summary": {"covered_lines": 0, "num_statements": 0, "percent_covered": 100.0, "percent_covered_display": "100", "missing_lines": 0, "excluded_lines": 0, "percent_statements_covered": 100.0, "percent_statements_covered_display": "100"}, "missing_lines": [], "excluded_lines": [], "start_line": 32}, "CircuitBreakerError": {"executed_lines": [], "summary": {"covered_lines": 0, "num_statements": 0, "percent_covered": 100.0, "percent_covered_display": "100", "missing_lines": 0, "excluded_lines": 0, "percent_statements_covered": 100.0, "percent_statements_covered_display": "100"}, "missing_lines": [], "excluded_lines": [], "start_line": 40}, "CircuitBreaker": {"executed_lines": [73, 74, 75, 76, 77, 78, 80, 81, 82, 83, 85, 87, 97, 102, 107, 112, 117, 122, 126, 127, 129, 130, 131, 132, 136, 137, 139, 146, 158, 159, 160, 161, 162, 163, 165, 169, 170, 172, 175, 176, 180, 181, 183, 184, 189, 198, 199, 200, 201, 203, 205, 233, 234, 235, 236, 238, 242], "summary": {"covered_lines": 57, "num_statements": 67, "percent_covered": 85.07462686567165, "percent_covered_display": "85", "missing_lines": 10, "excluded_lines": 0, "percent_statements_covered": 85.07462686567165, "percent_statements_covered_display": "85"}, "missing_lines": [147, 148, 149, 150, 174, 224, 225, 226, 227, 229], "excluded_lines": [], "start_line": 46}, "": {"executed_lines": [14, 16, 17, 18, 19, 20, 22, 27, 29, 32, 35, 36, 37, 40, 43, 46, 64, 94, 95, 99, 100, 104, 105, 109, 110, 114, 115, 119, 120, 124, 134, 156, 167, 178, 191, 207, 231, 240, 256, 276, 279, 286, 287, 288, 289, 292, 293, 295], "summary": {"covered_lines": 48, "num_statements": 48, "percent_covered": 100.0, "percent_covered_display": "100", "missing_lines": 0, "excluded_lines": 2, "percent_statements_covered": 100.0, "percent_statements_covered_display": "100"}, "missing_lines": [], "excluded_lines": [24, 25], "start_line": 1}}}, "src\\cryptotechnolog\\core\\database.py": {"executed_lines": [15, 16, 17, 18, 19, 21, 23, 24, 26, 30, 33, 51, 65, 67, 68, 69, 71, 72, 73, 74, 77, 78, 86, 93, 94, 96, 98, 99, 103, 104, 108, 114, 155, 157, 164, 165, 176, 178, 186, 187, 206, 224, 225, 226, 228, 246, 247, 248, 250, 268, 269, 271, 293, 314, 322, 326, 327, 335, 343, 344, 346, 348, 364, 371, 378, 379, 381, 391, 398, 399, 403, 413, 417, 432, 454, 469, 525, 549, 573, 576, 594, 612, 617, 625, 626, 627, 630, 642], "summary": {"covered_lines": 88, "num_statements": 185, "percent_covered": 47.567567567567565, "percent_covered_display": "48", "missing_lines": 97, "excluded_lines": 0, "percent_statements_covered": 47.567567567567565, "percent_statements_covered_display": "48"}, "missing_lines": [101, 106, 110, 111, 112, 123, 124, 127, 128, 133, 135, 136, 142, 145, 146, 147, 149, 150, 151, 152, 153, 158, 159, 160, 161, 162, 179, 181, 182, 184, 201, 202, 289, 290, 291, 311, 312, 336, 356, 357, 410, 411, 415, 427, 428, 430, 449, 450, 452, 464, 465, 467, 499, 501, 504, 506, 507, 510, 511, 512, 513, 516, 519, 520, 521, 523, 536, 537, 539, 540, 542, 543, 544, 545, 547, 566, 567, 569, 586, 587, 588, 589, 590, 591, 604, 605, 606, 607, 608, 609, 614, 637, 638, 639, 645, 646, 647], "excluded_lines": [], "functions": {"DatabaseManager.__init__": {"executed_lines": [65, 67, 68, 69, 71, 72, 73, 74, 77, 78, 86], "summary": {"covered_lines": 11, "num_statements": 11, "percent_covered": 100.0, "percent_covered_display": "100", "missing_lines": 0, "excluded_lines": 0, "percent_statements_covered": 100.0, "percent_statements_covered_display": "100"}, "missing_lines": [], "excluded_lines": [], "start_line": 51}, "DatabaseManager.is_connected": {"executed_lines": [96], "summary": {"covered_lines": 1, "num_statements": 1, "percent_covered": 100.0, "percent_covered_display": "100", "missing_lines": 0, "excluded_lines": 0, "percent_statements_covered": 100.0, "percent_statements_covered_display": "100"}, "missing_lines": [], "excluded_lines": [], "start_line": 94}, "DatabaseManager.pool": {"executed_lines": [], "summary": {"covered_lines": 0, "num_statements": 1, "percent_covered": 0.0, "percent_covered_display": "0", "missing_lines": 1, "excluded_lines": 0, "percent_statements_covered": 0.0, "percent_statements_covered_display": "0"}, "missing_lines": [101], "excluded_lines": [], "start_line": 99}, "DatabaseManager.circuit_breaker": {"executed_lines": [], "summary": {"covered_lines": 0, "num_statements": 1, "percent_covered": 0.0, "percent_covered_display": "0", "missing_lines": 1, "excluded_lines": 0, "percent_statements_covered": 0.0, "percent_statements_covered_display": "0"}, "missing_lines": [106], "excluded_lines": [], "start_line": 104}, "DatabaseManager.is_healthy": {"executed_lines": [], "summary": {"covered_lines": 0, "num_statements": 3, "percent_covered": 0.0, "percent_covered_display": "0", "missing_lines": 3, "excluded_lines": 0, "percent_statements_covered": 0.0, "percent_statements_covered_display": "0"}, "missing_lines": [110, 111, 112], "excluded_lines": [], "start_line": 108}, "DatabaseManager.connect": {"executed_lines": [], "summary": {"covered_lines": 0, "num_statements": 16, "percent_covered": 0.0, "percent_covered_display": "0", "missing_lines": 16, "excluded_lines": 0, "percent_statements_covered": 0.0, "percent_statements_covered_display": "0"}, "missing_lines": [123, 124, 127, 128, 133, 135, 136, 142, 145, 146, 147, 149, 150, 151, 152, 153], "excluded_lines": [], "start_line": 114}, "DatabaseManager.disconnect": {"executed_lines": [157], "summary": {"covered_lines": 1, "num_statements": 6, "percent_covered": 16.666666666666668, "percent_covered_display": "17", "missing_lines": 5, "excluded_lines": 0, "percent_statements_covered": 16.666666666666668, "percent_statements_covered_display": "17"}, "missing_lines": [158, 159, 160, 161, 162], "excluded_lines": [], "start_line": 155}, "DatabaseManager.connection": {"executed_lines": [176, 178], "summary": {"covered_lines": 2, "num_statements": 6, "percent_covered": 33.333333333333336, "percent_covered_display": "33", "missing_lines": 4, "excluded_lines": 0, "percent_statements_covered": 33.333333333333336, "percent_statements_covered_display": "33"}, "missing_lines": [179, 181, 182, 184], "excluded_lines": [], "start_line": 165}, "DatabaseManager.transaction": {"executed_lines": [], "summary": {"covered_lines": 0, "num_statements": 2, "percent_covered": 0.0, "percent_covered_display": "0", "missing_lines": 2, "excluded_lines": 0, "percent_statements_covered": 0.0, "percent_statements_covered_display": "0"}, "missing_lines": [201, 202], "excluded_lines": [], "start_line": 187}, "DatabaseManager.fetch": {"executed_lines": [224, 225, 226], "summary": {"covered_lines": 3, "num_statements": 3, "percent_covered": 100.0, "percent_covered_display": "100", "missing_lines": 0, "excluded_lines": 0, "percent_statements_covered": 100.0, "percent_statements_covered_display": "100"}, "missing_lines": [], "excluded_lines": [], "start_line": 206}, "DatabaseManager.fetchrow": {"executed_lines": [246, 247, 248], "summary": {"covered_lines": 3, "num_statements": 3, "percent_covered": 100.0, "percent_covered_display": "100", "missing_lines": 0, "excluded_lines": 0, "percent_statements_covered": 100.0, "percent_statements_covered_display": "100"}, "missing_lines": [], "excluded_lines": [], "start_line": 228}, "DatabaseManager.fetchval": {"executed_lines": [268, 269], "summary": {"covered_lines": 2, "num_statements": 2, "percent_covered": 100.0, "percent_covered_display": "100", "missing_lines": 0, "excluded_lines": 0, "percent_statements_covered": 100.0, "percent_statements_covered_display": "100"}, "missing_lines": [], "excluded_lines": [], "start_line": 250}, "DatabaseManager.execute": {"executed_lines": [], "summary": {"covered_lines": 0, "num_statements": 3, "percent_covered": 0.0, "percent_covered_display": "0", "missing_lines": 3, "excluded_lines": 0, "percent_statements_covered": 0.0, "percent_statements_covered_display": "0"}, "missing_lines": [289, 290, 291], "excluded_lines": [], "start_line": 271}, "DatabaseManager.execute_many": {"executed_lines": [], "summary": {"covered_lines": 0, "num_statements": 2, "percent_covered": 0.0, "percent_covered_display": "0", "missing_lines": 2, "excluded_lines": 0, "percent_statements_covered": 0.0, "percent_statements_covered_display": "0"}, "missing_lines": [311, 312], "excluded_lines": [], "start_line": 293}, "DatabaseManager.health_check": {"executed_lines": [322, 326, 327, 335, 343, 344, 346, 348], "summary": {"covered_lines": 8, "num_statements": 11, "percent_covered": 72.72727272727273, "percent_covered_display": "73", "missing_lines": 3, "excluded_lines": 0, "percent_statements_covered": 72.72727272727273, "percent_statements_covered_display": "73"}, "missing_lines": [336, 356, 357], "excluded_lines": [], "start_line": 314}, "DatabaseManager.get_table_names": {"executed_lines": [371, 378, 379], "summary": {"covered_lines": 3, "num_statements": 3, "percent_covered": 100.0, "percent_covered_display": "100", "missing_lines": 0, "excluded_lines": 0, "percent_statements_covered": 100.0, "percent_statements_covered_display": "100"}, "missing_lines": [], "excluded_lines": [], "start_line": 364}, "DatabaseManager.table_exists": {"executed_lines": [391, 398, 399], "summary": {"covered_lines": 3, "num_statements": 3, "percent_covered": 100.0, "percent_covered_display": "100", "missing_lines": 0, "excluded_lines": 0, "percent_statements_covered": 100.0, "percent_statements_covered_display": "100"}, "missing_lines": [], "excluded_lines": [], "start_line": 381}, "DatabaseManager.set_redis": {"executed_lines": [], "summary": {"covered_lines": 0, "num_statements": 2, "percent_covered": 0.0, "percent_covered_display": "0", "missing_lines": 2, "excluded_lines": 0, "percent_statements_covered": 0.0, "percent_statements_covered_display": "0"}, "missing_lines": [410, 411], "excluded_lines": [], "start_line": 403}, "DatabaseManager.has_redis": {"executed_lines": [], "summary": {"covered_lines": 0, "num_statements": 1, "percent_covered": 0.0, "percent_covered_display": "0", "missing_lines": 1, "excluded_lines": 0, "percent_statements_covered": 0.0, "percent_statements_covered_display": "0"}, "missing_lines": [415], "excluded_lines": [], "start_line": 413}, "DatabaseManager.cache_get": {"executed_lines": [], "summary": {"covered_lines": 0, "num_statements": 3, "percent_covered": 0.0, "percent_covered_display": "0", "missing_lines": 3, "excluded_lines": 0, "percent_statements_covered": 0.0, "percent_statements_covered_display": "0"}, "missing_lines": [427, 428, 430], "excluded_lines": [], "start_line": 417}, "DatabaseManager.cache_set": {"executed_lines": [], "summary": {"covered_lines": 0, "num_statements": 3, "percent_covered": 0.0, "percent_covered_display": "0", "missing_lines": 3, "excluded_lines": 0, "percent_statements_covered": 0.0, "percent_statements_covered_display": "0"}, "missing_lines": [449, 450, 452], "excluded_lines": [], "start_line": 432}, "DatabaseManager.cache_delete": {"executed_lines": [], "summary": {"covered_lines": 0, "num_statements": 3, "percent_covered": 0.0, "percent_covered_display": "0", "missing_lines": 3, "excluded_lines": 0, "percent_statements_covered": 0.0, "percent_statements_covered_display": "0"}, "missing_lines": [464, 465, 467], "excluded_lines": [], "start_line": 454}, "DatabaseManager.fetch_cached": {"executed_lines": [], "summary": {"covered_lines": 0, "num_statements": 14, "percent_covered": 0.0, "percent_covered_display": "0", "missing_lines": 14, "excluded_lines": 0, "percent_statements_covered": 0.0, "percent_statements_covered_display": "0"}, "missing_lines": [499, 501, 504, 506, 507, 510, 511, 512, 513, 516, 519, 520, 521, 523], "excluded_lines": [], "start_line": 469}, "DatabaseManager.invalidate_cache": {"executed_lines": [], "summary": {"covered_lines": 0, "num_statements": 9, "percent_covered": 0.0, "percent_covered_display": "0", "missing_lines": 9, "excluded_lines": 0, "percent_statements_covered": 0.0, "percent_statements_covered_display": "0"}, "missing_lines": [536, 537, 539, 540, 542, 543, 544, 545, 547], "excluded_lines": [], "start_line": 525}, "DatabaseManager.publish": {"executed_lines": [], "summary": {"covered_lines": 0, "num_statements": 3, "percent_covered": 0.0, "percent_covered_display": "0", "missing_lines": 3, "excluded_lines": 0, "percent_statements_covered": 0.0, "percent_statements_covered_display": "0"}, "missing_lines": [566, 567, 569], "excluded_lines": [], "start_line": 549}, "get_db_pool": {"executed_lines": [], "summary": {"covered_lines": 0, "num_statements": 6, "percent_covered": 0.0, "percent_covered_display": "0", "missing_lines": 6, "excluded_lines": 0, "percent_statements_covered": 0.0, "percent_statements_covered_display": "0"}, "missing_lines": [586, 587, 588, 589, 590, 591], "excluded_lines": [], "start_line": 576}, "init_db_pool": {"executed_lines": [], "summary": {"covered_lines": 0, "num_statements": 6, "percent_covered": 0.0, "percent_covered_display": "0", "missing_lines": 6, "excluded_lines": 0, "percent_statements_covered": 0.0, "percent_statements_covered_display": "0"}, "missing_lines": [604, 605, 606, 607, 608, 609], "excluded_lines": [], "start_line": 594}, "close_db_pool": {"executed_lines": [], "summary": {"covered_lines": 0, "num_statements": 1, "percent_covered": 0.0, "percent_covered_display": "0", "missing_lines": 1, "excluded_lines": 0, "percent_statements_covered": 0.0, "percent_statements_covered_display": "0"}, "missing_lines": [614], "excluded_lines": [], "start_line": 612}, "get_database": {"executed_lines": [625, 626, 627], "summary": {"covered_lines": 3, "num_statements": 3, "percent_covered": 100.0, "percent_covered_display": "100", "missing_lines": 0, "excluded_lines": 0, "percent_statements_covered": 100.0, "percent_statements_covered_display": "100"}, "missing_lines": [], "excluded_lines": [], "start_line": 617}, "init_database": {"executed_lines": [], "summary": {"covered_lines": 0, "num_statements": 3, "percent_covered": 0.0, "percent_covered_display": "0", "missing_lines": 3, "excluded_lines": 0, "percent_statements_covered": 0.0, "percent_statements_covered_display": "0"}, "missing_lines": [637, 638, 639], "excluded_lines": [], "start_line": 630}, "close_database": {"executed_lines": [], "summary": {"covered_lines": 0, "num_statements": 3, "percent_covered": 0.0, "percent_covered_display": "0", "missing_lines": 3, "excluded_lines": 0, "percent_statements_covered": 0.0, "percent_statements_covered_display": "0"}, "missing_lines": [645, 646, 647], "excluded_lines": [], "start_line": 642}, "": {"executed_lines": [15, 16, 17, 18, 19, 21, 23, 24, 26, 30, 33, 51, 93, 94, 98, 99, 103, 104, 108, 114, 155, 164, 165, 186, 187, 206, 228, 250, 271, 293, 314, 364, 381, 403, 413, 417, 432, 454, 469, 525, 549, 573, 576, 594, 612, 617, 630, 642], "summary": {"covered_lines": 48, "num_statements": 48, "percent_covered": 100.0, "percent_covered_display": "100", "missing_lines": 0, "excluded_lines": 0, "percent_statements_covered": 100.0, "percent_statements_covered_display": "100"}, "missing_lines": [], "excluded_lines": [], "start_line": 1}}, "classes": {"DatabaseManager": {"executed_lines": [65, 67, 68, 69, 71, 72, 73, 74, 77, 78, 86, 96, 157, 176, 178, 224, 225, 226, 246, 247, 248, 268, 269, 322, 326, 327, 335, 343, 344, 346, 348, 371, 378, 379, 391, 398, 399], "summary": {"covered_lines": 37, "num_statements": 115, "percent_covered": 32.17391304347826, "percent_covered_display": "32", "missing_lines": 78, "excluded_lines": 0, "percent_statements_covered": 32.17391304347826, "percent_statements_covered_display": "32"}, "missing_lines": [101, 106, 110, 111, 112, 123, 124, 127, 128, 133, 135, 136, 142, 145, 146, 147, 149, 150, 151, 152, 153, 158, 159, 160, 161, 162, 179, 181, 182, 184, 201, 202, 289, 290, 291, 311, 312, 336, 356, 357, 410, 411, 415, 427, 428, 430, 449, 450, 452, 464, 465, 467, 499, 501, 504, 506, 507, 510, 511, 512, 513, 516, 519, 520, 521, 523, 536, 537, 539, 540, 542, 543, 544, 545, 547, 566, 567, 569], "excluded_lines": [], "start_line": 33}, "": {"executed_lines": [15, 16, 17, 18, 19, 21, 23, 24, 26, 30, 33, 51, 93, 94, 98, 99, 103, 104, 108, 114, 155, 164, 165, 186, 187, 206, 228, 250, 271, 293, 314, 364, 381, 403, 413, 417, 432, 454, 469, 525, 549, 573, 576, 594, 612, 617, 625, 626, 627, 630, 642], "summary": {"covered_lines": 51, "num_statements": 70, "percent_covered": 72.85714285714286, "percent_covered_display": "73", "missing_lines": 19, "excluded_lines": 0, "percent_statements_covered": 72.85714285714286, "percent_statements_covered_display": "73"}, "missing_lines": [586, 587, 588, 589, 590, 591, 604, 605, 606, 607, 608, 609, 614, 637, 638, 639, 645, 646, 647], "excluded_lines": [], "start_line": 1}}}, "src\\cryptotechnolog\\core\\dual_control.py": {"executed_lines": [9, 11, 12, 13, 14, 15, 18, 21, 22, 23, 24, 25, 26, 29, 32, 33, 34, 35, 36, 39, 40, 52, 53, 54, 55, 56, 59, 60, 82, 83, 84, 85, 86, 87, 88, 89, 90, 91, 92, 93, 94, 96, 98, 100, 102, 104, 114, 115, 117, 119, 121, 122, 123, 124, 126, 137, 140, 141, 142, 143, 144, 146, 153, 156, 157, 159, 164, 166, 184, 185, 186, 190, 193, 194, 195, 196, 200, 205, 210, 216, 222, 230, 234, 262, 266, 273, 280, 287], "summary": {"covered_lines": 88, "num_statements": 115, "percent_covered": 76.52173913043478, "percent_covered_display": "77", "missing_lines": 27, "excluded_lines": 0, "percent_statements_covered": 76.52173913043478, "percent_statements_covered_display": "77"}, "missing_lines": [138, 154, 161, 162, 232, 253, 259, 260, 264, 268, 269, 270, 271, 275, 276, 277, 278, 282, 283, 284, 285, 289, 290, 291, 292, 293, 294], "excluded_lines": [], "functions": {"DualControlRequest.is_expired": {"executed_lines": [98], "summary": {"covered_lines": 1, "num_statements": 1, "percent_covered": 100.0, "percent_covered_display": "100", "missing_lines": 0, "excluded_lines": 0, "percent_statements_covered": 100.0, "percent_statements_covered_display": "100"}, "missing_lines": [], "excluded_lines": [], "start_line": 96}, "DualControlRequest.is_pending": {"executed_lines": [102], "summary": {"covered_lines": 1, "num_statements": 1, "percent_covered": 100.0, "percent_covered_display": "100", "missing_lines": 0, "excluded_lines": 0, "percent_statements_covered": 100.0, "percent_statements_covered_display": "100"}, "missing_lines": [], "excluded_lines": [], "start_line": 100}, "DualControlRequest.approve": {"executed_lines": [114, 115, 117, 119, 121, 122, 123, 124], "summary": {"covered_lines": 8, "num_statements": 8, "percent_covered": 100.0, "percent_covered_display": "100", "missing_lines": 0, "excluded_lines": 0, "percent_statements_covered": 100.0, "percent_statements_covered_display": "100"}, "missing_lines": [], "excluded_lines": [], "start_line": 104}, "DualControlRequest.reject": {"executed_lines": [137, 140, 141, 142, 143, 144], "summary": {"covered_lines": 6, "num_statements": 7, "percent_covered": 85.71428571428571, "percent_covered_display": "86", "missing_lines": 1, "excluded_lines": 0, "percent_statements_covered": 85.71428571428571, "percent_statements_covered_display": "86"}, "missing_lines": [138], "excluded_lines": [], "start_line": 126}, "DualControlRequest.cancel": {"executed_lines": [153, 156, 157], "summary": {"covered_lines": 3, "num_statements": 4, "percent_covered": 75.0, "percent_covered_display": "75", "missing_lines": 1, "excluded_lines": 0, "percent_statements_covered": 75.0, "percent_statements_covered_display": "75"}, "missing_lines": [154], "excluded_lines": [], "start_line": 146}, "DualControlRequest.expire": {"executed_lines": [], "summary": {"covered_lines": 0, "num_statements": 2, "percent_covered": 0.0, "percent_covered_display": "0", "missing_lines": 2, "excluded_lines": 0, "percent_statements_covered": 0.0, "percent_statements_covered_display": "0"}, "missing_lines": [161, 162], "excluded_lines": [], "start_line": 159}, "DualControlRequest.to_dict": {"executed_
[...]
lines": [101, 102, 103, 104, 105, 109, 110, 114, 118, 122], "summary": {"covered_lines": 10, "num_statements": 10, "percent_covered": 100.0, "percent_covered_display": "100", "missing_lines": 0, "excluded_lines": 0, "percent_statements_covered": 100.0, "percent_statements_covered_display": "100"}, "missing_lines": [], "excluded_lines": [], "start_line": 91}, "ComponentChecker": {"executed_lines": [139, 140, 141, 142, 143, 145, 154, 163, 165, 167, 175, 178, 182, 183, 184, 185, 186, 187, 188, 190, 191, 192, 193, 194, 201, 202, 203, 205, 210, 211, 212, 213, 214, 216, 222, 231, 238, 246, 247, 248, 250, 251, 258, 260, 261, 263, 264, 265, 266, 267, 271, 273, 274, 280], "summary": {"covered_lines": 54, "num_statements": 74, "percent_covered": 72.97297297297297, "percent_covered_display": "73", "missing_lines": 20, "excluded_lines": 0, "percent_statements_covered": 72.97297297297297, "percent_statements_covered_display": "73"}, "missing_lines": [168, 169, 170, 171, 172, 179, 196, 197, 198, 199, 206, 207, 208, 232, 236, 239, 244, 282, 283, 288], "excluded_lines": [], "start_line": 128}, "Watchdog": {"executed_lines": [324, 325, 326, 327, 329, 330, 331, 332, 335, 336, 337, 340, 341, 342, 344, 353, 358, 378, 385, 386, 387, 395, 397, 405, 407, 421, 422, 423, 428, 448, 452, 453, 455, 456, 458, 470, 471, 472, 473, 474, 480, 481, 482, 486, 507, 510, 511, 512, 516, 517, 518, 520, 521, 525, 526, 529, 532, 534, 535, 536, 541, 545, 547, 548, 549, 555, 563, 569, 579, 587, 588, 589, 594, 605, 614, 615, 616, 617, 618, 620, 632, 633, 634, 636, 637, 649, 650, 663, 667, 671, 675, 679, 680, 682, 685, 690, 694, 697, 699, 700, 701, 702, 704, 707, 716, 720, 743, 744, 745, 747, 768], "summary": {"covered_lines": 111, "num_statements": 142, "percent_covered": 78.16901408450704, "percent_covered_display": "78", "missing_lines": 31, "excluded_lines": 5, "percent_statements_covered": 78.16901408450704, "percent_statements_covered_display": "78"}, "missing_lines": [379, 429, 431, 442, 443, 483, 484, 487, 497, 499, 500, 501, 502, 503, 513, 514, 537, 538, 539, 590, 591, 659, 676, 677, 695, 748, 755, 756, 770, 771, 772], "excluded_lines": [775, 776, 777, 778, 779], "start_line": 294}, "": {"executed_lines": [16, 18, 19, 20, 21, 22, 23, 25, 28, 33, 34, 35, 36, 37, 43, 46, 49, 50, 51, 52, 55, 58, 59, 60, 61, 62, 65, 66, 69, 70, 71, 72, 75, 76, 79, 80, 81, 82, 83, 84, 85, 91, 94, 107, 112, 116, 120, 128, 131, 151, 152, 156, 224, 294, 317, 350, 351, 355, 356, 360, 414, 425, 450, 505, 543, 571, 607, 622, 639, 652, 661, 665, 669, 673, 692, 718, 730], "summary": {"covered_lines": 77, "num_statements": 77, "percent_covered": 100.0, "percent_covered_display": "100", "missing_lines": 0, "excluded_lines": 5, "percent_statements_covered": 100.0, "percent_statements_covered_display": "100"}, "missing_lines": [], "excluded_lines": [30, 31, 40, 41, 774], "start_line": 1}}}, "src\\cryptotechnolog\\data\\__init__.py": {"executed_lines": [4, 16], "summary": {"covered_lines": 2, "num_statements": 2, "percent_covered": 100.0, "percent_covered_display": "100", "missing_lines": 0, "excluded_lines": 0, "percent_statements_covered": 100.0, "percent_statements_covered_display": "100"}, "missing_lines": [], "excluded_lines": [], "functions": {"": {"executed_lines": [4, 16], "summary": {"covered_lines": 2, "num_statements": 2, "percent_covered": 100.0, "percent_covered_display": "100", "missing_lines": 0, "excluded_lines": 0, "percent_statements_covered": 100.0, "percent_statements_covered_display": "100"}, "missing_lines": [], "excluded_lines": [], "start_line": 1}}, "classes": {"": {"executed_lines": [4, 16], "summary": {"covered_lines": 2, "num_statements": 2, "percent_covered": 100.0, "percent_covered_display": "100", "missing_lines": 0, "excluded_lines": 0, "percent_statements_covered": 100.0, "percent_statements_covered_display": "100"}, "missing_lines": [], "excluded_lines": [], "start_line": 1}}}, "src\\cryptotechnolog\\data\\frame.py": {"executed_lines": [4, 6, 7, 8, 10, 11, 14, 15, 19, 33, 34, 35, 39, 40, 42, 43, 44, 49, 52, 55, 58, 71, 72, 73, 74, 75, 79, 100, 122, 136, 138, 140, 146, 147, 148, 149, 152, 156, 170, 180, 181, 182, 183, 186, 187, 193, 209, 211, 213, 215, 217, 230, 231, 232, 241, 244, 260, 261, 263, 265, 267, 269, 270, 271, 272], "summary": {"covered_lines": 65, "num_statements": 83, "percent_covered": 78.3132530120482, "percent_covered_display": "78", "missing_lines": 18, "excluded_lines": 12, "percent_statements_covered": 78.3132530120482, "percent_statements_covered_display": "78"}, "missing_lines": [36, 45, 46, 47, 48, 53, 95, 96, 97, 116, 117, 118, 141, 142, 143, 190, 216, 264], "excluded_lines": [276, 278, 279, 280, 281, 283, 284, 285, 288, 289, 290, 291], "functions": {"to_polars": {"executed_lines": [33, 34, 35, 39, 40, 42, 43, 44, 49, 52, 55], "summary": {"covered_lines": 11, "num_statements": 17, "percent_covered": 64.70588235294117, "percent_covered_display": "65", "missing_lines": 6, "excluded_lines": 0, "percent_statements_covered": 64.70588235294117, "percent_statements_covered_display": "65"}, "missing_lines": [36, 45, 46, 47, 48, 53], "excluded_lines": [], "start_line": 19}, "to_pandas": {"executed_lines": [71, 72, 73, 74, 75], "summary": {"covered_lines": 5, "num_statements": 5, "percent_covered": 100.0, "percent_covered_display": "100", "missing_lines": 0, "excluded_lines": 0, "percent_statements_covered": 100.0, "percent_statements_covered_display": "100"}, "missing_lines": [], "excluded_lines": [], "start_line": 58}, "read_csv": {"executed_lines": [], "summary": {"covered_lines": 0, "num_statements": 3, "percent_covered": 0.0, "percent_covered_display": "0", "missing_lines": 3, "excluded_lines": 0, "percent_statements_covered": 0.0, "percent_statements_covered_display": "0"}, "missing_lines": [95, 96, 97], "excluded_lines": [], "start_line": 79}, "read_parquet": {"executed_lines": [], "summary": {"covered_lines": 0, "num_statements": 3, "percent_covered": 0.0, "percent_covered_display": "0", "missing_lines": 3, "excluded_lines": 0, "percent_statements_covered": 0.0, "percent_statements_covered_display": "0"}, "missing_lines": [116, 117, 118], "excluded_lines": [], "start_line": 100}, "benchmark_conversion": {"executed_lines": [136, 138, 140, 146, 147, 148, 149, 152], "summary": {"covered_lines": 8, "num_statements": 11, "percent_covered": 72.72727272727273, "percent_covered_display": "73", "missing_lines": 3, "excluded_lines": 0, "percent_statements_covered": 72.72727272727273, "percent_statements_covered_display": "73"}, "missing_lines": [141, 142, 143], "excluded_lines": [], "start_line": 122}, "_convert_timeframe_for_polars": {"executed_lines": [170, 180, 181, 182, 183, 186, 187], "summary": {"covered_lines": 7, "num_statements": 8, "percent_covered": 87.5, "percent_covered_display": "88", "missing_lines": 1, "excluded_lines": 0, "percent_statements_covered": 87.5, "percent_statements_covered_display": "88"}, "missing_lines": [190], "excluded_lines": [], "start_line": 156}, "resample_ohlcv": {"executed_lines": [209, 211, 213, 215, 217, 230, 231, 232, 241], "summary": {"covered_lines": 9, "num_statements": 10, "percent_covered": 90.0, "percent_covered_display": "90", "missing_lines": 1, "excluded_lines": 0, "percent_statements_covered": 90.0, "percent_statements_covered_display": "90"}, "missing_lines": [216], "excluded_lines": [], "start_line": 193}, "calculate_returns": {"executed_lines": [260, 261, 263, 265, 267, 269, 270, 271, 272], "summary": {"covered_lines": 9, "num_statements": 10, "percent_covered": 90.0, "percent_covered_display": "90", "missing_lines": 1, "excluded_lines": 0, "percent_statements_covered": 90.0, "percent_statements_covered_display": "90"}, "missing_lines": [264], "excluded_lines": [], "start_line": 244}, "": {"executed_lines": [4, 6, 7, 8, 10, 11, 14, 15, 19, 58, 79, 100, 122, 156, 193, 244], "summary": {"covered_lines": 16, "num_statements": 16, "percent_covered": 100.0, "percent_covered_display": "100", "missing_lines": 0, "excluded_lines": 12, "percent_statements_covered": 100.0, "percent_statements_covered_display": "100"}, "missing_lines": [], "excluded_lines": [276, 278, 279, 280, 281, 283, 284, 285, 288, 289, 290, 291], "start_line": 1}}, "classes": {"": {"executed_lines": [4, 6, 7, 8, 10, 11, 14, 15, 19, 33, 34, 35, 39, 40, 42, 43, 44, 49, 52, 55, 58, 71, 72, 73, 74, 75, 79, 100, 122, 136, 138, 140, 146, 147, 148, 149, 152, 156, 170, 180, 181, 182, 183, 186, 187, 193, 209, 211, 213, 215, 217, 230, 231, 232, 241, 244, 260, 261, 263, 265, 267, 269, 270, 271, 272], "summary": {"covered_lines": 65, "num_statements": 83, "percent_covered": 78.3132530120482, "percent_covered_display": "78", "missing_lines": 18, "excluded_lines": 12, "percent_statements_covered": 78.3132530120482, "percent_statements_covered_display": "78"}, "missing_lines": [36, 45, 46, 47, 48, 53, 95, 96, 97, 116, 117, 118, 141, 142, 143, 190, 216, 264], "excluded_lines": [276, 278, 279, 280, 281, 283, 284, 285, 288, 289, 290, 291], "start_line": 1}}}, "src\\cryptotechnolog\\execution\\__init__.py": {"executed_lines": [], "summary": {"covered_lines": 0, "num_statements": 0, "percent_covered": 100.0, "percent_covered_display": "100", "missing_lines": 0, "excluded_lines": 0, "percent_statements_covered": 100.0, "percent_statements_covered_display": "100"}, "missing_lines": [], "excluded_lines": [], "functions": {"": {"executed_lines": [], "summary": {"covered_lines": 0, "num_statements": 0, "percent_covered": 100.0, "percent_covered_display": "100", "missing_lines": 0, "excluded_lines": 0, "percent_statements_covered": 100.0, "percent_statements_covered_display": "100"}, "missing_lines": [], "excluded_lines": [], "start_line": 1}}, "classes": {"": {"executed_lines": [], "summary": {"covered_lines": 0, "num_statements": 0, "percent_covered": 100.0, "percent_covered_display": "100", "missing_lines": 0, "excluded_lines": 0, "percent_statements_covered": 100.0, "percent_statements_covered_display": "100"}, "missing_lines": [], "excluded_lines": [], "start_line": 1}}}, "src\\cryptotechnolog\\intelligence\\__init__.py": {"executed_lines": [], "summary": {"covered_lines": 0, "num_statements": 0, "percent_covered": 100.0, "percent_covered_display": "100", "missing_lines": 0, "excluded_lines": 0, "percent_statements_covered": 100.0, "percent_statements_covered_display": "100"}, "missing_lines": [], "excluded_lines": [], "functions": {"": {"executed_lines": [], "summary": {"covered_lines": 0, "num_statements": 0, "percent_covered": 100.0, "percent_covered_display": "100", "missing_lines": 0, "excluded_lines": 0, "percent_statements_covered": 100.0, "percent_statements_covered_display": "100"}, "missing_lines": [], "excluded_lines": [], "start_line": 1}}, "classes": {"": {"executed_lines": [], "summary": {"covered_lines": 0, "num_statements": 0, "percent_covered": 100.0, "percent_covered_display": "100", "missing_lines": 0, "excluded_lines": 0, "percent_statements_covered": 100.0, "percent_statements_covered_display": "100"}, "missing_lines": [], "excluded_lines": [], "start_line": 1}}}, "src\\cryptotechnolog\\main.py": {"executed_lines": [4, 5, 7, 9, 12], "summary": {"covered_lines": 5, "num_statements": 19, "percent_covered": 26.31578947368421, "percent_covered_display": "26", "missing_lines": 14, "excluded_lines": 6, "percent_statements_covered": 26.31578947368421, "percent_statements_covered_display": "26"}, "missing_lines": [15, 18, 35, 37, 47, 50, 51, 52, 53, 54, 55, 56, 57, 59], "excluded_lines": [62, 63, 64, 65, 66, 67], "functions": {"main": {"executed_lines": [], "summary": {"covered_lines": 0, "num_statements": 14, "percent_covered": 0.0, "percent_covered_display": "0", "missing_lines": 14, "excluded_lines": 0, "percent_statements_covered": 0.0, "percent_statements_covered_display": "0"}, "missing_lines": [15, 18, 35, 37, 47, 50, 51, 52, 53, 54, 55, 56, 57, 59], "excluded_lines": [], "start_line": 12}, "": {"executed_lines": [4, 5, 7, 9, 12], "summary": {"covered_lines": 5, "num_statements": 5, "percent_covered": 100.0, "percent_covered_display": "100", "missing_lines": 0, "excluded_lines": 6, "percent_statements_covered": 100.0, "percent_statements_covered_display": "100"}, "missing_lines": [], "excluded_lines": [62, 63, 64, 65, 66, 67], "start_line": 1}}, "classes": {"": {"executed_lines": [4, 5, 7, 9, 12], "summary": {"covered_lines": 5, "num_statements": 19, "percent_covered": 26.31578947368421, "percent_covered_display": "26", "missing_lines": 14, "excluded_lines": 6, "percent_statements_covered": 26.31578947368421, "percent_statements_covered_display": "26"}, "missing_lines": [15, 18, 35, 37, 47, 50, 51, 52, 53, 54, 55, 56, 57, 59], "excluded_lines": [62, 63, 64, 65, 66, 67], "start_line": 1}}}, "src\\cryptotechnolog\\models\\__init__.py": {"executed_lines": [], "summary": {"covered_lines": 0, "num_statements": 0, "percent_covered": 100.0, "percent_covered_display": "100", "missing_lines": 0, "excluded_lines": 0, "percent_statements_covered": 100.0, "percent_statements_covered_display": "100"}, "missing_lines": [], "excluded_lines": [], "functions": {"": {"executed_lines": [], "summary": {"covered_lines": 0, "num_statements": 0, "percent_covered": 100.0, "percent_covered_display": "100", "missing_lines": 0, "excluded_lines": 0, "percent_statements_covered": 100.0, "percent_statements_covered_display": "100"}, "missing_lines": [], "excluded_lines": [], "start_line": 1}}, "classes": {"": {"executed_lines": [], "summary": {"covered_lines": 0, "num_statements": 0, "percent_covered": 100.0, "percent_covered_display": "100", "missing_lines": 0, "excluded_lines": 0, "percent_statements_covered": 100.0, "percent_statements_covered_display": "100"}, "missing_lines": [], "excluded_lines": [], "start_line": 1}}}, "src\\cryptotechnolog\\observability\\__init__.py": {"executed_lines": [], "summary": {"covered_lines": 0, "num_statements": 0, "percent_covered": 100.0, "percent_covered_display": "100", "missing_lines": 0, "excluded_lines": 0, "percent_statements_covered": 100.0, "percent_statements_covered_display": "100"}, "missing_lines": [], "excluded_lines": [], "functions": {"": {"executed_lines": [], "summary": {"covered_lines": 0, "num_statements": 0, "percent_covered": 100.0, "percent_covered_display": "100", "missing_lines": 0, "excluded_lines": 0, "percent_statements_covered": 100.0, "percent_statements_covered_display": "100"}, "missing_lines": [], "excluded_lines": [], "start_line": 1}}, "classes": {"": {"executed_lines": [], "summary": {"covered_lines": 0, "num_statements": 0, "percent_covered": 100.0, "percent_covered_display": "100", "missing_lines": 0, "excluded_lines": 0, "percent_statements_covered": 100.0, "percent_statements_covered_display": "100"}, "missing_lines": [], "excluded_lines": [], "start_line": 1}}}, "src\\cryptotechnolog\\risk\\__init__.py": {"executed_lines": [], "summary": {"covered_lines": 0, "num_statements": 0, "percent_covered": 100.0, "percent_covered_display": "100", "missing_lines": 0, "excluded_lines": 0, "percent_statements_covered": 100.0, "percent_statements_covered_display": "100"}, "missing_lines": [], "excluded_lines": [], "functions": {"": {"executed_lines": [], "summary": {"covered_lines": 0, "num_statements": 0, "percent_covered": 100.0, "percent_covered_display": "100", "missing_lines": 0, "excluded_lines": 0, "percent_statements_covered": 100.0, "percent_statements_covered_display": "100"}, "missing_lines": [], "excluded_lines": [], "start_line": 1}}, "classes": {"": {"executed_lines": [], "summary": {"covered_lines": 0, "num_statements": 0, "percent_covered": 100.0, "percent_covered_display": "100", "missing_lines": 0, "excluded_lines": 0, "percent_statements_covered": 100.0, "percent_statements_covered_display": "100"}, "missing_lines": [], "excluded_lines": [], "start_line": 1}}}, "src\\cryptotechnolog\\rust_bridge.py": {"executed_lines": [4, 7, 8, 17, 18, 21, 42, 43, 45, 46, 48, 49, 51, 63, 64, 65, 66, 68, 70, 86, 87, 88, 89, 91, 113, 115, 116, 118, 131, 133, 134, 138, 145, 152, 155, 162], "summary": {"covered_lines": 36, "num_statements": 42, "percent_covered": 85.71428571428571, "percent_covered_display": "86", "missing_lines": 6, "excluded_lines": 17, "percent_statements_covered": 85.71428571428571, "percent_statements_covered_display": "86"}, "missing_lines": [16, 146, 147, 149, 150, 151], "excluded_lines": [166, 168, 169, 172, 173, 176, 177, 178, 181, 182, 185, 186, 187, 188, 189, 190, 192], "functions": {"get_rust_version": {"executed_lines": [145, 152], "summary": {"covered_lines": 2, "num_statements": 7, "percent_covered": 28.571428571428573, "percent_covered_display": "29", "missing_lines": 5, "excluded_lines": 0, "percent_statements_covered": 28.571428571428573, "percent_statements_covered_display": "29"}, "missing_lines": [146, 147, 149, 150, 151], "excluded_lines": [], "start_line": 138}, "is_rust_available": {"executed_lines": [162], "summary": {"covered_lines": 1, "num_statements": 1, "percent_covered": 100.0, "percent_covered_display": "100", "missing_lines": 0, "excluded_lines": 0, "percent_statements_covered": 100.0, "percent_statements_covered_display": "100"}, "missing_lines": [], "excluded_lines": [], "start_line": 155}, "test_async": {"executed_lines": [], "summary": {"covered_lines": 0, "num_statements": 0, "percent_covered": 100.0, "percent_covered_display": "100", "missing_lines": 0, "excluded_lines": 5, "percent_statements_covered": 100.0, "percent_statements_covered_display": "100"}, "missing_lines": [], "excluded_lines": [186, 187, 188, 189, 190], "start_line": 185}, "": {"executed_lines": [4, 7, 8, 17, 18, 21, 42, 43, 45, 46, 48, 49, 51, 63, 64, 65, 66, 68, 70, 86, 87, 88, 89, 91, 113, 115, 116, 118, 131, 133, 134, 138, 155], "summary": {"covered_lines": 33, "num_statements": 34, "percent_covered": 97.05882352941177, "percent_covered_display": "97", "missing_lines": 1, "excluded_lines": 12, "percent_statements_covered": 97.05882352941177, "percent_statements_covered_display": "97"}, "missing_lines": [16], "excluded_lines": [166, 168, 169, 172, 173, 176, 177, 178, 181, 182, 185, 192], "start_line": 1}}, "classes": {"": {"executed_lines": [4, 7, 8, 17, 18, 21, 42, 43, 45, 46, 48, 49, 51, 63, 64, 65, 66, 68, 70, 86, 87, 88, 89, 91, 113, 115, 116, 118, 131, 133, 134, 138, 145, 152, 155, 162], "summary": {"covered_lines": 36, "num_statements": 42, "percent_covered": 85.71428571428571, "percent_covered_display": "86", "missing_lines": 6, "excluded_lines": 17, "percent_statements_covered": 85.71428571428571, "percent_statements_covered_display": "86"}, "missing_lines": [16, 146, 147, 149, 150, 151], "excluded_lines": [166, 168, 169, 172, 173, 176, 177, 178, 181, 182, 185, 186, 187, 188, 189, 190, 192], "start_line": 1}}}, "src\\cryptotechnolog\\strategy\\__init__.py": {"executed_lines": [], "summary": {"covered_lines": 0, "num_statements": 0, "percent_covered": 100.0, "percent_covered_display": "100", "missing_lines": 0, "excluded_lines": 0, "percent_statements_covered": 100.0, "percent_statements_covered_display": "100"}, "missing_lines": [], "excluded_lines": [], "functions": {"": {"executed_lines": [], "summary": {"covered_lines": 0, "num_statements": 0, "percent_covered": 100.0, "percent_covered_display": "100", "missing_lines": 0, "excluded_lines": 0, "percent_statements_covered": 100.0, "percent_statements_covered_display": "100"}, "missing_lines": [], "excluded_lines": [], "start_line": 1}}, "classes": {"": {"executed_lines": [], "summary": {"covered_lines": 0, "num_statements": 0, "percent_covered": 100.0, "percent_covered_display": "100", "missing_lines": 0, "excluded_lines": 0, "percent_statements_covered": 100.0, "percent_statements_covered_display": "100"}, "missing_lines": [], "excluded_lines": [], "start_line": 1}}}}, "totals": {"covered_lines": 3780, "num_statements": 5250, "percent_covered": 72.0, "percent_covered_display": "72", "missing_lines": 1470, "excluded_lines": 168, "percent_statements_covered": 72.0, "percent_statements_covered_display": "72"}}