{"meta": {"format": 3, "version": "7.13.4", "timestamp": "2026-03-12T00:56:34.293812", "branch_coverage": false, "show_contexts": false}, "files": {"src\\__init__.py": {"executed_lines": [], "summary": {"covered_lines": 0, "num_statements": 0, "percent_covered": 100.0, "percent_covered_display": "100", "missing_lines": 0, "excluded_lines": 0, "percent_statements_covered": 100.0, "percent_statements_covered_display": "100"}, "missing_lines": [], "excluded_lines": [], "functions": {"": {"executed_lines": [], "summary": {"covered_lines": 0, "num_statements": 0, "percent_covered": 100.0, "percent_covered_display": "100", "missing_lines": 0, "excluded_lines": 0, "percent_statements_covered": 100.0, "percent_statements_covered_display": "100"}, "missing_lines": [], "excluded_lines": [], "start_line": 1}}, "classes": {"": {"executed_lines": [], "summary": {"covered_lines": 0, "num_statements": 0, "percent_covered": 100.0, "percent_covered_display": "100", "missing_lines": 0, "excluded_lines": 0, "percent_statements_covered": 100.0, "percent_statements_covered_display": "100"}, "missing_lines": [], "excluded_lines": [], "start_line": 1}}}, "src\\cryptotechnolog\\__init__.py": {"executed_lines": [5, 7, 8, 9, 12, 14], "summary": {"covered_lines": 6, "num_statements": 6, "percent_covered": 100.0, "percent_covered_display": "100", "missing_lines": 0, "excluded_lines": 0, "percent_statements_covered": 100.0, "percent_statements_covered_display": "100"}, "missing_lines": [], "excluded_lines": [], "functions": {"": {"executed_lines": [5, 7, 8, 9, 12, 14], "summary": {"covered_lines": 6, "num_statements": 6, "percent_covered": 100.0, "percent_covered_display": "100", "missing_lines": 0, "excluded_lines": 0, "percent_statements_covered": 100.0, "percent_statements_covered_display": "100"}, "missing_lines": [], "excluded_lines": [], "start_line": 1}}, "classes": {"": {"executed_lines": [5, 7, 8, 9, 12, 14], "summary": {"covered_lines": 6, "num_statements": 6, "percent_covered": 100.0, "percent_covered_display": "100", "missing_lines": 0, "excluded_lines": 0, "percent_statements_covered": 100.0, "percent_statements_covered_display": "100"}, "missing_lines": [], "excluded_lines": [], "start_line": 1}}}, "src\\cryptotechnolog\\analysis\\__init__.py": {"executed_lines": [], "summary": {"covered_lines": 0, "num_statements": 0, "percent_covered": 100.0, "percent_covered_display": "100", "missing_lines": 0, "excluded_lines": 0, "percent_statements_covered": 100.0, "percent_statements_covered_display": "100"}, "missing_lines": [], "excluded_lines": [], "functions": {"": {"executed_lines": [], "summary": {"covered_lines": 0, "num_statements": 0, "percent_covered": 100.0, "percent_covered_display": "100", "missing_lines": 0, "excluded_lines": 0, "percent_statements_covered": 100.0, "percent_statements_covered_display": "100"}, "missing_lines": [], "excluded_lines": [], "start_line": 1}}, "classes": {"": {"executed_lines": [], "summary": {"covered_lines": 0, "num_statements": 0, "percent_covered": 100.0, "percent_covered_display": "100", "missing_lines": 0, "excluded_lines": 0, "percent_statements_covered": 100.0, "percent_statements_covered_display": "100"}, "missing_lines": [], "excluded_lines": [], "start_line": 1}}}, "src\\cryptotechnolog\\backtest\\__init__.py": {"executed_lines": [4, 6, 13, 14, 16], "summary": {"covered_lines": 5, "num_statements": 5, "percent_covered": 100.0, "percent_covered_display": "100", "missing_lines": 0, "excluded_lines": 0, "percent_statements_covered": 100.0, "percent_statements_covered_display": "100"}, "missing_lines": [], "excluded_lines": [], "functions": {"": {"executed_lines": [4, 6, 13, 14, 16], "summary": {"covered_lines": 5, "num_statements": 5, "percent_covered": 100.0, "percent_covered_display": "100", "missing_lines": 0, "excluded_lines": 0, "percent_statements_covered": 100.0, "percent_statements_covered_display": "100"}, "missing_lines": [], "excluded_lines": [], "start_line": 1}}, "classes": {"": {"executed_lines": [4, 6, 13, 14, 16], "summary": {"covered_lines": 5, "num_statements": 5, "percent_covered": 100.0, "percent_covered_display": "100", "missing_lines": 0, "excluded_lines": 0, "percent_statements_covered": 100.0, "percent_statements_covered_display": "100"}, "missing_lines": [], "excluded_lines": [], "start_line": 1}}}, "src\\cryptotechnolog\\backtest\\events.py": {"executed_lines": [4, 5, 6, 7, 10, 13, 14, 15, 16, 17, 18, 21, 22, 30, 31, 32, 33, 34, 35, 36, 37, 38, 39, 41, 42, 44, 46, 47, 49, 51, 52, 53, 56, 57, 62, 63, 64, 65, 66, 67, 68, 69, 70, 71, 72, 74, 75, 76, 79, 80, 85, 86, 87, 88, 89, 90, 91, 92, 93, 94, 96, 97, 99, 101, 102, 103, 106, 107, 112, 113, 114, 115, 116, 117, 118, 119, 121, 122, 123, 126, 127, 132, 133, 134, 135, 136, 137, 139, 140, 141, 143, 144, 145], "summary": {"covered_lines": 93, "num_statements": 93, "percent_covered": 100.0, "percent_covered_display": "100", "missing_lines": 0, "excluded_lines": 0, "percent_statements_covered": 100.0, "percent_statements_covered_display": "100"}, "missing_lines": [], "excluded_lines": [], "functions": {"TickEvent.spread": {"executed_lines": [44], "summary": {"covered_lines": 1, "num_statements": 1, "percent_covered": 100.0, "percent_covered_display": "100", "missing_lines": 0, "excluded_lines": 0, "percent_statements_covered": 100.0, "percent_statements_covered_display": "100"}, "missing_lines": [], "excluded_lines": [], "start_line": 42}, "TickEvent.mid": {"executed_lines": [49], "summary": {"covered_lines": 1, "num_statements": 1, "percent_covered": 100.0, "percent_covered_display": "100", "missing_lines": 0, "excluded_lines": 0, "percent_statements_covered": 100.0, "percent_statements_covered_display": "100"}, "missing_lines": [], "excluded_lines": [], "start_line": 47}, "TickEvent.event_type": {"executed_lines": [53], "summary": {"covered_lines": 1, "num_statements": 1, "percent_covered": 100.0, "percent_covered_display": "100", "missing_lines": 0, "excluded_lines": 0, "percent_statements_covered": 100.0, "percent_statements_covered_display": "100"}, "missing_lines": [], "excluded_lines": [], "start_line": 52}, "OrderEvent.event_type": {"executed_lines": [76], "summary": {"covered_lines": 1, "num_statements": 1, "percent_covered": 100.0, "percent_covered_display": "100", "missing_lines": 0, "excluded_lines": 0, "percent_statements_covered": 100.0, "percent_statements_covered_display": "100"}, "missing_lines": [], "excluded_lines": [], "start_line": 75}, "TradeEvent.total_value": {"executed_lines": [99], "summary": {"covered_lines": 1, "num_statements": 1, "percent_covered": 100.0, "percent_covered_display": "100", "missing_lines": 0, "excluded_lines": 0, "percent_statements_covered": 100.0, "percent_statements_covered_display": "100"}, "missing_lines": [], "excluded_lines": [], "start_line": 97}, "TradeEvent.event_type": {"executed_lines": [103], "summary": {"covered_lines": 1, "num_statements": 1, "percent_covered": 100.0, "percent_covered_display": "100", "missing_lines": 0, "excluded_lines": 0, "percent_statements_covered": 100.0, "percent_statements_covered_display": "100"}, "missing_lines": [], "excluded_lines": [], "start_line": 102}, "PositionUpdateEvent.event_type": {"executed_lines": [123], "summary": {"covered_lines": 1, "num_statements": 1, "percent_covered": 100.0, "percent_covered_display": "100", "missing_lines": 0, "excluded_lines": 0, "percent_statements_covered": 100.0, "percent_statements_covered_display": "100"}, "missing_lines": [], "excluded_lines": [], "start_line": 122}, "BalanceUpdateEvent.delta": {"executed_lines": [141], "summary": {"covered_lines": 1, "num_statements": 1, "percent_covered": 100.0, "percent_covered_display": "100", "missing_lines": 0, "excluded_lines": 0, "percent_statements_covered": 100.0, "percent_statements_covered_display": "100"}, "missing_lines": [], "excluded_lines": [], "start_line": 140}, "BalanceUpdateEvent.event_type": {"executed_lines": [145], "summary": {"covered_lines": 1, "num_statements": 1, "percent_covered": 100.0, "percent_covered_display": "100", "missing_lines": 0, "excluded_lines": 0, "percent_statements_covered": 100.0, "percent_statements_covered_display": "100"}, "missing_lines": [], "excluded_lines": [], "start_line": 144}, "": {"executed_lines": [4, 5, 6, 7, 10, 13, 14, 15, 16, 17, 18, 21, 22, 30, 31, 32, 33, 34, 35, 36, 37, 38, 39, 41, 42, 46, 47, 51, 52, 56, 57, 62, 63, 64, 65, 66, 67, 68, 69, 70, 71, 72, 74, 75, 79, 80, 85, 86, 87, 88, 89, 90, 91, 92, 93, 94, 96, 97, 101, 102, 106, 107, 112, 113, 114, 115, 116, 117, 118, 119, 121, 122, 126, 127, 132, 133, 134, 135, 136, 137, 139, 140, 143, 144], "summary": {"covered_lines": 84, "num_statements": 84, "percent_covered": 100.0, "percent_covered_display": "100", "missing_lines": 0, "excluded_lines": 0, "percent_statements_covered": 100.0, "percent_statements_covered_display": "100"}, "missing_lines": [], "excluded_lines": [], "start_line": 1}}, "classes": {"EventType": {"executed_lines": [], "summary": {"covered_lines": 0, "num_statements": 0, "percent_covered": 100.0, "percent_covered_display": "100", "missing_lines": 0, "excluded_lines": 0, "percent_statements_covered": 100.0, "percent_statements_covered_display": "100"}, "missing_lines": [], "excluded_lines": [], "start_line": 10}, "TickEvent": {"executed_lines": [44, 49, 53], "summary": {"covered_lines": 3, "num_statements": 3, "percent_covered": 100.0, "percent_covered_display": "100", "missing_lines": 0, "excluded_lines": 0, "percent_statements_covered": 100.0, "percent_statements_covered_display": "100"}, "missing_lines": [], "excluded_lines": [], "start_line": 22}, "OrderEvent": {"executed_lines": [76], "summary": {"covered_lines": 1, "num_statements": 1, "percent_covered": 100.0, "percent_covered_display": "100", "missing_lines": 0, "excluded_lines": 0, "percent_statements_covered": 100.0, "percent_statements_covered_display": "100"}, "missing_lines": [], "excluded_lines": [], "start_line": 57}, "TradeEvent": {"executed_lines": [99, 103], "summary": {"covered_lines": 2, "num_statements": 2, "percent_covered": 100.0, "percent_covered_display": "100", "missing_lines": 0, "excluded_lines": 0, "percent_statements_covered": 100.0, "percent_statements_covered_display": "100"}, "missing_lines": [], "excluded_lines": [], "start_line": 80}, "PositionUpdateEvent": {"executed_lines": [123], "summary": {"covered_lines": 1, "num_statements": 1, "percent_covered": 100.0, "percent_covered_display": "100", "missing_lines": 0, "excluded_lines": 0, "percent_statements_covered": 100.0, "percent_statements_covered_display": "100"}, "missing_lines": [], "excluded_lines": [], "start_line": 107}, "BalanceUpdateEvent": {"executed_lines": [141, 145], "summary": {"covered_lines": 2, "num_statements": 2, "percent_covered": 100.0, "percent_covered_display": "100", "missing_lines": 0, "excluded_lines": 0, "percent_statements_covered": 100.0, "percent_statements_covered_display": "100"}, "missing_lines": [], "excluded_lines": [], "start_line": 127}, "": {"executed_lines": [4, 5, 6, 7, 10, 13, 14, 15, 16, 17, 18, 21, 22, 30, 31, 32, 33, 34, 35, 36, 37, 38, 39, 41, 42, 46, 47, 51, 52, 56, 57, 62, 63, 64, 65, 66, 67, 68, 69, 70, 71, 72, 74, 75, 79, 80, 85, 86, 87, 88, 89, 90, 91, 92, 93, 94, 96, 97, 101, 102, 106, 107, 112, 113, 114, 115, 116, 117, 118, 119, 121, 122, 126, 127, 132, 133, 134, 135, 136, 137, 139, 140, 143, 144], "summary": {"covered_lines": 84, "num_statements": 84, "percent_covered": 100.0, "percent_covered_display": "100", "missing_lines": 0, "excluded_lines": 0, "percent_statements_covered": 100.0, "percent_statements_covered_display": "100"}, "missing_lines": [], "excluded_lines": [], "start_line": 1}}}, "src\\cryptotechnolog\\backtest\\examples.py": {"executed_lines": [3, 5, 7, 8, 12, 15, 27, 34, 35, 37, 38, 40, 44, 46, 48, 50, 51, 53, 59, 65, 71, 82, 83, 85, 86, 90, 116, 118, 120, 122, 123, 124, 126, 137, 138, 140, 141, 143], "summary": {"covered_lines": 38, "num_statements": 55, "percent_covered": 69.0909090909091, "percent_covered_display": "69", "missing_lines": 17, "excluded_lines": 7, "percent_statements_covered": 69.0909090909091, "percent_statements_covered_display": "69"}, "missing_lines": [54, 56, 57, 58, 61, 62, 63, 92, 98, 99, 102, 103, 104, 106, 107, 110, 112], "excluded_lines": [146, 147, 148, 150, 151, 153, 154], "functions": {"example_simple": {"executed_lines": [15, 27, 34, 35, 37, 38, 40], "summary": {"covered_lines": 7, "num_statements": 7, "percent_covered": 100.0, "percent_covered_display": "100", "missing_lines": 0, "excluded_lines": 0, "percent_statements_covered": 100.0, "percent_statements_covered_display": "100"}, "missing_lines": [], "excluded_lines": [], "start_line": 12}, "example_with_callbacks": {"executed_lines": [46, 48, 65, 71, 82, 83, 85, 86], "summary": {"covered_lines": 8, "num_statements": 8, "percent_covered": 100.0, "percent_covered_display": "100", "missing_lines": 0, "excluded_lines": 0, "percent_statements_covered": 100.0, "percent_statements_covered_display": "100"}, "missing_lines": [], "excluded_lines": [], "start_line": 44}, "example_with_callbacks.on_tick": {"executed_lines": [50, 51, 53, 59], "summary": {"covered_lines": 4, "num_statements": 11, "percent_covered": 36.36363636363637, "percent_covered_display": "36", "missing_lines": 7, "excluded_lines": 0, "percent_statements_covered": 36.36363636363637, "percent_statements_covered_display": "36"}, "missing_lines": [54, 56, 57, 58, 61, 62, 63], "excluded_lines": [], "start_line": 48}, "example_from_csv": {"executed_lines": [], "summary": {"covered_lines": 0, "num_statements": 10, "percent_covered": 0.0, "percent_covered_display": "0", "missing_lines": 10, "excluded_lines": 0, "percent_statements_covered": 0.0, "percent_statements_covered_display": "0"}, "missing_lines": [92, 98, 99, 102, 103, 104, 106, 107, 110, 112], "excluded_lines": [], "start_line": 90}, "example_conditional": {"executed_lines": [118, 120, 126, 137, 138, 140, 141, 143], "summary": {"covered_lines": 8, "num_statements": 8, "percent_covered": 100.0, "percent_covered_display": "100", "missing_lines": 0, "excluded_lines": 0, "percent_statements_covered": 100.0, "percent_statements_covered_display": "100"}, "missing_lines": [], "excluded_lines": [], "start_line": 116}, "example_conditional.stop_condition": {"executed_lines": [122, 123, 124], "summary": {"covered_lines": 3, "num_statements": 3, "percent_covered": 100.0, "percent_covered_display": "100", "missing_lines": 0, "excluded_lines": 0, "percent_statements_covered": 100.0, "percent_statements_covered_display": "100"}, "missing_lines": [], "excluded_lines": [], "start_line": 120}, "": {"executed_lines": [3, 5, 7, 8, 12, 44, 90, 116], "summary": {"covered_lines": 8, "num_statements": 8, "percent_covered": 100.0, "percent_covered_display": "100", "missing_lines": 0, "excluded_lines": 7, "percent_statements_covered": 100.0, "percent_statements_covered_display": "100"}, "missing_lines": [], "excluded_lines": [146, 147, 148, 150, 151, 153, 154], "start_line": 1}}, "classes": {"": {"executed_lines": [3, 5, 7, 8, 12, 15, 27, 34, 35, 37, 38, 40, 44, 46, 48, 50, 51, 53, 59, 65, 71, 82, 83, 85, 86, 90, 116, 118, 120, 122, 123, 124, 126, 137, 138, 140, 141, 143], "summary": {"covered_lines": 38, "num_statements": 55, "percent_covered": 69.0909090909091, "percent_covered_display": "69", "missing_lines": 17, "excluded_lines": 7, "percent_statements_covered": 69.0909090909091, "percent_statements_covered_display": "69"}, "missing_lines": [54, 56, 57, 58, 61, 62, 63, 92, 98, 99, 102, 103, 104, 106, 107, 110, 112], "excluded_lines": [146, 147, 148, 150, 151, 153, 154], "start_line": 1}}}, "src\\cryptotechnolog\\backtest\\recorder.py": {"executed_lines": [4, 6, 7, 8, 9, 11, 24, 25, 28, 38, 46, 47, 48, 49, 50, 51, 52, 54, 55, 57, 59, 70, 71, 73, 75, 87, 88, 90, 92, 103, 104, 106, 108, 117, 118, 120, 122, 130, 131, 133, 135, 136, 138, 139, 140, 141, 143, 145, 148, 149, 150, 152, 154, 157, 158, 159, 161, 171, 172, 174, 175, 176, 178, 180, 181, 183, 185, 195, 196, 198, 199, 200, 202, 203, 204, 206, 208, 210, 221, 223, 224, 225, 226, 227, 228], "summary": {"covered_lines": 85, "num_statements": 87, "percent_covered": 97.70114942528735, "percent_covered_display": "98", "missing_lines": 2, "excluded_lines": 2, "percent_statements_covered": 97.70114942528735, "percent_statements_covered_display": "98"}, "missing_lines": [146, 155], "excluded_lines": [13, 14], "functions": {"EventRecorder.__init__": {"executed_lines": [46, 47, 48, 49, 50, 51, 52, 54, 55], "summary": {"covered_lines": 9, "num_statements": 9, "percent_covered": 100.0, "percent_covered_display": "100", "missing_lines": 0, "excluded_lines": 0, "percent_statements_covered": 100.0, "percent_statements_covered_display": "100"}, "missing_lines": [], "excluded_lines": [], "start_line": 38}, "EventRecorder.record_tick": {"executed_lines": [59, 70, 71], "summary": {"covered_lines": 3, "num_statements": 3, "percent_covered": 100.0, "percent_covered_display": "100", "missing_lines": 0, "excluded_lines": 0, "percent_statements_covered": 100.0, "percent_statements_covered_display": "100"}, "missing_lines": [], "excluded_lines": [], "start_line": 57}, "EventRecorder.record_order": {"executed_lines": [75, 87, 88], "summary": {"covered_lines": 3, "num_statements": 3, "percent_covered": 100.0, "percent_covered_display": "100", "missing_lines": 0, "excluded_lines": 0, "percent_statements_covered": 100.0, "percent_statements_covered_display": "100"}, "missing_lines": [], "excluded_lines": [], "start_line": 73}, "EventRecorder.record_trade": {"executed_lines": [92, 103, 104], "summary": {"covered_lines": 3, "num_statements": 3, "percent_covered": 100.0, "percent_covered_display": "100", "missing_lines": 0, "excluded_lines": 0, "percent_statements_covered": 100.0, "percent_statements_covered_display": "100"}, "missing_lines": [], "excluded_lines": [], "start_line": 90}, "EventRecorder.record_position_update": {"executed_lines": [108, 117, 118], "summary": {"covered_lines": 3, "num_statements": 3, "percent_covered": 100.0, "percent_covered_display": "100", "missing_lines": 0, "excluded_lines": 0, "percent_statements_covered": 100.0, "percent_statements_covered_display": "100"}, "missing_lines": [], "excluded_lines": [], "start_line": 106}, "EventRecorder.record_balance_update": {"executed_lines": [122, 130, 131], "summary": {"covered_lines": 3, "num_statements": 3, "percent_covered": 100.0, "percent_covered_display": "100", "missing_lines": 0, "excluded_lines": 0, "percent_statements_covered": 100.0, "percent_statements_covered_display": "100"}, "missing_lines": [], "excluded_lines": [], "start_line": 120}, "EventRecorder.to_dataframe": {"executed_lines": [135, 136, 138, 139, 140, 141], "summary": {"covered_lines": 6, "num_statements": 6, "percent_covered": 100.0, "percent_covered_display": "100", "missing_lines": 0, "excluded_lines": 0, "percent_statements_covered": 100.0, "percent_statements_covered_display": "100"}, "missing_lines": [], "excluded_lines": [], "start_line": 133}, "EventRecorder.ticks_to_dataframe": {"executed_lines": [145, 148, 149, 150], "summary": {"covered_lines": 4, "num_statements": 5, "percent_covered": 80.0, "percent_covered_display": "80", "missing_lines": 1, "excluded_lines": 0, "percent_statements_covered": 80.0, "percent_statements_covered_display": "80"}, "missing_lines": [146], "excluded_lines": [], "start_line": 143}, "EventRecorder.trades_to_dataframe": {"executed_lines": [154, 157, 158, 159], "summary": {"covered_lines": 4, "num_statements": 5, "percent_covered": 80.0, "percent_covered_display": "80", "missing_lines": 1, "excluded_lines": 0, "percent_statements_covered": 80.0, "percent_statements_covered_display": "80"}, "missing_lines": [155], "excluded_lines": [], "start_line": 152}, "EventRecorder.save": {"executed_lines": [171, 172, 174, 175, 176, 178, 180, 181, 183], "summary": {"covered_lines": 9, "num_statements": 9, "percent_covered": 100.0, "percent_covered_display": "100", "missing_lines": 0, "excluded_lines": 0, "percent_statements_covered": 100.0, "percent_statements_covered_display": "100"}, "missing_lines": [], "excluded_lines": [], "start_line": 161}, "EventRecorder.save_csv": {"executed_lines": [195, 196, 198, 199, 200, 202, 203, 204, 206], "summary": {"covered_lines": 9, "num_statements": 9, "percent_covered": 100.0, "percent_covered_display": "100", "missing_lines": 0, "excluded_lines": 0, "percent_statements_covered": 100.0, "percent_statements_covered_display": "100"}, "missing_lines": [], "excluded_lines": [], "start_line": 185}, "EventRecorder.get_summary": {"executed_lines": [210], "summary": {"covered_lines": 1, "num_statements": 1, "percent_covered": 100.0, "percent_covered_display": "100", "missing_lines": 0, "excluded_lines": 0, "percent_statements_covered": 100.0, "percent_statements_covered_display": "100"}, "missing_lines": [], "excluded_lines": [], "start_line": 208}, "EventRecorder.clear": {"executed_lines": [223, 224, 225, 226, 227, 228], "summary": {"covered_lines": 6, "num_statements": 6, "percent_covered": 100.0, "percent_covered_display": "100", "missing_lines": 0, "excluded_lines": 0, "percent_statements_covered": 100.0, "percent_statements_covered_display": "100"}, "missing_lines": [], "excluded_lines": [], "start_line": 221}, "": {"executed_lines": [4, 6, 7, 8, 9, 11, 24, 25, 28, 38, 57, 73, 90, 106, 120, 133, 143, 152, 161, 185, 208, 221], "summary": {"covered_lines": 22, "num_statements": 22, "percent_covered": 100.0, "percent_covered_display": "100", "missing_lines": 0, "excluded_lines": 2, "percent_statements_covered": 100.0, "percent_statements_covered_display": "100"}, "missing_lines": [], "excluded_lines": [13, 14], "start_line": 1}}, "classes": {"EventRecorder": {"executed_lines": [46, 47, 48, 49, 50, 51, 52, 54, 55, 59, 70, 71, 75, 87, 88, 92, 103, 104, 108, 117, 118, 122, 130, 131, 135, 136, 138, 139, 140, 141, 145, 148, 149, 150, 154, 157, 158, 159, 171, 172, 174, 175, 176, 178, 180, 181, 183, 195, 196, 198, 199, 200, 202, 203, 204, 206, 210, 223, 224, 225, 226, 227, 228], "summary": {"covered_lines": 63, "num_statements": 65, "percent_covered": 96.92307692307692, "percent_covered_display": "97", "missing_lines": 2, "excluded_lines": 0, "percent_statements_covered": 96.92307692307692, "percent_statements_covered_display": "97"}, "missing_lines": [146, 155], "excluded_lines": [], "start_line": 28}, "": {"executed_lines": [4, 6, 7, 8, 9, 11, 24, 25, 28, 38, 57, 73, 90, 106, 120, 133, 143, 152, 161, 185, 208, 221], "summary": {"covered_lines": 22, "num_statements": 22, "percent_covered": 100.0, "percent_covered_display": "100", "missing_lines": 0, "excluded_lines": 2, "percent_statements_covered": 100.0, "percent_statements_covered_display": "100"}, "missing_lines": [], "excluded_lines": [13, 14], "start_line": 1}}}, "src\\cryptotechnolog\\backtest\\replay_engine.py": {"executed_lines": [4, 5, 6, 7, 8, 9, 11, 13, 23, 24, 28, 29, 32, 33, 34, 37, 38, 41, 42, 45, 46, 47, 48, 49, 52, 69, 76, 77, 80, 81, 82, 85, 86, 87, 90, 91, 93, 121, 145, 148, 149, 150, 155, 157, 160, 162, 163, 165, 167, 169, 170, 171, 184, 191, 195, 196, 197, 198, 199, 201, 203, 210, 215, 216, 217, 218, 220, 223, 225, 226, 229, 230, 232, 235, 247, 250, 252, 267, 272, 273, 274, 275, 277, 283, 285, 286, 289, 293, 294, 297, 301, 302, 304, 311, 336, 346, 389, 393], "summary": {"covered_lines": 98, "num_statements": 170, "percent_covered": 57.64705882352941, "percent_covered_display": "58", "missing_lines": 72, "excluded_lines": 0, "percent_statements_covered": 57.64705882352941, "percent_statements_covered_display": "58"}, "missing_lines": [95, 98, 100, 103, 104, 105, 106, 109, 110, 111, 112, 114, 116, 117, 119, 123, 125, 128, 129, 130, 133, 134, 135, 136, 138, 140, 141, 143, 151, 152, 156, 158, 192, 193, 211, 212, 248, 268, 269, 290, 298, 318, 338, 339, 341, 342, 353, 366, 369, 370, 371, 373, 374, 375, 377, 378, 381, 382, 384, 385, 387, 391, 395, 396, 397, 399, 400, 401, 402, 404, 405, 407], "excluded_lines": [], "functions": {"ReplayEngine.__init__": {"executed_lines": [76, 77, 80, 81, 82, 85, 86, 87, 90, 91], "summary": {"covered_lines": 10, "num_statements": 10, "percent_covered": 100.0, "percent_covered_display": "100", "missing_lines": 0, "excluded_lines": 0, "percent_statements_covered": 100.0, "percent_statements_covered_display": "100"}, "missing_lines": [], "excluded_lines": [], "start_line": 69}, "ReplayEngine.load_csv": {"executed_lines": [], "summary": {"covered_lines": 0, "num_statements": 15, "percent_covered": 0.0, "percent_covered_display": "0", "missing_lines": 15, "excluded_lines": 0, "percent_statements_covered": 0.0, "percent_statements_covered_display": "0"}, "missing_lines": [95, 98, 100, 103, 104, 105, 106, 109, 110, 111, 112, 114, 116, 117, 119], "excluded_lines": [], "start_line": 93}, "ReplayEngine.load_parquet": {"executed_lines": [], "summary": {"covered_lines": 0, "num_statements": 13, "percent_covered": 0.0, "percent_covered_display": "0", "missing_lines": 13, "excluded_lines": 0, "percent_statements_covered": 0.0, "percent_statements_covered_display": "0"}, "missing_lines": [123, 125, 128, 129, 130, 133, 134, 135, 136, 138, 140, 141, 143], "excluded_lines": [], "start_line": 121}, "ReplayEngine.load_dataframe": {"executed_lines": [148, 149, 150, 155, 157, 160, 162, 163, 165], "summary": {"covered_lines": 9, "num_statements": 13, "percent_covered": 69.23076923076923, "percent_covered_display": "69", "missing_lines": 4, "excluded_lines": 0, "percent_statements_covered": 69.23076923076923, "percent_statements_covered_display": "69"}, "missing_lines": [151, 152, 156, 158], "excluded_lines": [], "start_line": 145}, "ReplayEngine._create_tick_event": {"executed_lines": [169, 170, 171], "summary": {"covered_lines": 3, "num_statements": 3, "percent_covered": 100.0, "percent_covered_display": "100", "missing_lines": 0, "excluded_lines": 0, "percent_statements_covered": 100.0, "percent_statements_covered_display": "100"}, "missing_lines": [], "excluded_lines": [], "start_line": 167}, "ReplayEngine.tick_iterator": {"executed_lines": [191, 195, 196, 197, 198, 199, 201], "summary": {"covered_lines": 7, "num_statements": 9, "percent_covered": 77.77777777777777, "percent_covered_display": "78", "missing_lines": 2, "excluded_lines": 0, "percent_statements_covered": 77.77777777777777, "percent_statements_covered_display": "78"}, "missing_lines": [192, 193], "excluded_lines": [], "start_line": 184}, "ReplayEngine.run": {"executed_lines": [210, 215, 216, 217, 218, 220, 223, 225, 226, 229, 230, 232, 235, 247, 250], "summary": {"covered_lines": 15, "num_statements": 18, "percent_covered": 83.33333333333333, "percent_covered_display": "83", "missing_lines": 3, "excluded_lines": 0, "percent_statements_covered": 83.33333333333333, "percent_statements_covered_display": "83"}, "missing_lines": [211, 212, 248], "excluded_lines": [], "start_line": 203}, "ReplayEngine.run_until": {"executed_lines": [267, 272, 273, 274, 275, 277, 283, 285, 286, 289, 293, 294, 297, 301, 302, 304], "summary": {"covered_lines": 16, "num_statements": 20, "percent_covered": 80.0, "percent_covered_display": "80", "missing_lines": 4, "excluded_lines": 0, "percent_statements_covered": 80.0, "percent_statements_covered_display": "80"}, "missing_lines": [268, 269, 290, 298], "excluded_lines": [], "start_line": 252}, "ReplayEngine.get_state_snapshot": {"executed_lines": [], "summary": {"covered_lines": 0, "num_statements": 1, "percent_covered": 0.0, "percent_covered_display": "0", "missing_lines": 1, "excluded_lines": 0, "percent_statements_covered": 0.0, "percent_statements_covered_display": "0"}, "missing_lines": [318], "excluded_lines": [], "start_line": 311}, "ReplayEngine.save_state_snapshot": {"executed_lines": [], "summary": {"covered_lines": 0, "num_statements": 4, "percent_covered": 0.0, "percent_covered_display": "0", "missing_lines": 4, "excluded_lines": 0, "percent_statements_covered": 0.0, "percent_statements_covered_display": "0"}, "missing_lines": [338, 339, 341, 342], "excluded_lines": [], "start_line": 336}, "ReplayEngine.submit_market_order": {"executed_lines": [], "summary": {"covered_lines": 0, "num_statements": 15, "percent_covered": 0.0, "percent_covered_display": "0", "missing_lines": 15, "excluded_lines": 0, "percent_statements_covered": 0.0, "percent_statements_covered_display": "0"}, "missing_lines": [353, 366, 369, 370, 371, 373, 374, 375, 377, 378, 381, 382, 384, 385, 387], "excluded_lines": [], "start_line": 346}, "ReplayEngine.get_position": {"executed_lines": [], "summary": {"covered_lines": 0, "num_statements": 1, "percent_covered": 0.0, "percent_covered_display": "0", "missing_lines": 1, "excluded_lines": 0, "percent_statements_covered": 0.0, "percent_statements_covered_display": "0"}, "missing_lines": [391], "excluded_lines": [], "start_line": 389}, "ReplayEngine.get_unrealized_pnl": {"executed_lines": [], "summary": {"covered_lines": 0, "num_statements": 10, "percent_covered": 0.0, "percent_covered_display": "0", "missing_lines": 10, "excluded_lines": 0, "percent_statements_covered": 0.0, "percent_statements_covered_display": "0"}, "missing_lines": [395, 396, 397, 399, 400, 401, 402, 404, 405, 407], "excluded_lines": [], "start_line": 393}, "": {"executed_lines": [4, 5, 6, 7, 8, 9, 11, 13, 23, 24, 28, 29, 32, 33, 34, 37, 38, 41, 42, 45, 46, 47, 48, 49, 52, 69, 93, 121, 145, 167, 184, 203, 252, 311, 336, 346, 389, 393], "summary": {"covered_lines": 38, "num_statements": 38, "percent_covered": 100.0, "percent_covered_display": "100", "missing_lines": 0, "excluded_lines": 0, "percent_statements_covered": 100.0, "percent_statements_covered_display": "100"}, "missing_lines": [], "excluded_lines": [], "start_line": 1}}, "classes": {"ReplayConfig": {"executed_lines": [], "summary": {"covered_lines": 0, "num_statements": 0, "percent_covered": 100.0, "percent_covered_display": "100", "missing_lines": 0, "excluded_lines": 0, "percent_statements_covered": 100.0, "percent_statements_covered_display": "100"}, "missing_lines": [], "excluded_lines": [], "start_line": 24}, "ReplayEngine": {"executed_lines": [76, 77, 80, 81, 82, 85, 86, 87, 90, 91, 148, 149, 150, 155, 157, 160, 162, 163, 165, 169, 170, 171, 191, 195, 196, 197, 198, 199, 201, 210, 215, 216, 217, 218, 220, 223, 225, 226, 229, 230, 232, 235, 247, 250, 267, 272, 273, 274, 275, 277, 283, 285, 286, 289, 293, 294, 297, 301, 302, 304], "summary": {"covered_lines": 60, "num_statements": 132, "percent_covered": 45.45454545454545, "percent_covered_display": "45", "missing_lines": 72, "excluded_lines": 0, "percent_statements_covered": 45.45454545454545, "percent_statements_covered_display": "45"}, "missing_lines": [95, 98, 100, 103, 104, 105, 106, 109, 110, 111, 112, 114, 116, 117, 119, 123, 125, 128, 129, 130, 133, 134, 135, 136, 138, 140, 141, 143, 151, 152, 156, 158, 192, 193, 211, 212, 248, 268, 269, 290, 298, 318, 338, 339, 341, 342, 353, 366, 369, 370, 371, 373, 374, 375, 377, 378, 381, 382, 384, 385, 387, 391, 395, 396, 397, 399, 400, 401, 402, 404, 405, 407], "excluded_lines": [], "start_line": 52}, "": {"executed_lines": [4, 5, 6, 7, 8, 9, 11, 13, 23, 24, 28, 29, 32, 33, 34, 37, 38, 41, 42, 45, 46, 47, 48, 49, 52, 69, 93, 121, 145, 167, 184, 203, 252, 311, 336, 346, 389, 393], "summary": {"covered_lines": 38, "num_statements": 38, "percent_covered": 100.0, "percent_covered_display": "100", "missing_lines": 0, "excluded_lines": 0, "percent_statements_covered": 100.0, "percent_statements_covered_display": "100"}, "missing_lines": [], "excluded_lines": [], "start_line": 1}}}, "src\\cryptotechnolog\\config\\__init__.py": {"executed_lines": [4, 15, 16, 18], "summary": {"covered_lines": 4, "num_statements": 4, "percent_covered": 100.0, "percent_covered_display": "100", "missing_lines": 0, "excluded_lines": 0, "percent_statements_covered": 100.0, "percent_statements_covered_display": "100"}, "missing_lines": [], "excluded_lines": [], "functions": {"": {"executed_lines": [4, 15, 16, 18], "summary": {"covered_lines": 4, "num_statements": 4, "percent_covered": 100.0, "percent_covered_display": "100", "missing_lines": 0, "excluded_lines": 0, "percent_statements_covered": 100.0, "percent_statements_covered_display": "100"}, "missing_lines": [], "excluded_lines": [], "start_line": 1}}, "classes": {"": {"executed_lines": [4, 15, 16, 18], "summary": {"covered_lines": 4, "num_statements": 4, "percent_covered": 100.0, "percent_covered_display": "100", "missing_lines": 0, "excluded_lines": 0, "percent_statements_covered": 100.0, "percent_statements_covered_display": "100"}, "missing_lines": [], "excluded_lines": [], "start_line": 1}}}, "src\\cryptotechnolog\\config\\logging.py": {"executed_lines": [4, 5, 6, 7, 8, 9, 10, 12, 14, 21, 24, 29, 32, 33, 34, 36, 38, 39, 40, 41, 42, 44, 46, 47, 50, 57, 58, 61, 68, 69, 71, 72, 74, 78, 81, 85, 86, 89, 91, 92, 93, 96, 97, 100, 101, 102, 103, 104, 116, 119, 120, 121, 122, 125, 126, 127, 128, 140, 145, 148, 161, 164, 167, 168, 169, 170, 171, 172, 175, 186, 189, 197, 206, 216, 218, 220, 223, 235, 242, 243, 244, 246, 253, 254, 256, 265, 266, 272, 283, 284, 286, 287, 290, 292, 295, 302, 303, 305, 308, 318, 319, 325, 326, 327, 331, 340, 348, 363], "summary": {"covered_lines": 108, "num_statements": 114, "percent_covered": 94.73684210526316, "percent_covered_display": "95", "missing_lines": 6, "excluded_lines": 14, "percent_statements_covered": 94.73684210526316, "percent_statements_covered_display": "95"}, "missing_lines": [26, 87, 141, 143, 285, 304], "excluded_lines": [16, 17, 372, 374, 377, 380, 381, 382, 385, 386, 389, 390, 391, 392], "functions": {"_init_context": {"executed_lines": [], "summary": {"covered_lines": 0, "num_statements": 1, "percent_covered": 0.0, "percent_covered_display": "0", "missing_lines": 1, "excluded_lines": 0, "percent_statements_covered": 0.0, "percent_statements_covered_display": "0"}, "missing_lines": [26], "excluded_lines": [], "start_line": 24}, "FileLoggingManager.__init__": {"executed_lines": [33, 34], "summary": {"covered_lines": 2, "num_statements": 2, "percent_covered": 100.0, "percent_covered_display": "100", "missing_lines": 0, "excluded_lines": 0, "percent_statements_covered": 100.0, "percent_statements_covered_display": "100"}, "missing_lines": [], "excluded_lines": [], "start_line": 32}, "FileLoggingManager.get_logs_dir": {"executed_lines": [38, 39, 40, 41, 42], "summary": {"covered_lines": 5, "num_statements": 5, "percent_covered": 100.0, "percent_covered_display": "100", "missing_lines": 0, "excluded_lines": 0, "percent_statements_covered": 100.0, "percent_statements_covered_display": "100"}, "missing_lines": [], "excluded_lines": [], "start_line": 36}, "FileLoggingManager.setup": {"executed_lines": [46, 47, 50, 57, 58, 61, 68, 69], "summary": {"covered_lines": 8, "num_statements": 8, "percent_covered": 100.0, "percent_covered_display": "100", "missing_lines": 0, "excluded_lines": 0, "percent_statements_covered": 100.0, "percent_statements_covered_display": "100"}, "missing_lines": [], "excluded_lines": [], "start_line": 44}, "FileLoggingManager.handlers": {"executed_lines": [74], "summary": {"covered_lines": 1, "num_statements": 1, "percent_covered": 100.0, "percent_covered_display": "100", "missing_lines": 0, "excluded_lines": 0, "percent_statements_covered": 100.0, "percent_statements_covered_display": "100"}, "missing_lines": [], "excluded_lines": [], "start_line": 72}, "_write_to_file_processor": {"executed_lines": [85, 86, 89, 91, 92, 93, 96, 97, 100, 101, 102, 103, 104, 116, 119, 120, 121, 122, 125, 126, 127, 128, 140, 145], "summary": {"covered_lines": 24, "num_statements": 27, "percent_covered": 88.88888888888889, "percent_covered_display": "89", "missing_lines": 3, "excluded_lines": 0, "percent_statements_covered": 88.88888888888889, "percent_statements_covered_display": "89"}, "missing_lines": [87, 141, 143], "excluded_lines": [], "start_line": 81}, "configure_logging": {"executed_lines": [161, 164, 167, 168, 169, 170, 171, 172, 175, 186, 189, 197], "summary": {"covered_lines": 12, "num_statements": 12, "percent_covered": 100.0, "percent_covered_display": "100", "missing_lines": 0, "excluded_lines": 0, "percent_statements_covered": 100.0, "percent_statements_covered_display": "100"}, "missing_lines": [], "excluded_lines": [], "start_line": 148}, "get_logger": {"executed_lines": [216, 218, 220], "summary": {"covered_lines": 3, "num_statements": 3, "percent_covered": 100.0, "percent_covered_display": "100", "missing_lines": 0, "excluded_lines": 0, "percent_statements_covered": 100.0, "percent_statements_covered_display": "100"}, "missing_lines": [], "excluded_lines": [], "start_line": 206}, "LogContext.__init__": {"executed_lines": [242, 243, 244], "summary": {"covered_lines": 3, "num_statements": 3, "percent_covered": 100.0, "percent_covered_display": "100", "missing_lines": 0, "excluded_lines": 0, "percent_statements_covered": 100.0, "percent_statements_covered_display": "100"}, "missing_lines": [], "excluded_lines": [], "start_line": 235}, "LogContext.__enter__": {"executed_lines": [253, 254], "summary": {"covered_lines": 2, "num_statements": 2, "percent_covered": 100.0, "percent_covered_display": "100", "missing_lines": 0, "excluded_lines": 0, "percent_statements_covered": 100.0, "percent_statements_covered_display": "100"}, "missing_lines": [], "excluded_lines": [], "start_line": 246}, "LogContext.__exit__": {"executed_lines": [265, 266], "summary": {"covered_lines": 2, "num_statements": 2, "percent_covered": 100.0, "percent_covered_display": "100", "missing_lines": 0, "excluded_lines": 0, "percent_statements_covered": 100.0, "percent_statements_covered_display": "100"}, "missing_lines": [], "excluded_lines": [], "start_line": 256}, "bind_context": {"executed_lines": [283, 284, 286, 287], "summary": {"covered_lines": 4, "num_statements": 5, "percent_covered": 80.0, "percent_covered_display": "80", "missing_lines": 1, "excluded_lines": 0, "percent_statements_covered": 80.0, "percent_statements_covered_display": "80"}, "missing_lines": [285], "excluded_lines": [], "start_line": 272}, "clear_context": {"executed_lines": [292], "summary": {"covered_lines": 1, "num_statements": 1, "percent_covered": 100.0, "percent_covered_display": "100", "missing_lines": 0, "excluded_lines": 0, "percent_statements_covered": 100.0, "percent_statements_covered_display": "100"}, "missing_lines": [], "excluded_lines": [], "start_line": 290}, "get_context": {"executed_lines": [302, 303, 305], "summary": {"covered_lines": 3, "num_statements": 4, "percent_covered": 75.0, "percent_covered_display": "75", "missing_lines": 1, "excluded_lines": 0, "percent_statements_covered": 75.0, "percent_statements_covered_display": "75"}, "missing_lines": [304], "excluded_lines": [], "start_line": 295}, "LoggerMixin.logger": {"executed_lines": [325, 326, 327], "summary": {"covered_lines": 3, "num_statements": 3, "percent_covered": 100.0, "percent_covered_display": "100", "missing_lines": 0, "excluded_lines": 0, "percent_statements_covered": 100.0, "percent_statements_covered_display": "100"}, "missing_lines": [], "excluded_lines": [], "start_line": 319}, "log_exception": {"executed_lines": [340], "summary": {"covered_lines": 1, "num_statements": 1, "percent_covered": 100.0, "percent_covered_display": "100", "missing_lines": 0, "excluded_lines": 0, "percent_statements_covered": 100.0, "percent_statements_covered_display": "100"}, "missing_lines": [], "excluded_lines": [], "start_line": 331}, "log_performance": {"executed_lines": [363], "summary": {"covered_lines": 1, "num_statements": 1, "percent_covered": 100.0, "percent_covered_display": "100", "missing_lines": 0, "excluded_lines": 0, "percent_statements_covered": 100.0, "percent_statements_covered_display": "100"}, "missing_lines": [], "excluded_lines": [], "start_line": 348}, "": {"executed_lines": [4, 5, 6, 7, 8, 9, 10, 12, 14, 21, 24, 29, 32, 36, 44, 71, 72, 78, 81, 148, 206, 223, 235, 246, 256, 272, 290, 295, 308, 318, 319, 331, 348], "summary": {"covered_lines": 33, "num_statements": 33, "percent_covered": 100.0, "percent_covered_display": "100", "missing_lines": 0, "excluded_lines": 14, "percent_statements_covered": 100.0, "percent_statements_covered_display": "100"}, "missing_lines": [], "excluded_lines": [16, 17, 372, 374, 377, 380, 381, 382, 385, 386, 389, 390, 391, 392], "start_line": 1}}, "classes": {"FileLoggingManager": {"executed_lines": [33, 34, 38, 39, 40, 41, 42, 46, 47, 50, 57, 58, 61, 68, 69, 74], "summary": {"covered_lines": 16, "num_statements": 16, "percent_covered": 100.0, "percent_covered_display": "100", "missing_lines": 0, "excluded_lines": 0, "percent_statements_covered": 100.0, "percent_statements_covered_display": "100"}, "missing_lines": [], "excluded_lines": [], "start_line": 29}, "LogContext": {"executed_lines": [242, 243, 244, 253, 254, 265, 266], "summary": {"covered_lines": 7, "num_statements": 7, "percent_covered": 100.0, "percent_covered_display": "100", "missing_lines": 0, "excluded_lines": 0, "percent_statements_covered": 100.0, "percent_statements_covered_display": "100"}, "missing_lines": [], "excluded_lines": [], "start_line": 223}, "LoggerMixin": {"executed_lines": [325, 326, 327], "summary": {"covered_lines": 3, "num_statements": 3, "percent_covered": 100.0, "percent_covered_display": "100", "missing_lines": 0, "excluded_lines": 0, "percent_statements_covered": 100.0, "percent_statements_covered_display": "100"}, "missing_lines": [], "excluded_lines": [], "start_line": 308}, "": {"executed_lines": [4, 5, 6, 7, 8, 9, 10, 12, 14, 21, 24, 29, 32, 36, 44, 71, 72, 78, 81, 85, 86, 89, 91, 92, 93, 96, 97, 100, 101, 102, 103, 104, 116, 119, 120, 121, 122, 125, 126, 127, 128, 140, 145, 148, 161, 164, 167, 168, 169, 170, 171, 172, 175, 186, 189, 197, 206, 216, 218, 220, 223, 235, 246, 256, 272, 283, 284, 286, 287, 290, 292, 295, 302, 303, 305, 308, 318, 319, 331, 340, 348, 363], "summary": {"covered_lines": 82, "num_statements": 88, "percent_covered": 93.18181818181819, "percent_covered_display": "93", "missing_lines": 6, "excluded_lines": 14, "percent_statements_covered": 93.18181818181819, "percent_statements_covered_display": "93"}, "missing_lines": [26, 87, 141, 143, 285, 304], "excluded_lines": [16, 17, 372, 374, 377, 380, 381, 382, 385, 386, 389, 390, 391, 392], "start_line": 1}}}, "src\\cryptotechnolog\\config\\manager.py": {"executed_lines": [18, 20, 21, 22, 23, 24, 25, 26, 29, 41, 44, 53, 61, 62, 63, 64, 67, 76, 91, 118, 120, 140, 141, 142, 143, 144, 145, 148, 151, 152, 153, 156, 157, 160, 163, 165, 166, 173, 175, 176, 185, 205, 206, 207, 210, 213, 216, 219, 222, 223, 226, 229, 237, 238, 240, 241, 243, 244, 245, 246, 248, 250, 251, 252, 254, 255, 257, 258, 259, 261, 263, 264, 265, 266, 268, 270, 271, 272, 282, 284, 285, 286, 288, 290, 291, 292, 297, 298, 309, 316, 317, 318, 324, 326, 332, 333, 335, 336, 337, 338, 339, 341, 348, 350, 366, 367, 369, 370, 373, 379, 395, 398, 399, 400, 403, 404, 405, 407, 408, 410, 420, 422, 429, 435, 507, 535, 559, 614, 684, 697, 714, 730, 733, 736, 739, 741, 752, 757, 759, 760, 762, 764, 775, 790, 793, 800, 807, 814, 820, 822, 832, 838, 840, 890, 936, 944, 951, 952, 953, 956, 960, 973, 1015, 1026, 1037, 1049, 1057, 1059, 1060, 1061, 1062, 1064, 1075, 1076, 1077, 1078, 1080, 1089, 1090, 1092, 1101, 1102, 1104, 1113, 1114, 1115, 1116, 1118, 1127, 1128, 1129, 1130, 1132, 1146, 1197], "summary": {"covered_lines": 195, "num_statements": 376, "percent_covered": 51.861702127659576, "percent_covered_display": "52", "missing_lines": 181, "excluded_lines": 3, "percent_statements_covered": 51.861702127659576, "percent_statements_covered_display": "52"}, "missing_lines": [84, 85, 86, 87, 88, 183, 274, 275, 276, 299, 300, 301, 302, 307, 456, 457, 459, 461, 462, 463, 469, 470, 471, 474, 475, 478, 481, 488, 494, 495, 497, 499, 500, 501, 505, 520, 522, 525, 526, 527, 532, 533, 542, 545, 546, 557, 574, 575, 577, 578, 579, 580, 583, 584, 586, 587, 589, 590, 593, 595, 630, 632, 634, 635, 636, 637, 638, 642, 643, 645, 646, 647, 653, 654, 655, 657, 659, 660, 663, 664, 665, 669, 673, 676, 677, 682, 691, 692, 694, 695, 704, 705, 707, 708, 772, 773, 794, 801, 808, 815, 854, 857, 859, 861, 869, 874, 876, 877, 879, 881, 887, 888, 904, 905, 907, 914, 919, 921, 922, 924, 929, 930, 957, 958, 967, 990, 991, 993, 995, 996, 998, 1000, 1002, 1003, 1005, 1006, 1007, 1008, 1009, 1011, 1012, 1013, 1022, 1023, 1024, 1033, 1034, 1035, 1044, 1045, 1046, 1139, 1159, 1160, 1161, 1162, 1172, 1174, 1175, 1177, 1179, 1180, 1181, 1182, 1184, 1195, 1204, 1207, 1208, 1209, 1212, 1213, 1214, 1217, 1218, 1219, 1220, 1221, 1223, 1224, 1226], "excluded_lines": [37, 38, 39], "functions": {"ConfigManagerError.__init__": {"executed_lines": [61, 62, 63, 64], "summary": {"covered_lines": 4, "num_statements": 4, "percent_covered": 100.0, "percent_covered_display": "100", "missing_lines": 0, "excluded_lines": 0, "percent_statements_covered": 100.0, "percent_statements_covered_display": "100"}, "missing_lines": [], "excluded_lines": [], "start_line": 53}, "VaultUnavailableError.__init__": {"executed_lines": [], "summary": {"covered_lines": 0, "num_statements": 5, "percent_covered": 0.0, "percent_covered_display": "0", "missing_lines": 5, "excluded_lines": 0, "percent_statements_covered": 0.0, "percent_statements_covered_display": "0"}, "missing_lines": [84, 85, 86, 87, 88], "excluded_lines": [], "start_line": 76}, "ConfigManager.__init__": {"executed_lines": [140, 141, 142, 143, 144, 145, 148, 151, 152, 153, 156, 157, 160, 163], "summary": {"covered_lines": 14, "num_statements": 14, "percent_covered": 100.0, "percent_covered_display": "100", "missing_lines": 0, "excluded_lines": 0, "percent_statements_covered": 100.0, "percent_statements_covered_display": "100"}, "missing_lines": [], "excluded_lines": [], "start_line": 120}, "ConfigManager.current_config": {"executed_lines": [173], "summary": {"covered_lines": 1, "num_statements": 1, "percent_covered": 100.0, "percent_covered_display": "100", "missing_lines": 0, "excluded_lines": 0, "percent_statements_covered": 100.0, "percent_statements_covered_display": "100"}, "missing_lines": [], "excluded_lines": [], "start_line": 166}, "ConfigManager.internal_version": {"executed_lines": [], "summary": {"covered_lines": 0, "num_statements": 1, "percent_covered": 0.0, "percent_covered_display": "0", "missing_lines": 1, "excluded_lines": 0, "percent_statements_covered": 0.0, "percent_statements_covered_display": "0"}, "missing_lines": [183], "excluded_lines": [], "start_line": 176}, "ConfigManager.load": {"executed_lines": [205, 206, 207, 210, 213, 216, 219, 222, 223, 226, 229, 237, 238, 240, 241, 243, 244, 245, 246], "summary": {"covered_lines": 19, "num_statements": 19, "percent_covered": 100.0, "percent_covered_display": "100", "missing_lines": 0, "excluded_lines": 0, "percent_statements_covered": 100.0, "percent_statements_covered_display": "100"}, "missing_lines": [], "excluded_lines": [], "start_line": 185}, "ConfigManager._load_and_measure": {"executed_lines": [250, 251, 252, 254, 255, 257, 258, 259], "summary": {"covered_lines": 8, "num_statements": 8, "percent_covered": 100.0, "percent_covered_display": "100", "missing_lines": 0, "excluded_lines": 0, "percent_statements_covered": 100.0, "percent_statements_covered_display": "100"}, "missing_lines": [], "excluded_lines": [], "start_line": 248}, "ConfigManager._verify_signature": {"executed_lines": [263, 264, 265, 266, 268, 270, 271, 272], "summary": {"covered_lines": 8, "num_statements": 11, "percent_covered": 72.72727272727273, "percent_covered_display": "73", "missing_lines": 3, "excluded_lines": 0, "percent_statements_covered": 72.72727272727273, "percent_statements_covered_display": "73"}, "missing_lines": [274, 275, 276], "excluded_lines": [], "start_line": 261}, "ConfigManager._parse_bytes": {"executed_lines": [284, 285, 286], "summary": {"covered_lines": 3, "num_statements": 3, "percent_covered": 100.0, "percent_covered_display": "100", "missing_lines": 0, "excluded_lines": 0, "percent_statements_covered": 100.0, "percent_statements_covered_display": "100"}, "missing_lines": [], "excluded_lines": [], "start_line": 282}, "ConfigManager._validate_parsed": {"executed_lines": [290, 291, 292, 297, 298], "summary": {"covered_lines": 5, "num_statements": 10, "percent_covered": 50.0, "percent_covered_display": "50", "missing_lines": 5, "excluded_lines": 0, "percent_statements_covered": 50.0, "percent_statements_covered_display": "50"}, "missing_lines": [299, 300, 301, 302, 307], "excluded_lines": [], "start_line": 288}, "ConfigManager._save_to_history": {"executed_lines": [316, 317, 318, 324], "summary": {"covered_lines": 4, "num_statements": 4, "percent_covered": 100.0, "percent_covered_display": "100", "missing_lines": 0, "excluded_lines": 0, "percent_statements_covered": 100.0, "percent_statements_covered_display": "100"}, "missing_lines": [], "excluded_lines": [], "start_line": 309}, "ConfigManager._atomic_swap": {"executed_lines": [332, 333, 335, 336, 337, 338, 339, 341, 348], "summary": {"covered_lines": 9, "num_statements": 9, "percent_covered": 100.0, "percent_covered_display": "100", "missing_lines": 0, "excluded_lines": 0, "percent_statements_covered": 100.0, "percent_statements_covered_display": "100"}, "missing_lines": [], "excluded_lines": [], "start_line": 326}, "ConfigManager.reload": {"executed_lines": [366, 367, 369, 370, 373], "summary": {"covered_lines": 5, "num_statements": 5, "percent_covered": 100.0, "percent_covered_display": "100", "missing_lines": 0, "excluded_lines": 0, "percent_statements_covered": 100.0, "percent_statements_covered_display": "100"}, "missing_lines": [], "excluded_lines": [], "start_line": 350}, "ConfigManager.load_from_history": {"executed_lines": [395, 398, 399, 400, 403, 404, 405, 407, 408], "summary": {"covered_lines": 9, "num_statements": 9, "percent_covered": 100.0, "percent_covered_display": "100", "missing_lines": 0, "excluded_lines": 0, "percent_statements_covered": 100.0, "percent_statements_covered_display": "100"}, "missing_lines": [], "excluded_lines": [], "start_line": 379}, "ConfigManager.get_history": {"executed_lines": [420], "summary": {"covered_lines": 1, "num_statements": 1, "percent_covered": 100.0, "percent_covered_display": "100", "missing_lines": 0, "excluded_lines": 0, "percent_statements_covered": 100.0, "percent_statements_covered_display": "100"}, "missing_lines": [], "excluded_lines": [], "start_line": 410}, "ConfigManager.get_latest_from_history": {"executed_lines": [429], "summary": {"covered_lines": 1, "num_statements": 1, "percent_covered": 100.0, "percent_covered_display": "100", "missing_lines": 0, "excluded_lines": 0, "percent_statements_covered": 100.0, "percent_statements_covered_display": "100"}, "missing_lines": [], "excluded_lines": [], "start_line": 422}, "ConfigManager.rollback_to_version": {"executed_lines": [], "summary": {"covered_lines": 0, "num_statements": 21, "percent_covered": 0.0, "percent_covered_display": "0", "missing_lines": 21, "excluded_lines": 0, "percent_statements_covered": 0.0, "percent_statements_covered_display": "0"}, "missing_lines": [456, 457, 459, 461, 462, 463, 469, 470, 471, 474, 475, 478, 481, 488, 494, 495, 497, 499, 500, 501, 505], "excluded_lines": [], "start_line": 435}, "ConfigManager.rollback_to_previous": {"executed_lines": [], "summary": {"covered_lines": 0, "num_statements": 7, "percent_covered": 0.0, "percent_covered_display": "0", "missing_lines": 7, "excluded_lines": 0, "percent_statements_covered": 0.0, "percent_statements_covered_display": "0"}, "missing_lines": [520, 522, 525, 526, 527, 532, 533], "excluded_lines": [], "start_line": 507}, "ConfigManager.get_rollback_candidates": {"executed_lines": [], "summary": {"covered_lines": 0, "num_statements": 4, "percent_covered": 0.0, "percent_covered_display": "0", "missing_lines": 4, "excluded_lines": 0, "percent_statements_covered": 0.0, "percent_statements_covered_display": "0"}, "missing_lines": [542, 545, 546, 557], "excluded_lines": [], "start_line": 535}, "ConfigManager.compare_versions": {"executed_lines": [], "summary": {"covered_lines": 0, "num_statements": 14, "percent_covered": 0.0, "percent_covered_display": "0", "missing_lines": 14, "excluded_lines": 0, "percent_statements_covered": 0.0, "percent_statements_covered_display": "0"}, "missing_lines": [574, 575, 577, 578, 579, 580, 583, 584, 586, 587, 589, 590, 593, 595], "excluded_lines": [], "start_line": 559}, "ConfigManager.load_secrets_from_vault": {"executed_lines": [], "summary": {"covered_lines": 0, "num_statements": 26, "percent_covered": 0.0, "percent_covered_display": "0", "missing_lines": 26, "excluded_lines": 0, "percent_statements_covered": 0.0, "percent_statements_covered_display": "0"}, "missing_lines": [630, 632, 634, 635, 636, 637, 638, 642, 643, 645, 646, 647, 653, 654, 655, 657, 659, 660, 663, 664, 665, 669, 673, 676, 677, 682], "excluded_lines": [], "start_line": 614}, "ConfigManager._is_cache_valid": {"executed_lines": [], "summary": {"covered_lines": 0, "num_statements": 4, "percent_covered": 0.0, "percent_covered_display": "0", "missing_lines": 4, "excluded_lines": 0, "percent_statements_covered": 0.0, "percent_statements_covered_display": "0"}, "missing_lines": [691, 692, 694, 695], "excluded_lines": [], "start_line": 684}, "ConfigManager._get_cache_age_hours": {"executed_lines": [], "summary": {"covered_lines": 0, "num_statements": 4, "percent_covered": 0.0, "percent_covered_display": "0", "missing_lines": 4, "excluded_lines": 0, "percent_statements_covered": 0.0, "percent_statements_covered_display": "0"}, "missing_lines": [704, 705, 707, 708], "excluded_lines": [], "start_line": 697}, "ConfigManager._publish_config_updated": {"executed_lines": [730, 733, 736, 739, 741, 752, 757, 759, 760, 762, 764], "summary": {"covered_lines": 11, "num_statements": 13, "percent_covered": 84.61538461538461, "percent_covered_display": "85", "missing_lines": 2, "excluded_lines": 0, "percent_statements_covered": 84.61538461538461, "percent_statements_covered_display": "85"}, "missing_lines": [772, 773], "excluded_lines": [], "start_line": 714}, "ConfigManager._compute_diff": {"executed_lines": [790, 793, 800, 807, 814, 820], "summary": {"covered_lines": 6, "num_statements": 10, "percent_covered": 60.0, "percent_covered_display": "60", "missing_lines": 4, "excluded_lines": 0, "percent_statements_covered": 60.0, "percent_statements_covered_display": "60"}, "missing_lines": [794, 801, 808, 815], "excluded_lines": [], "start_line": 775}, "ConfigManager._get_reload_required_sections": {"executed_lines": [832, 838], "summary": {"covered_lines": 2, "num_statements": 2, "percent_covered": 100.0, "percent_covered_display": "100", "missing_lines": 0, "excluded_lines": 0, "percent_statements_covered": 100.0, "percent_statements_covered_display": "100"}, "missing_lines": [], "excluded_lines": [], "start_line": 822}, "ConfigManager._publish_alert": {"executed_lines": [], "summary": {"covered_lines": 0, "num_statements": 12, "percent_covered": 0.0, "percent_covered_display": "0", "missing_lines": 12, "excluded_lines": 0, "percent_statements_covered": 0.0, "percent_statements_covered_display": "0"}, "missing_lines": [854, 857, 859, 861, 869, 874, 876, 877, 879, 881, 887, 888], "excluded_lines": [], "start_line": 840}, "ConfigManager._publish_rollback_event": {"executed_lines": [], "summary": {"covered_lines": 0, "num_statements": 10, "percent_covered": 0.0, "percent_covered_display": "0", "missing_lines": 10, "excluded_lines": 0, "percent_statements_covered": 0.0, "percent_statements_covered_display": "0"}, "missing_lines": [904, 905, 907, 914, 919, 921, 922, 924, 929, 930], "excluded_lines": [], "start_line": 890}, "ConfigManager._update_gauges": {"executed_lines": [944, 951, 952, 953, 956], "summary": {"covered_lines": 5, "num_statements": 7, "percent_covered": 71.42857142857143, "percent_covered_display": "71", "missing_lines": 2, "excluded_lines": 0, "percent_statements_covered": 71.42857142857143, "percent_statements_covered_display": "71"}, "missing_lines": [957, 958], "excluded_lines": [], "start_line": 936}, "ConfigManager.get_metrics": {"executed_lines": [], "summary": {"covered_lines": 0, "num_statements": 1, "percent_covered": 0.0, "percent_covered_display": "0", "missing_lines": 1, "excluded_lines": 0, "percent_statements_covered": 0.0, "percent_statements_covered_display": "0"}, "missing_lines": [967], "excluded_lines": [], "start_line": 960}, "ConfigManager.get_config_value": {"executed_lines": [], "summary": {"covered_lines": 0, "num_statements": 17, "percent_covered": 0.0, "percent_covered_display": "0", "missing_lines": 17, "excluded_lines": 0, "percent_statements_covered": 0.0, "percent_statements_covered_display": "0"}, "missing_lines": [990, 991, 993, 995, 996, 998, 1000, 1002, 1003, 1005, 1006, 1007, 1008, 1009, 1011, 1012, 1013], "excluded_lines": [], "start_line": 973}, "ConfigManager.get_risk_config": {"executed_lines": [], "summary": {"covered_lines": 0, "num_statements": 3, "percent_covered": 0.0, "percent_covered_display": "0", "missing_lines": 3, "excluded_lines": 0, "percent_statements_covered": 0.0, "percent_statements_covered_display": "0"}, "missing_lines": [1022, 1023, 1024], "excluded_lines": [], "start_line": 1015}, "ConfigManager.get_exchanges": {"executed_lines": [], "summary": {"covered_lines": 0, "num_statements": 3, "percent_covered": 0.0, "percent_covered_display": "0", "missing_lines": 3, "excluded_lines": 0, "percent_statements_covered": 0.0, "percent_statements_covered_display": "0"}, "missing_lines": [1033, 1034, 1035], "excluded_lines": [], "start_line": 1026}, "ConfigManager.get_strategies": {"executed_lines": [], "summary": {"covered_lines": 0, "num_statements": 3, "percent_covered": 0.0, "percent_covered_display": "0", "missing_lines": 3, "excluded_lines": 0, "percent_statements_covered": 0.0, "percent_statements_covered_display": "0"}, "missing_lines": [1044, 1045, 1046], "excluded_lines": [], "start_line": 1037}, "ConfigMetrics.__init__": {"executed_lines": [1059, 1060, 1061, 1062], "summary": {"covered_lines": 4, "num_statements": 4, "percent_covered": 100.0, "percent_covered_display": "100", "missing_lines": 0, "excluded_lines": 0, "percent_statements_covered": 100.0, "percent_statements_covered_display": "100"}, "missing_lines": [], "excluded_lines": [], "start_line": 1057}, "ConfigMetrics._make_key": {"executed_lines": [1075, 1076, 1077, 1078], "summary": {"covered_lines": 4, "num_statements": 4, "percent_covered": 100.0, "percent_covered_display": "100", "missing_lines": 0, "excluded_lines": 0, "percent_statements_covered": 100.0, "percent_statements_covered_display": "100"}, "missing_lines": [], "excluded_lines": [], "start_line": 1064}, "ConfigMetrics.increment": {"executed_lines": [1089, 1090], "summary": {"covered_lines": 2, "num_statements": 2, "percent_covered": 100.0, "percent_covered_display": "100", "missing_lines": 0, "excluded_lines": 0, "percent_statements_covered": 100.0, "percent_statements_covered_display": "100"}, "missing_lines": [], "excluded_lines": [], "start_line": 1080}, "ConfigMetrics.gauge": {"executed_lines": [1101, 1102], "summary": {"covered_lines": 2, "num_statements": 2, "percent_covered": 100.0, "percent_covered_display": "100", "missing_lines": 0, "excluded_lines": 0, "percent_statements_covered": 100.0, "percent_statements_covered_display": "100"}, "missing_lines": [], "excluded_lines": [], "start_line": 1092}, "ConfigMetrics.observe": {"executed_lines": [1113, 1114, 1115, 1116], "summary": {"covered_lines": 4, "num_statements": 4, "percent_covered": 100.0, "percent_covered_display": "100", "missing_lines": 0, "excluded_lines": 0, "percent_statements_covered": 100.0, "percent_statements_covered_display": "100"}, "missing_lines": [], "excluded_lines": [], "start_line": 1104}, "ConfigMetrics.timing": {"executed_lines": [1127, 1128, 1129, 1130], "summary": {"covered_lines": 4, "num_statements": 4, "percent_covered": 100.0, "percent_covered_display": "100", "missing_lines": 0, "excluded_lines": 0, "percent_statements_covered": 100.0, "percent_statements_covered_display": "100"}, "missing_lines": [], "excluded_lines": [], "start_line": 1118}, "ConfigMetrics.to_dict": {"executed_lines": [], "summary": {"covered_lines": 0, "num_statements": 1, "percent_covered": 0.0, "percent_covered_display": "0", "missing_lines": 1, "excluded_lines": 0, "percent_statements_covered": 0.0, "percent_statements_covered_display": "0"}, "missing_lines": [1139], "excluded_lines": [], "start_line": 1132}, "ConfigMetrics._compute_histogram_stats": {"executed_lines": [], "summary": {"covered_lines": 0, "num_statements": 10, "percent_covered": 0.0, "percent_covered_display": "0", "missing_lines": 10, "excluded_lines": 0, "percent_statements_covered": 0.0, "percent_statements_covered_display": "0"}, "missing_lines": [1159, 1160, 1161, 1162, 1172, 1174, 1175, 1177, 1184, 1195], "excluded_lines": [], "start_line": 1146}, "ConfigMetrics._compute_histogram_stats.percentile": {"executed_lines": [], "summary": {"covered_lines": 0, "num_statements": 4, "percent_covered": 0.0, "percent_covered_display": "0", "missing_lines": 4, "excluded_lines": 0, "percent_statements_covered": 0.0, "percent_statements_covered_display": "0"}, "missing_lines": [1179, 1180, 1181, 1182], "excluded_lines": [], "start_line": 1177}, "ConfigMetrics.to_prometheus_format": {"executed_lines": [], "summary": {"covered_lines": 0, "num_statements": 15, "percent_covered": 0.0, "percent_covered_display": "0", "missing_lines": 15, "excluded_lines": 0, "percent_statements_covered": 0.0, "percent_statements_covered_display": "0"}, "missing_lines": [1204, 1207, 1208, 1209, 1212, 1213, 1214, 1217, 1218, 1219, 1220, 1221, 1223, 1224, 1226], "excluded_lines": [], "start_line": 1197}, "": {"executed_lines": [18, 20, 21, 22, 23, 24, 25, 26, 29, 41, 44, 53, 67, 76, 91, 118, 120, 165, 166, 175, 176, 185, 248, 261, 282, 288, 309, 326, 350, 379, 410, 422, 435, 507, 535, 559, 614, 684, 697, 714, 775, 822, 840, 890, 936, 960, 973, 1015, 1026, 1037, 1049, 1057, 1064, 1080, 1092, 1104, 1118, 1132, 1146, 1197], "summary": {"covered_lines": 60, "num_statements": 60, "percent_covered": 100.0, "percent_covered_display": "100", "missing_lines": 0, "excluded_lines": 3, "percent_statements_covered": 100.0, "percent_statements_covered_display": "100"}, "missing_lines": [], "excluded_lines": [37, 38, 39], "start_line": 1}}, "classes": {"ConfigManagerError": {"executed_lines": [61, 62, 63, 64], "summary": {"covered_lines": 4, "num_statements": 4, "percent_covered": 100.0, "percent_covered_display": "100", "missing_lines": 0, "excluded_lines": 0, "percent_statements_covered": 100.0, "percent_statements_covered_display": "100"}, "missing_lines": [], "excluded_lines": [], "start_line": 44}, "VaultUnavailableError": {"executed_lines": [], "summary": {"covered_lines": 0, "num_statements": 5, "percent_covered": 0.0, "percent_covered_display": "0", "missing_lines": 5, "excluded_lines": 0, "percent_statements_covered": 0.0, "percent_statements_covered_display": "0"}, "missing_lines": [84, 85, 86, 87, 88], "excluded_lines": [], "start_line": 67}, "ConfigManager": {"executed_lines": [140, 141, 142, 143, 144, 145, 148, 151, 152, 153, 156, 157, 160, 163, 173, 205, 206, 207, 210, 213, 216, 219, 222, 223, 226, 229, 237, 238, 240, 241, 243, 244, 245, 246, 250, 251, 252, 254, 255, 257, 258, 259, 263, 264, 265, 266, 268, 270, 271, 272, 284, 285, 286, 290, 291, 292, 297, 298, 316, 317, 318, 324, 332, 333, 335, 336, 337, 338, 339, 341, 348, 366, 367, 369, 370, 373, 395, 398, 399, 400, 403, 404, 405, 407, 408, 420, 429, 730, 733, 736, 739, 741, 752, 757, 759, 760, 762, 764, 790, 793, 800, 807, 814, 820, 832, 838, 944, 951, 952, 953, 956], "summary": {"covered_lines": 111, "num_statements": 257, "percent_covered": 43.190661478599225, "percent_covered_display": "43", "missing_lines": 146, "excluded_lines": 0, "percent_statements_covered": 43.190661478599225, "percent_statements_covered_display": "43"}, "missing_lines": [183, 274, 275, 276, 299, 300, 301, 302, 307, 456, 457, 459, 461, 462, 463, 469, 470, 471, 474, 475, 478, 481, 488, 494, 495, 497, 499, 500, 501, 505, 520, 522, 525, 526, 527, 532, 533, 542, 545, 546, 557, 574, 575, 577, 578, 579, 580, 583, 584, 586, 587, 589, 590, 593, 595, 630, 632, 634, 635, 636, 637, 638, 642, 643, 645, 646, 647, 653, 654, 655, 657, 659, 660, 663, 664, 665, 669, 673, 676, 677, 682, 691, 692, 694, 695, 704, 705, 707, 708, 772, 773, 794, 801, 808, 815, 854, 857, 859, 861, 869, 874, 876, 877, 879, 881, 887, 888, 904, 905, 907, 914, 919, 921, 922, 924, 929, 930, 957, 958, 967, 990, 991, 993, 995, 996, 998, 1000, 1002, 1003, 1005, 1006, 1007, 1008, 1009, 1011, 1012, 1013, 1022, 1023, 1024, 1033, 1034, 1035, 1044, 1045, 1046], "excluded_lines": [], "start_line": 91}, "ConfigMetrics": {"executed_lines": [1059, 1060, 1061, 1062, 1075, 1076, 1077, 1078, 1089, 1090, 1101, 1102, 1113, 1114, 1115, 1116, 1127, 1128, 1129, 1130], "summary": {"covered_lines": 20, "num_statements": 50, "percent_covered": 40.0, "percent_covered_display": "40", "missing_lines": 30, "excluded_lines": 0, "percent_statements_covered": 40.0, "percent_statements_covered_display": "40"}, "missing_lines": [1139, 1159, 1160, 1161, 1162, 1172, 1174, 1175, 1177, 1179, 1180, 1181, 1182, 1184, 1195, 1204, 1207, 1208, 1209, 1212, 1213, 1214, 1217, 1218, 1219, 1220, 1221, 1223, 1224, 1226], "excluded_lines": [], "start_line": 1049}, "": {"executed_lines": [18, 20, 21, 22, 23, 24, 25, 26, 29, 41, 44, 53, 67, 76, 91, 118, 120, 165, 166, 175, 176, 185, 248, 261, 282, 288, 309, 326, 350, 379, 410, 422, 435, 507, 535, 559, 614, 684, 697, 714, 775, 822, 840, 890, 936, 960, 973, 1015, 1026, 1037, 1049, 1057, 1064, 1080, 1092, 1104, 1118, 1132, 1146, 1197], "summary": {"covered_lines": 60, "num_statements": 60, "percent_covered": 100.0, "percent_covered_display": "100", "missing_lines": 0, "excluded_lines": 3, "percent_statements_covered": 100.0, "percent_statements_covered_display": "100"}, "missing_lines": [], "excluded_lines": [37, 38, 39], "start_line": 1}}}, "src\\cryptotechnolog\\config\\models.py": {"executed_lines": [13, 15, 16, 18, 21, 33, 39, 45, 51, 57, 63, 64, 65, 74, 75, 76, 78, 93, 106, 107, 108, 109, 111, 116, 118, 119, 120, 127, 128, 129, 131, 147, 160, 161, 162, 163, 168, 169, 171, 187, 200, 201, 203, 204, 205, 207, 212], "summary": {"covered_lines": 47, "num_statements": 47, "percent_covered": 100.0, "percent_covered_display": "100", "missing_lines": 0, "excluded_lines": 0, "percent_statements_covered": 100.0, "percent_statements_covered_display": "100"}, "missing_lines": [], "excluded_lines": [], "functions": {"RiskConfig.validate_soft_less_than_hard": {"executed_lines": [74, 75, 76], "summary": {"covered_lines": 3, "num_statements": 3, "percent_covered": 100.0, "percent_covered_display": "100", "missing_lines": 0, "excluded_lines": 0, "percent_statements_covered": 100.0, "percent_statements_covered_display": "100"}, "missing_lines": [], "excluded_lines": [], "start_line": 65}, "ExchangeConfig.validate_vault_path": {"executed_lines": [127, 128, 129], "summary": {"covered_lines": 3, "num_statements": 3, "percent_covered": 100.0, "percent_covered_display": "100", "missing_lines": 0, "excluded_lines": 0, "percent_statements_covered": 100.0, "percent_statements_covered_display": "100"}, "missing_lines": [], "excluded_lines": [], "start_line": 120}, "": {"executed_lines": [13, 15, 16, 18, 21, 33, 39, 45, 51, 57, 63, 64, 65, 78, 93, 106, 107, 108, 109, 111, 116, 118, 119, 120, 131, 147, 160, 161, 162, 163, 168, 169, 171, 187, 200, 201, 203, 204, 205, 207, 212], "summary": {"covered_lines": 41, "num_statements": 41, "percent_covered": 100.0, "percent_covered_display": "100", "missing_lines": 0, "excluded_lines": 0, "percent_statements_covered": 100.0, "percent_statements_covered_display": "100"}, "missing_lines": [], "excluded_lines": [], "start_line": 1}}, "classes": {"RiskConfig": {"executed_lines": [74, 75, 76], "summary": {"covered_lines": 3, "num_statements": 3, "percent_covered": 100.0, "percent_covered_display": "100", "missing_lines": 0, "excluded_lines": 0, "percent_statements_covered": 100.0, "percent_statements_covered_display": "100"}, "missing_lines": [], "excluded_lines": [], "start_line": 21}, "ExchangeConfig": {"executed_lines": [127, 128, 129], "summary": {"covered_lines": 3, "num_statements": 3, "percent_covered": 100.0, "percent_covered_display": "100", "missing_lines": 0, "excluded_lines": 0, "percent_statements_covered": 100.0, "percent_statements_covered_display": "100"}, "missing_lines": [], "excluded_lines": [], "start_line": 93}, "StrategyConfig": {"executed_lines": [], "summary": {"covered_lines": 0, "num_statements": 0, "percent_covered": 100.0, "percent_covered_display": "100", "missing_lines": 0, "excluded_lines": 0, "percent_statements_covered": 100.0, "percent_statements_covered_display": "100"}, "missing_lines": [], "excluded_lines": [], "start_line": 147}, "SystemConfig": {"executed_lines": [], "summary": {"covered_lines": 0, "num_statements": 0, "percent_covered": 100.0, "percent_covered_display": "100", "missing_lines": 0, "excluded_lines": 0, "percent_statements_covered": 100.0, "percent_statements_covered_display": "100"}, "missing_lines": [], "excluded_lines": [], "start_line": 187}, "": {"executed_lines": [13, 15, 16, 18, 21, 33, 39, 45, 51, 57, 63, 64, 65, 78, 93, 106, 107, 108, 109, 111, 116, 118, 119, 120, 131, 147, 160, 161, 162, 163, 168, 169, 171, 187, 200, 201, 203, 204, 205, 207, 212], "summary": {"covered_lines": 41, "num_statements": 41, "percent_covered": 100.0, "percent_covered_display": "100", "missing_lines": 0, "excluded_lines": 0, "percent_statements_covered": 100.0, "percent_statements_covered_display": "100"}, "missing_lines": [], "excluded_lines": [], "start_line": 1}}}, "src\\cryptotechnolog\\config\\parsers\\__init__.py": {"executed_lines": [11, 12, 14], "summary": {"covered_lines": 3, "num_statements": 3, "percent_covered": 100.0, "percent_covered_display": "100", "missing_lines": 0, "excluded_lines": 0, "percent_statements_covered": 100.0, "percent_statements_covered_display": "100"}, "missing_lines": [], "excluded_lines": [], "functions": {"": {"executed_lines": [11, 12, 14], "summary": {"covered_lines": 3, "num_statements": 3, "percent_covered": 100.0, "percent_covered_display": "100", "missing_lines": 0, "excluded_lines": 0, "percent_statements_covered": 100.0, "percent_statements_covered_display": "100"}, "missing_lines": [], "excluded_lines": [], "start_line": 1}}, "classes": {"": {"executed_lines": [11, 12, 14], "summary": {"covered_lines": 3, "num_statements": 3, "percent_covered": 100.0, "percent_covered_display": "100", "missing_lines": 0, "excluded_lines": 0, "percent_statements_covered": 100.0, "percent_statements_covered_display": "100"}, "missing_lines": [], "excluded_lines": [], "start_line": 1}}}, "src\\cryptotechnolog\\config\\parsers\\json_parser.py": {"executed_lines": [9, 10, 12, 15, 18, 21, 33, 39, 41, 54, 55, 57, 59, 62, 65, 67, 68, 70, 72, 73, 76], "summary": {"covered_lines": 21, "num_statements": 23, "percent_covered": 91.30434782608695, "percent_covered_display": "91", "missing_lines": 2, "excluded_lines": 0, "percent_statements_covered": 91.30434782608695, "percent_statements_covered_display": "91"}, "missing_lines": [66, 77], "excluded_lines": [], "functions": {"JsonParser.__init__": {"executed_lines": [39], "summary": {"covered_lines": 1, "num_statements": 1, "percent_covered": 100.0, "percent_covered_display": "100", "missing_lines": 0, "excluded_lines": 0, "percent_statements_covered": 100.0, "percent_statements_covered_display": "100"}, "missing_lines": [], "excluded_lines": [], "start_line": 33}, "JsonParser.parse": {"executed_lines": [54, 55, 57, 59, 62, 65, 67, 68, 70, 72, 73, 76], "summary": {"covered_lines": 12, "num_statements": 14, "percent_covered": 85.71428571428571, "percent_covered_display": "86", "missing_lines": 2, "excluded_lines": 0, "percent_statements_covered": 85.71428571428571, "percent_statements_covered_display": "86"}, "missing_lines": [66, 77], "excluded_lines": [], "start_line": 41}, "": {"executed_lines": [9, 10, 12, 15, 18, 21, 33, 41], "summary": {"covered_lines": 8, "num_statements": 8, "percent_covered": 100.0, "percent_covered_display": "100", "missing_lines": 0, "excluded_lines": 0, "percent_statements_covered": 100.0, "percent_statements_covered_display": "100"}, "missing_lines": [], "excluded_lines": [], "start_line": 1}}, "classes": {"JsonParseError": {"executed_lines": [], "summary": {"covered_lines": 0, "num_statements": 0, "percent_covered": 100.0, "percent_covered_display": "100", "missing_lines": 0, "excluded_lines": 0, "percent_statements_covered": 100.0, "percent_statements_covered_display": "100"}, "missing_lines": [], "excluded_lines": [], "start_line": 15}, "JsonParser": {"executed_lines": [39, 54, 55, 57, 59, 62, 65, 67, 68, 70, 72, 73, 76], "summary": {"covered_lines": 13, "num_statements": 15, "percent_covered": 86.66666666666667, "percent_covered_display": "87", "missing_lines": 2, "excluded_lines": 0, "percent_statements_covered": 86.66666666666667, "percent_statements_covered_display": "87"}, "missing_lines": [66, 77], "excluded_lines": [], "start_line": 21}, "": {"executed_lines": [9, 10, 12, 15, 18, 21, 33, 41], "summary": {"covered_lines": 8, "num_statements": 8, "percent_covered": 100.0, "percent_covered_display": "100", "missing_lines": 0, "excluded_lines": 0, "percent_statements_covered": 100.0, "percent_statements_covered_display": "100"}, "missing_lines": [], "excluded_lines": [], "start_line": 1}}}, "src\\cryptotechnolog\\config\\parsers\\yaml_parser.py": {"executed_lines": [9, 11, 13, 16, 19, 22, 34, 40, 42, 55, 56, 58, 60, 63, 66, 68, 69, 71, 73, 74, 75], "summary": {"covered_lines": 21, "num_statements": 23, "percent_covered": 91.30434782608695, "percent_covered_display": "91", "missing_lines": 2, "excluded_lines": 0, "percent_statements_covered": 91.30434782608695, "percent_statements_covered_display": "91"}, "missing_lines": [67, 76], "excluded_lines": [], "functions": {"YamlParser.__init__": {"executed_lines": [40], "summary": {"covered_lines": 1, "num_statements": 1, "percent_covered": 100.0, "percent_covered_display": "100", "missing_lines": 0, "excluded_lines": 0, "percent_statements_covered": 100.0, "percent_statements_covered_display": "100"}, "missing_lines": [], "excluded_lines": [], "start_line": 34}, "YamlParser.parse": {"executed_lines": [55, 56, 58, 60, 63, 66, 68, 69, 71, 73, 74, 75], "summary": {"covered_lines": 12, "num_statements": 14, "percent_covered": 85.71428571428571, "percent_covered_display": "86", "missing_lines": 2, "excluded_lines": 0, "percent_statements_covered": 85.71428571428571, "percent_statements_covered_display": "86"}, "missing_lines": [67, 76], "excluded_lines": [], "start_line": 42}, "": {"executed_lines": [9, 11, 13, 16, 19, 22, 34, 42], "summary": {"covered_lines": 8, "num_statements": 8, "percent_covered": 100.0, "percent_covered_display": "100", "missing_lines": 0, "excluded_lines": 0, "percent_statements_covered": 100.0, "percent_statements_covered_display": "100"}, "missing_lines": [], "excluded_lines": [], "start_line": 1}}, "classes": {"YamlParseError": {"executed_lines": [], "summary": {"covered_lines": 0, "num_statements": 0, "percent_covered": 100.0, "percent_covered_display": "100", "missing_lines": 0, "excluded_lines": 0, "percent_statements_covered": 100.0, "percent_statements_covered_display": "100"}, "missing_lines": [], "excluded_lines": [], "start_line": 16}, "YamlParser": {"executed_lines": [40, 55, 56, 58, 60, 63, 66, 68, 69, 71, 73, 74, 75], "summary": {"covered_lines": 13, "num_statements": 15, "percent_covered": 86.66666666666667, "percent_covered_display": "87", "missing_lines": 2, "excluded_lines": 0, "percent_statements_covered": 86.66666666666667, "percent_statements_covered_display": "87"}, "missing_lines": [67, 76], "excluded_lines": [], "start_line": 22}, "": {"executed_lines": [9, 11, 13, 16, 19, 22, 34, 42], "summary": {"covered_lines": 8, "num_statements": 8, "percent_covered": 100.0, "percent_covered_display": "100", "missing_lines": 0, "excluded_lines": 0, "percent_statements_covered": 100.0, "percent_statements_covered_display": "100"}, "missing_lines": [], "excluded_lines": [], "start_line": 1}}}, "src\\cryptotechnolog\\config\\protocols.py": {"executed_lines": [12, 14, 25, 34, 49, 62, 70, 86, 94, 110, 119, 134, 147, 157, 175, 189, 191, 193, 202, 205, 215, 218, 229, 250, 262, 271, 284, 294, 306, 312], "summary": {"covered_lines": 30, "num_statements": 44, "percent_covered": 68.18181818181819, "percent_covered_display": "68", "missing_lines": 14, "excluded_lines": 5, "percent_statements_covered": 68.18181818181819, "percent_statements_covered_display": "68"}, "missing_lines": [47, 59, 83, 107, 132, 144, 172, 248, 260, 269, 281, 304, 310, 319], "excluded_lines": [16, 17, 18, 20, 22], "functions": {"IConfigLoader.load": {"executed_lines": [], "summary": {"covered_lines": 0, "num_statements": 1, "percent_covered": 0.0, "percent_covered_display": "0", "missing_lines": 1, "excluded_lines": 0, "percent_statements_covered": 0.0, "percent_statements_covered_display": "0"}, "missing_lines": [47], "excluded_lines": [], "start_line": 34}, "IConfigLoader.reload": {"executed_lines": [], "summary": {"covered_lines": 0, "num_statements": 1, "percent_covered": 0.0, "percent_covered_display": "0", "missing_lines": 1, "excluded_lines": 0, "percent_statements_covered": 0.0, "percent_statements_covered_display": "0"}, "missing_lines": [59], "excluded_lines": [], "start_line": 49}, "IConfigParser.parse": {"executed_lines": [], "summary": {"covered_lines": 0, "num_statements": 1, "percent_covered": 0.0, "percent_covered_display": "0", "missing_lines": 1, "excluded_lines": 0, "percent_statements_covered": 0.0, "percent_statements_covered_display": "0"}, "missing_lines": [83], "excluded_lines": [], "start_line": 70}, "IConfigValidator.validate": {"executed_lines": [], "summary": {"covered_lines": 0, "num_statements": 1, "percent_covered": 0.0, "percent_covered_display": "0", "missing_lines": 1, "excluded_lines": 0, "percent_statements_covered": 0.0, "percent_statements_covered_display": "0"}, "missing_lines": [107], "excluded_lines": [], "start_line": 94}, "IConfigSigner.verify": {"executed_lines": [], "summary": {"covered_lines": 0, "num_statements": 1, "percent_covered": 0.0, "percent_covered_display": "0", "missing_lines": 1, "excluded_lines": 0, "percent_statements_covered": 0.0, "percent_statements_covered_display": "0"}, "missing_lines": [132], "excluded_lines": [], "start_line": 119}, "IConfigSigner.is_signature_required": {"executed_lines": [], "summary": {"covered_lines": 0, "num_statements": 1, "percent_covered": 0.0, "percent_covered_display": "0", "missing_lines": 1, "excluded_lines": 0, "percent_statements_covered": 0.0, "percent_statements_covered_display": "0"}, "missing_lines": [144], "excluded_lines": [], "start_line": 134}, "ISubprocessRunner.run": {"executed_lines": [], "summary": {"covered_lines": 0, "num_statements": 1, "percent_covered": 0.0, "percent_covered_display": "0", "missing_lines": 1, "excluded_lines": 0, "percent_statements_covered": 0.0, "percent_statements_covered_display": "0"}, "missing_lines": [172], "excluded_lines": [], "start_line": 157}, "IObserver.start": {"executed_lines": [189], "summary": {"covered_lines": 1, "num_statements": 1, "percent_covered": 100.0, "percent_covered_display": "100", "missing_lines": 0, "excluded_lines": 0, "percent_statements_covered": 100.0, "percent_statements_covered_display": "100"}, "missing_lines": [], "excluded_lines": [], "start_line": 189}, "IObserver.stop": {"executed_lines": [191], "summary": {"covered_lines": 1, "num_statements": 1, "percent_covered": 100.0, "percent_covered_display": "100", "missing_lines": 0, "excluded_lines": 0, "percent_statements_covered": 100.0, "percent_statement
[...]
 108, 109, 118, 120, 121, 122, 126, 130, 134], "summary": {"covered_lines": 14, "num_statements": 14, "percent_covered": 100.0, "percent_covered_display": "100", "missing_lines": 0, "excluded_lines": 0, "percent_statements_covered": 100.0, "percent_statements_covered_display": "100"}, "missing_lines": [], "excluded_lines": [], "start_line": 92}, "ComponentChecker": {"executed_lines": [151, 152, 153, 154, 155, 157, 166, 175, 177, 179, 187, 190, 194, 195, 196, 197, 198, 199, 200, 202, 203, 204, 205, 206, 213, 214, 215, 217, 222, 223, 224, 225, 226, 228, 234, 243, 250, 258, 259, 260, 262, 263, 270, 272, 273, 275, 276, 277, 278, 279, 283, 285, 286, 292], "summary": {"covered_lines": 54, "num_statements": 74, "percent_covered": 72.97297297297297, "percent_covered_display": "73", "missing_lines": 20, "excluded_lines": 0, "percent_statements_covered": 72.97297297297297, "percent_statements_covered_display": "73"}, "missing_lines": [180, 181, 182, 183, 184, 191, 208, 209, 210, 211, 218, 219, 220, 244, 248, 251, 256, 294, 295, 300], "excluded_lines": [], "start_line": 140}, "Watchdog": {"executed_lines": [336, 337, 338, 339, 341, 342, 343, 344, 347, 348, 349, 352, 353, 354, 356, 365, 370, 390, 397, 398, 399, 407, 409, 417, 419, 433, 434, 435, 440, 460, 464, 465, 467, 468, 470, 482, 483, 484, 485, 486, 492, 493, 494, 498, 519, 522, 523, 524, 528, 529, 530, 532, 533, 537, 538, 541, 544, 546, 547, 548, 553, 557, 559, 560, 561, 567, 575, 581, 591, 599, 600, 601, 606, 617, 626, 627, 628, 629, 630, 632, 644, 645, 646, 648, 649, 661, 662, 675, 679, 683, 687, 691, 692, 694, 697, 702, 706, 709, 711, 712, 713, 714, 716, 719, 728, 732, 755, 756, 757, 759, 780], "summary": {"covered_lines": 111, "num_statements": 142, "percent_covered": 78.16901408450704, "percent_covered_display": "78", "missing_lines": 31, "excluded_lines": 5, "percent_statements_covered": 78.16901408450704, "percent_statements_covered_display": "78"}, "missing_lines": [391, 441, 443, 454, 455, 495, 496, 499, 509, 511, 512, 513, 514, 515, 525, 526, 549, 550, 551, 602, 603, 671, 688, 689, 707, 760, 767, 768, 782, 783, 784], "excluded_lines": [787, 788, 789, 790, 791], "start_line": 306}, "": {"executed_lines": [16, 18, 19, 20, 21, 22, 23, 24, 26, 29, 34, 35, 36, 37, 38, 44, 47, 50, 51, 52, 53, 56, 59, 60, 61, 62, 63, 66, 67, 70, 71, 72, 73, 76, 77, 80, 81, 82, 83, 84, 85, 86, 92, 95, 111, 124, 128, 132, 140, 143, 163, 164, 168, 236, 306, 329, 362, 363, 367, 368, 372, 426, 437, 462, 517, 555, 583, 619, 634, 651, 664, 673, 677, 681, 685, 704, 730, 742], "summary": {"covered_lines": 78, "num_statements": 78, "percent_covered": 100.0, "percent_covered_display": "100", "missing_lines": 0, "excluded_lines": 5, "percent_statements_covered": 100.0, "percent_statements_covered_display": "100"}, "missing_lines": [], "excluded_lines": [31, 32, 41, 42, 786], "start_line": 1}}}, "src\\cryptotechnolog\\data\\__init__.py": {"executed_lines": [4, 16], "summary": {"covered_lines": 2, "num_statements": 2, "percent_covered": 100.0, "percent_covered_display": "100", "missing_lines": 0, "excluded_lines": 0, "percent_statements_covered": 100.0, "percent_statements_covered_display": "100"}, "missing_lines": [], "excluded_lines": [], "functions": {"": {"executed_lines": [4, 16], "summary": {"covered_lines": 2, "num_statements": 2, "percent_covered": 100.0, "percent_covered_display": "100", "missing_lines": 0, "excluded_lines": 0, "percent_statements_covered": 100.0, "percent_statements_covered_display": "100"}, "missing_lines": [], "excluded_lines": [], "start_line": 1}}, "classes": {"": {"executed_lines": [4, 16], "summary": {"covered_lines": 2, "num_statements": 2, "percent_covered": 100.0, "percent_covered_display": "100", "missing_lines": 0, "excluded_lines": 0, "percent_statements_covered": 100.0, "percent_statements_covered_display": "100"}, "missing_lines": [], "excluded_lines": [], "start_line": 1}}}, "src\\cryptotechnolog\\data\\frame.py": {"executed_lines": [4, 6, 7, 8, 10, 11, 14, 15, 19, 33, 34, 35, 39, 40, 42, 43, 44, 45, 46, 47, 48, 49, 52, 55, 58, 71, 72, 73, 74, 75, 79, 100, 122, 136, 138, 140, 141, 142, 143, 146, 147, 148, 149, 152, 156, 170, 180, 181, 182, 183, 186, 187, 193, 209, 211, 213, 215, 217, 230, 231, 232, 241, 244, 260, 261, 263, 265, 267, 269, 270, 271, 272], "summary": {"covered_lines": 72, "num_statements": 83, "percent_covered": 86.74698795180723, "percent_covered_display": "87", "missing_lines": 11, "excluded_lines": 12, "percent_statements_covered": 86.74698795180723, "percent_statements_covered_display": "87"}, "missing_lines": [36, 53, 95, 96, 97, 116, 117, 118, 190, 216, 264], "excluded_lines": [276, 278, 279, 280, 281, 283, 284, 285, 288, 289, 290, 291], "functions": {"to_polars": {"executed_lines": [33, 34, 35, 39, 40, 42, 43, 44, 45, 46, 47, 48, 49, 52, 55], "summary": {"covered_lines": 15, "num_statements": 17, "percent_covered": 88.23529411764706, "percent_covered_display": "88", "missing_lines": 2, "excluded_lines": 0, "percent_statements_covered": 88.23529411764706, "percent_statements_covered_display": "88"}, "missing_lines": [36, 53], "excluded_lines": [], "start_line": 19}, "to_pandas": {"executed_lines": [71, 72, 73, 74, 75], "summary": {"covered_lines": 5, "num_statements": 5, "percent_covered": 100.0, "percent_covered_display": "100", "missing_lines": 0, "excluded_lines": 0, "percent_statements_covered": 100.0, "percent_statements_covered_display": "100"}, "missing_lines": [], "excluded_lines": [], "start_line": 58}, "read_csv": {"executed_lines": [], "summary": {"covered_lines": 0, "num_statements": 3, "percent_covered": 0.0, "percent_covered_display": "0", "missing_lines": 3, "excluded_lines": 0, "percent_statements_covered": 0.0, "percent_statements_covered_display": "0"}, "missing_lines": [95, 96, 97], "excluded_lines": [], "start_line": 79}, "read_parquet": {"executed_lines": [], "summary": {"covered_lines": 0, "num_statements": 3, "percent_covered": 0.0, "percent_covered_display": "0", "missing_lines": 3, "excluded_lines": 0, "percent_statements_covered": 0.0, "percent_statements_covered_display": "0"}, "missing_lines": [116, 117, 118], "excluded_lines": [], "start_line": 100}, "benchmark_conversion": {"executed_lines": [136, 138, 140, 141, 142, 143, 146, 147, 148, 149, 152], "summary": {"covered_lines": 11, "num_statements": 11, "percent_covered": 100.0, "percent_covered_display": "100", "missing_lines": 0, "excluded_lines": 0, "percent_statements_covered": 100.0, "percent_statements_covered_display": "100"}, "missing_lines": [], "excluded_lines": [], "start_line": 122}, "_convert_timeframe_for_polars": {"executed_lines": [170, 180, 181, 182, 183, 186, 187], "summary": {"covered_lines": 7, "num_statements": 8, "percent_covered": 87.5, "percent_covered_display": "88", "missing_lines": 1, "excluded_lines": 0, "percent_statements_covered": 87.5, "percent_statements_covered_display": "88"}, "missing_lines": [190], "excluded_lines": [], "start_line": 156}, "resample_ohlcv": {"executed_lines": [209, 211, 213, 215, 217, 230, 231, 232, 241], "summary": {"covered_lines": 9, "num_statements": 10, "percent_covered": 90.0, "percent_covered_display": "90", "missing_lines": 1, "excluded_lines": 0, "percent_statements_covered": 90.0, "percent_statements_covered_display": "90"}, "missing_lines": [216], "excluded_lines": [], "start_line": 193}, "calculate_returns": {"executed_lines": [260, 261, 263, 265, 267, 269, 270, 271, 272], "summary": {"covered_lines": 9, "num_statements": 10, "percent_covered": 90.0, "percent_covered_display": "90", "missing_lines": 1, "excluded_lines": 0, "percent_statements_covered": 90.0, "percent_statements_covered_display": "90"}, "missing_lines": [264], "excluded_lines": [], "start_line": 244}, "": {"executed_lines": [4, 6, 7, 8, 10, 11, 14, 15, 19, 58, 79, 100, 122, 156, 193, 244], "summary": {"covered_lines": 16, "num_statements": 16, "percent_covered": 100.0, "percent_covered_display": "100", "missing_lines": 0, "excluded_lines": 12, "percent_statements_covered": 100.0, "percent_statements_covered_display": "100"}, "missing_lines": [], "excluded_lines": [276, 278, 279, 280, 281, 283, 284, 285, 288, 289, 290, 291], "start_line": 1}}, "classes": {"": {"executed_lines": [4, 6, 7, 8, 10, 11, 14, 15, 19, 33, 34, 35, 39, 40, 42, 43, 44, 45, 46, 47, 48, 49, 52, 55, 58, 71, 72, 73, 74, 75, 79, 100, 122, 136, 138, 140, 141, 142, 143, 146, 147, 148, 149, 152, 156, 170, 180, 181, 182, 183, 186, 187, 193, 209, 211, 213, 215, 217, 230, 231, 232, 241, 244, 260, 261, 263, 265, 267, 269, 270, 271, 272], "summary": {"covered_lines": 72, "num_statements": 83, "percent_covered": 86.74698795180723, "percent_covered_display": "87", "missing_lines": 11, "excluded_lines": 12, "percent_statements_covered": 86.74698795180723, "percent_statements_covered_display": "87"}, "missing_lines": [36, 53, 95, 96, 97, 116, 117, 118, 190, 216, 264], "excluded_lines": [276, 278, 279, 280, 281, 283, 284, 285, 288, 289, 290, 291], "start_line": 1}}}, "src\\cryptotechnolog\\execution\\__init__.py": {"executed_lines": [], "summary": {"covered_lines": 0, "num_statements": 0, "percent_covered": 100.0, "percent_covered_display": "100", "missing_lines": 0, "excluded_lines": 0, "percent_statements_covered": 100.0, "percent_statements_covered_display": "100"}, "missing_lines": [], "excluded_lines": [], "functions": {"": {"executed_lines": [], "summary": {"covered_lines": 0, "num_statements": 0, "percent_covered": 100.0, "percent_covered_display": "100", "missing_lines": 0, "excluded_lines": 0, "percent_statements_covered": 100.0, "percent_statements_covered_display": "100"}, "missing_lines": [], "excluded_lines": [], "start_line": 1}}, "classes": {"": {"executed_lines": [], "summary": {"covered_lines": 0, "num_statements": 0, "percent_covered": 100.0, "percent_covered_display": "100", "missing_lines": 0, "excluded_lines": 0, "percent_statements_covered": 100.0, "percent_statements_covered_display": "100"}, "missing_lines": [], "excluded_lines": [], "start_line": 1}}}, "src\\cryptotechnolog\\intelligence\\__init__.py": {"executed_lines": [], "summary": {"covered_lines": 0, "num_statements": 0, "percent_covered": 100.0, "percent_covered_display": "100", "missing_lines": 0, "excluded_lines": 0, "percent_statements_covered": 100.0, "percent_statements_covered_display": "100"}, "missing_lines": [], "excluded_lines": [], "functions": {"": {"executed_lines": [], "summary": {"covered_lines": 0, "num_statements": 0, "percent_covered": 100.0, "percent_covered_display": "100", "missing_lines": 0, "excluded_lines": 0, "percent_statements_covered": 100.0, "percent_statements_covered_display": "100"}, "missing_lines": [], "excluded_lines": [], "start_line": 1}}, "classes": {"": {"executed_lines": [], "summary": {"covered_lines": 0, "num_statements": 0, "percent_covered": 100.0, "percent_covered_display": "100", "missing_lines": 0, "excluded_lines": 0, "percent_statements_covered": 100.0, "percent_statements_covered_display": "100"}, "missing_lines": [], "excluded_lines": [], "start_line": 1}}}, "src\\cryptotechnolog\\main.py": {"executed_lines": [4, 5, 7, 9, 12], "summary": {"covered_lines": 5, "num_statements": 19, "percent_covered": 26.31578947368421, "percent_covered_display": "26", "missing_lines": 14, "excluded_lines": 6, "percent_statements_covered": 26.31578947368421, "percent_statements_covered_display": "26"}, "missing_lines": [15, 18, 35, 37, 47, 50, 51, 52, 53, 54, 55, 56, 57, 59], "excluded_lines": [62, 63, 64, 65, 66, 67], "functions": {"main": {"executed_lines": [], "summary": {"covered_lines": 0, "num_statements": 14, "percent_covered": 0.0, "percent_covered_display": "0", "missing_lines": 14, "excluded_lines": 0, "percent_statements_covered": 0.0, "percent_statements_covered_display": "0"}, "missing_lines": [15, 18, 35, 37, 47, 50, 51, 52, 53, 54, 55, 56, 57, 59], "excluded_lines": [], "start_line": 12}, "": {"executed_lines": [4, 5, 7, 9, 12], "summary": {"covered_lines": 5, "num_statements": 5, "percent_covered": 100.0, "percent_covered_display": "100", "missing_lines": 0, "excluded_lines": 6, "percent_statements_covered": 100.0, "percent_statements_covered_display": "100"}, "missing_lines": [], "excluded_lines": [62, 63, 64, 65, 66, 67], "start_line": 1}}, "classes": {"": {"executed_lines": [4, 5, 7, 9, 12], "summary": {"covered_lines": 5, "num_statements": 19, "percent_covered": 26.31578947368421, "percent_covered_display": "26", "missing_lines": 14, "excluded_lines": 6, "percent_statements_covered": 26.31578947368421, "percent_statements_covered_display": "26"}, "missing_lines": [15, 18, 35, 37, 47, 50, 51, 52, 53, 54, 55, 56, 57, 59], "excluded_lines": [62, 63, 64, 65, 66, 67], "start_line": 1}}}, "src\\cryptotechnolog\\models\\__init__.py": {"executed_lines": [], "summary": {"covered_lines": 0, "num_statements": 0, "percent_covered": 100.0, "percent_covered_display": "100", "missing_lines": 0, "excluded_lines": 0, "percent_statements_covered": 100.0, "percent_statements_covered_display": "100"}, "missing_lines": [], "excluded_lines": [], "functions": {"": {"executed_lines": [], "summary": {"covered_lines": 0, "num_statements": 0, "percent_covered": 100.0, "percent_covered_display": "100", "missing_lines": 0, "excluded_lines": 0, "percent_statements_covered": 100.0, "percent_statements_covered_display": "100"}, "missing_lines": [], "excluded_lines": [], "start_line": 1}}, "classes": {"": {"executed_lines": [], "summary": {"covered_lines": 0, "num_statements": 0, "percent_covered": 100.0, "percent_covered_display": "100", "missing_lines": 0, "excluded_lines": 0, "percent_statements_covered": 100.0, "percent_statements_covered_display": "100"}, "missing_lines": [], "excluded_lines": [], "start_line": 1}}}, "src\\cryptotechnolog\\observability\\__init__.py": {"executed_lines": [], "summary": {"covered_lines": 0, "num_statements": 0, "percent_covered": 100.0, "percent_covered_display": "100", "missing_lines": 0, "excluded_lines": 0, "percent_statements_covered": 100.0, "percent_statements_covered_display": "100"}, "missing_lines": [], "excluded_lines": [], "functions": {"": {"executed_lines": [], "summary": {"covered_lines": 0, "num_statements": 0, "percent_covered": 100.0, "percent_covered_display": "100", "missing_lines": 0, "excluded_lines": 0, "percent_statements_covered": 100.0, "percent_statements_covered_display": "100"}, "missing_lines": [], "excluded_lines": [], "start_line": 1}}, "classes": {"": {"executed_lines": [], "summary": {"covered_lines": 0, "num_statements": 0, "percent_covered": 100.0, "percent_covered_display": "100", "missing_lines": 0, "excluded_lines": 0, "percent_statements_covered": 100.0, "percent_statements_covered_display": "100"}, "missing_lines": [], "excluded_lines": [], "start_line": 1}}}, "src\\cryptotechnolog\\risk\\__init__.py": {"executed_lines": [], "summary": {"covered_lines": 0, "num_statements": 0, "percent_covered": 100.0, "percent_covered_display": "100", "missing_lines": 0, "excluded_lines": 0, "percent_statements_covered": 100.0, "percent_statements_covered_display": "100"}, "missing_lines": [], "excluded_lines": [], "functions": {"": {"executed_lines": [], "summary": {"covered_lines": 0, "num_statements": 0, "percent_covered": 100.0, "percent_covered_display": "100", "missing_lines": 0, "excluded_lines": 0, "percent_statements_covered": 100.0, "percent_statements_covered_display": "100"}, "missing_lines": [], "excluded_lines": [], "start_line": 1}}, "classes": {"": {"executed_lines": [], "summary": {"covered_lines": 0, "num_statements": 0, "percent_covered": 100.0, "percent_covered_display": "100", "missing_lines": 0, "excluded_lines": 0, "percent_statements_covered": 100.0, "percent_statements_covered_display": "100"}, "missing_lines": [], "excluded_lines": [], "start_line": 1}}}, "src\\cryptotechnolog\\rust_bridge.py": {"executed_lines": [4, 7, 8, 17, 18, 21, 42, 43, 45, 46, 48, 49, 51, 63, 64, 65, 66, 68, 70, 86, 87, 88, 89, 91, 113, 115, 116, 118, 131, 133, 134, 138, 145, 152, 155, 162], "summary": {"covered_lines": 36, "num_statements": 42, "percent_covered": 85.71428571428571, "percent_covered_display": "86", "missing_lines": 6, "excluded_lines": 17, "percent_statements_covered": 85.71428571428571, "percent_statements_covered_display": "86"}, "missing_lines": [16, 146, 147, 149, 150, 151], "excluded_lines": [166, 168, 169, 172, 173, 176, 177, 178, 181, 182, 185, 186, 187, 188, 189, 190, 192], "functions": {"get_rust_version": {"executed_lines": [145, 152], "summary": {"covered_lines": 2, "num_statements": 7, "percent_covered": 28.571428571428573, "percent_covered_display": "29", "missing_lines": 5, "excluded_lines": 0, "percent_statements_covered": 28.571428571428573, "percent_statements_covered_display": "29"}, "missing_lines": [146, 147, 149, 150, 151], "excluded_lines": [], "start_line": 138}, "is_rust_available": {"executed_lines": [162], "summary": {"covered_lines": 1, "num_statements": 1, "percent_covered": 100.0, "percent_covered_display": "100", "missing_lines": 0, "excluded_lines": 0, "percent_statements_covered": 100.0, "percent_statements_covered_display": "100"}, "missing_lines": [], "excluded_lines": [], "start_line": 155}, "test_async": {"executed_lines": [], "summary": {"covered_lines": 0, "num_statements": 0, "percent_covered": 100.0, "percent_covered_display": "100", "missing_lines": 0, "excluded_lines": 5, "percent_statements_covered": 100.0, "percent_statements_covered_display": "100"}, "missing_lines": [], "excluded_lines": [186, 187, 188, 189, 190], "start_line": 185}, "": {"executed_lines": [4, 7, 8, 17, 18, 21, 42, 43, 45, 46, 48, 49, 51, 63, 64, 65, 66, 68, 70, 86, 87, 88, 89, 91, 113, 115, 116, 118, 131, 133, 134, 138, 155], "summary": {"covered_lines": 33, "num_statements": 34, "percent_covered": 97.05882352941177, "percent_covered_display": "97", "missing_lines": 1, "excluded_lines": 12, "percent_statements_covered": 97.05882352941177, "percent_statements_covered_display": "97"}, "missing_lines": [16], "excluded_lines": [166, 168, 169, 172, 173, 176, 177, 178, 181, 182, 185, 192], "start_line": 1}}, "classes": {"": {"executed_lines": [4, 7, 8, 17, 18, 21, 42, 43, 45, 46, 48, 49, 51, 63, 64, 65, 66, 68, 70, 86, 87, 88, 89, 91, 113, 115, 116, 118, 131, 133, 134, 138, 145, 152, 155, 162], "summary": {"covered_lines": 36, "num_statements": 42, "percent_covered": 85.71428571428571, "percent_covered_display": "86", "missing_lines": 6, "excluded_lines": 17, "percent_statements_covered": 85.71428571428571, "percent_statements_covered_display": "86"}, "missing_lines": [16, 146, 147, 149, 150, 151], "excluded_lines": [166, 168, 169, 172, 173, 176, 177, 178, 181, 182, 185, 186, 187, 188, 189, 190, 192], "start_line": 1}}}, "src\\cryptotechnolog\\strategy\\__init__.py": {"executed_lines": [], "summary": {"covered_lines": 0, "num_statements": 0, "percent_covered": 100.0, "percent_covered_display": "100", "missing_lines": 0, "excluded_lines": 0, "percent_statements_covered": 100.0, "percent_statements_covered_display": "100"}, "missing_lines": [], "excluded_lines": [], "functions": {"": {"executed_lines": [], "summary": {"covered_lines": 0, "num_statements": 0, "percent_covered": 100.0, "percent_covered_display": "100", "missing_lines": 0, "excluded_lines": 0, "percent_statements_covered": 100.0, "percent_statements_covered_display": "100"}, "missing_lines": [], "excluded_lines": [], "start_line": 1}}, "classes": {"": {"executed_lines": [], "summary": {"covered_lines": 0, "num_statements": 0, "percent_covered": 100.0, "percent_covered_display": "100", "missing_lines": 0, "excluded_lines": 0, "percent_statements_covered": 100.0, "percent_statements_covered_display": "100"}, "missing_lines": [], "excluded_lines": [], "start_line": 1}}}}, "totals": {"covered_lines": 4910, "num_statements": 6349, "percent_covered": 77.3350133879351, "percent_covered_display": "77", "missing_lines": 1439, "excluded_lines": 178, "percent_statements_covered": 77.3350133879351, "percent_statements_covered_display": "77"}}